<?xml version="1.0" encoding="UTF-8"?>
<TestRun id="c4c112cf-a18b-465e-9815-97096947b8ad" name="Administrator@KHAN 2011-12-09 17:57:08" runUser="KHAN\Administrator" xmlns="http://microsoft.com/schemas/VisualStudio/TeamTest/2010">
  <TestSettings name="Local" id="3f9343ec-71cd-41eb-8775-df45134009b0">
    <Description>These are default test settings for a local test run.</Description>
    <Deployment userDeploymentRoot="C:\Users\Administrator\documents\visual studio 11\Projects\FSpec\TestResults" useDefaultDeploymentRoot="false" enabled="false" runDeploymentRoot="Administrator_KHAN 2011-12-09 17_57_08">
      <DeploymentItem filename="C:\Users\Administrator\documents\visual studio 11\Projects\FSpec\FSpec\bin\Debug\FSpec.dll" />
    </Deployment>
    <Execution>
      <TestTypeSpecific />
      <AgentRule name="Execution Agents">
      </AgentRule>
    </Execution>
  </TestSettings>
  <Times creation="2011-12-09T17:57:08.1377040+01:00" queuing="2011-12-09T17:57:09.7700512+01:00" start="2011-12-09T17:57:09.9903680+01:00" finish="2011-12-09T17:57:11.1820816+01:00" />
  <ResultSummary outcome="Completed">
    <Counters total="14" executed="14" passed="14" error="0" failed="0" timeout="0" aborted="0" inconclusive="0" passedButRunAborted="0" notRunnable="0" notExecuted="0" disconnected="0" warning="0" completed="0" inProgress="0" pending="0" />
  </ResultSummary>
  <TestDefinitions>
    <UnitTest name="Test_Create_Description" storage="c:\users\administrator\documents\visual studio 11\projects\fspec\rspectests\bin\debug\rspectests.dll" id="469a65ef-14f5-0d10-f349-effc0fc87b4b">
      <Execution id="0854552c-8541-4273-896f-db6a9a7ef27f" />
      <TestMethod codeBase="C:/Users/Administrator/documents/visual studio 11/Projects/FSpec/RSpecTests/bin/Debug/RSpecTests.DLL" adapterTypeName="Microsoft.VisualStudio.TestTools.TestTypes.Unit.UnitTestAdapter, Microsoft.VisualStudio.QualityTools.Tips.UnitTest.Adapter, Version=11.0.0.0, Culture=neutral, PublicKeyToken=b03f5f7f11d50a3a" className="RSpecTests.UnitTest1, RSpecTests, Version=1.0.0.0, Culture=neutral, PublicKeyToken=null" name="Test_Create_Description" />
    </UnitTest>
    <UnitTest name="Test_Should_Be_Same_As" storage="c:\users\administrator\documents\visual studio 11\projects\fspec\rspectests\bin\debug\rspectests.dll" id="243cb67c-56f8-f429-da03-eef863a76d1d">
      <Execution id="466e2081-5e76-4ddf-957d-c6991b6ff789" />
      <TestMethod codeBase="C:/Users/Administrator/documents/visual studio 11/Projects/FSpec/RSpecTests/bin/Debug/RSpecTests.DLL" adapterTypeName="Microsoft.VisualStudio.TestTools.TestTypes.Unit.UnitTestAdapter, Microsoft.VisualStudio.QualityTools.Tips.UnitTest.Adapter, Version=11.0.0.0, Culture=neutral, PublicKeyToken=b03f5f7f11d50a3a" className="RSpecTests.ExtensionMethodTests, RSpecTests, Version=1.0.0.0, Culture=neutral, PublicKeyToken=null" name="Test_Should_Be_Same_As" />
    </UnitTest>
    <UnitTest name="Test_Null_Object_Should_Be_Null" storage="c:\users\administrator\documents\visual studio 11\projects\fspec\rspectests\bin\debug\rspectests.dll" id="26c82805-1588-9abf-2a35-af9df9a6e892">
      <Execution id="e5dac21f-8e41-4e90-8be8-6d81ff60e2da" />
      <TestMethod codeBase="C:/Users/Administrator/documents/visual studio 11/Projects/FSpec/RSpecTests/bin/Debug/RSpecTests.DLL" adapterTypeName="Microsoft.VisualStudio.TestTools.TestTypes.Unit.UnitTestAdapter, Microsoft.VisualStudio.QualityTools.Tips.UnitTest.Adapter, Version=11.0.0.0, Culture=neutral, PublicKeyToken=b03f5f7f11d50a3a" className="RSpecTests.ExtensionMethodTests, RSpecTests, Version=1.0.0.0, Culture=neutral, PublicKeyToken=null" name="Test_Null_Object_Should_Be_Null" />
    </UnitTest>
    <UnitTest name="Test_Newly_Created_Hashtable_Should_Be_Empty" storage="c:\users\administrator\documents\visual studio 11\projects\fspec\rspectests\bin\debug\rspectests.dll" id="5fdae88e-98a8-5eba-2046-b60a5aaefdfa">
      <Execution id="a6b432b0-2d6a-43ab-9279-6785db580b05" />
      <TestMethod codeBase="C:/Users/Administrator/documents/visual studio 11/Projects/FSpec/RSpecTests/bin/Debug/RSpecTests.DLL" adapterTypeName="Microsoft.VisualStudio.TestTools.TestTypes.Unit.UnitTestAdapter, Microsoft.VisualStudio.QualityTools.Tips.UnitTest.Adapter, Version=11.0.0.0, Culture=neutral, PublicKeyToken=b03f5f7f11d50a3a" className="RSpecTests.ExtensionMethodTests, RSpecTests, Version=1.0.0.0, Culture=neutral, PublicKeyToken=null" name="Test_Newly_Created_Hashtable_Should_Be_Empty" />
    </UnitTest>
    <UnitTest name="Test_Object_Should_Contain_Part_Of_Type_Name" storage="c:\users\administrator\documents\visual studio 11\projects\fspec\rspectests\bin\debug\rspectests.dll" id="8f82bdc3-cac2-9781-e4a0-55e570453282">
      <Execution id="610972ce-68d2-4573-9ee7-f14190029816" />
      <TestMethod codeBase="C:/Users/Administrator/documents/visual studio 11/Projects/FSpec/RSpecTests/bin/Debug/RSpecTests.DLL" adapterTypeName="Microsoft.VisualStudio.TestTools.TestTypes.Unit.UnitTestAdapter, Microsoft.VisualStudio.QualityTools.Tips.UnitTest.Adapter, Version=11.0.0.0, Culture=neutral, PublicKeyToken=b03f5f7f11d50a3a" className="RSpecTests.ExtensionMethodTests, RSpecTests, Version=1.0.0.0, Culture=neutral, PublicKeyToken=null" name="Test_Object_Should_Contain_Part_Of_Type_Name" />
    </UnitTest>
    <UnitTest name="Test_Newly_Created_SystemObject_Should_Be_Empty" storage="c:\users\administrator\documents\visual studio 11\projects\fspec\rspectests\bin\debug\rspectests.dll" id="aeb0b39a-762d-a13b-c502-11a3dcbeacd5">
      <Execution id="67f3315d-6a9e-447c-84d8-03529c538c66" />
      <TestMethod codeBase="C:/Users/Administrator/documents/visual studio 11/Projects/FSpec/RSpecTests/bin/Debug/RSpecTests.DLL" adapterTypeName="Microsoft.VisualStudio.TestTools.TestTypes.Unit.UnitTestAdapter, Microsoft.VisualStudio.QualityTools.Tips.UnitTest.Adapter, Version=11.0.0.0, Culture=neutral, PublicKeyToken=b03f5f7f11d50a3a" className="RSpecTests.ExtensionMethodTests, RSpecTests, Version=1.0.0.0, Culture=neutral, PublicKeyToken=null" name="Test_Newly_Created_SystemObject_Should_Be_Empty" />
    </UnitTest>
    <UnitTest name="Test_String_Should_Have_Same_Value" storage="c:\users\administrator\documents\visual studio 11\projects\fspec\rspectests\bin\debug\rspectests.dll" id="71668486-3367-180e-5cb1-fa0dbd6b4f75">
      <Execution id="7e7af19e-42a3-4084-8b52-74e76807b3ab" />
      <TestMethod codeBase="C:/Users/Administrator/documents/visual studio 11/Projects/FSpec/RSpecTests/bin/Debug/RSpecTests.DLL" adapterTypeName="Microsoft.VisualStudio.TestTools.TestTypes.Unit.UnitTestAdapter, Microsoft.VisualStudio.QualityTools.Tips.UnitTest.Adapter, Version=11.0.0.0, Culture=neutral, PublicKeyToken=b03f5f7f11d50a3a" className="RSpecTests.ExtensionMethodTests, RSpecTests, Version=1.0.0.0, Culture=neutral, PublicKeyToken=null" name="Test_String_Should_Have_Same_Value" />
    </UnitTest>
    <UnitTest name="Test_Object_Should_Not_Contain_Arbitrary_String" storage="c:\users\administrator\documents\visual studio 11\projects\fspec\rspectests\bin\debug\rspectests.dll" id="759ca9fa-f580-94f6-f437-889bca07e76a">
      <Execution id="5166a6f6-3904-492c-8f18-c0334e8d6824" />
      <TestMethod codeBase="C:/Users/Administrator/documents/visual studio 11/Projects/FSpec/RSpecTests/bin/Debug/RSpecTests.DLL" adapterTypeName="Microsoft.VisualStudio.TestTools.TestTypes.Unit.UnitTestAdapter, Microsoft.VisualStudio.QualityTools.Tips.UnitTest.Adapter, Version=11.0.0.0, Culture=neutral, PublicKeyToken=b03f5f7f11d50a3a" className="RSpecTests.ExtensionMethodTests, RSpecTests, Version=1.0.0.0, Culture=neutral, PublicKeyToken=null" name="Test_Object_Should_Not_Contain_Arbitrary_String" />
    </UnitTest>
    <UnitTest name="Test_Should_Equal" storage="c:\users\administrator\documents\visual studio 11\projects\fspec\rspectests\bin\debug\rspectests.dll" id="e88c4f6b-aafa-656f-6416-616440cabe1f">
      <Execution id="b6d1a47d-4dbe-46c5-b794-bef9f94ff157" />
      <TestMethod codeBase="C:/Users/Administrator/documents/visual studio 11/Projects/FSpec/RSpecTests/bin/Debug/RSpecTests.DLL" adapterTypeName="Microsoft.VisualStudio.TestTools.TestTypes.Unit.UnitTestAdapter, Microsoft.VisualStudio.QualityTools.Tips.UnitTest.Adapter, Version=11.0.0.0, Culture=neutral, PublicKeyToken=b03f5f7f11d50a3a" className="RSpecTests.ExtensionMethodTests, RSpecTests, Version=1.0.0.0, Culture=neutral, PublicKeyToken=null" name="Test_Should_Equal" />
    </UnitTest>
    <UnitTest name="Test_Should_Not_Be_Same_As" storage="c:\users\administrator\documents\visual studio 11\projects\fspec\rspectests\bin\debug\rspectests.dll" id="e7891a62-c931-869e-f5d9-d202648cbfb0">
      <Execution id="963a8f6f-2212-4da8-8076-9ac079f96c0f" />
      <TestMethod codeBase="C:/Users/Administrator/documents/visual studio 11/Projects/FSpec/RSpecTests/bin/Debug/RSpecTests.DLL" adapterTypeName="Microsoft.VisualStudio.TestTools.TestTypes.Unit.UnitTestAdapter, Microsoft.VisualStudio.QualityTools.Tips.UnitTest.Adapter, Version=11.0.0.0, Culture=neutral, PublicKeyToken=b03f5f7f11d50a3a" className="RSpecTests.ExtensionMethodTests, RSpecTests, Version=1.0.0.0, Culture=neutral, PublicKeyToken=null" name="Test_Should_Not_Be_Same_As" />
    </UnitTest>
    <UnitTest name="Test_Should_Not_Equal" storage="c:\users\administrator\documents\visual studio 11\projects\fspec\rspectests\bin\debug\rspectests.dll" id="3e244c26-eb92-5d6d-523e-ad1fc998f638">
      <Execution id="ef0cfafc-ef84-46a7-908d-3f8e4a29fc99" />
      <TestMethod codeBase="C:/Users/Administrator/documents/visual studio 11/Projects/FSpec/RSpecTests/bin/Debug/RSpecTests.DLL" adapterTypeName="Microsoft.VisualStudio.TestTools.TestTypes.Unit.UnitTestAdapter, Microsoft.VisualStudio.QualityTools.Tips.UnitTest.Adapter, Version=11.0.0.0, Culture=neutral, PublicKeyToken=b03f5f7f11d50a3a" className="RSpecTests.ExtensionMethodTests, RSpecTests, Version=1.0.0.0, Culture=neutral, PublicKeyToken=null" name="Test_Should_Not_Equal" />
    </UnitTest>
    <UnitTest name="Test_Call_Describe_Function" storage="c:\users\administrator\documents\visual studio 11\projects\fspec\rspectests\bin\debug\rspectests.dll" id="26c9aa54-b9e4-a381-68e4-c33eb62f1a3c">
      <Execution id="93da0c79-52ab-4a77-ba54-4424b3393eac" />
      <TestMethod codeBase="C:/Users/Administrator/documents/visual studio 11/Projects/FSpec/RSpecTests/bin/Debug/RSpecTests.DLL" adapterTypeName="Microsoft.VisualStudio.TestTools.TestTypes.Unit.UnitTestAdapter, Microsoft.VisualStudio.QualityTools.Tips.UnitTest.Adapter, Version=11.0.0.0, Culture=neutral, PublicKeyToken=b03f5f7f11d50a3a" className="RSpecTests.UnitTest1, RSpecTests, Version=1.0.0.0, Culture=neutral, PublicKeyToken=null" name="Test_Call_Describe_Function" />
    </UnitTest>
    <UnitTest name="Test_Objects_With_Default_ToString_Implementation_Should_Have_Same_Value" storage="c:\users\administrator\documents\visual studio 11\projects\fspec\rspectests\bin\debug\rspectests.dll" id="d1692feb-7127-d6f4-315d-7bedaad6dac5">
      <Execution id="b47b568f-f3e5-4c2b-aba9-c18122c54eb0" />
      <TestMethod codeBase="C:/Users/Administrator/documents/visual studio 11/Projects/FSpec/RSpecTests/bin/Debug/RSpecTests.DLL" adapterTypeName="Microsoft.VisualStudio.TestTools.TestTypes.Unit.UnitTestAdapter, Microsoft.VisualStudio.QualityTools.Tips.UnitTest.Adapter, Version=11.0.0.0, Culture=neutral, PublicKeyToken=b03f5f7f11d50a3a" className="RSpecTests.ExtensionMethodTests, RSpecTests, Version=1.0.0.0, Culture=neutral, PublicKeyToken=null" name="Test_Objects_With_Default_ToString_Implementation_Should_Have_Same_Value" />
    </UnitTest>
    <UnitTest name="Test_Not_Null_Object_Should_Not_Be_Null" storage="c:\users\administrator\documents\visual studio 11\projects\fspec\rspectests\bin\debug\rspectests.dll" id="e5915a06-ddfe-aae0-42db-11166798a209">
      <Execution id="c1ee6478-478d-4a1d-8e41-5ad3c1d2adcf" />
      <TestMethod codeBase="C:/Users/Administrator/documents/visual studio 11/Projects/FSpec/RSpecTests/bin/Debug/RSpecTests.DLL" adapterTypeName="Microsoft.VisualStudio.TestTools.TestTypes.Unit.UnitTestAdapter, Microsoft.VisualStudio.QualityTools.Tips.UnitTest.Adapter, Version=11.0.0.0, Culture=neutral, PublicKeyToken=b03f5f7f11d50a3a" className="RSpecTests.ExtensionMethodTests, RSpecTests, Version=1.0.0.0, Culture=neutral, PublicKeyToken=null" name="Test_Not_Null_Object_Should_Not_Be_Null" />
    </UnitTest>
  </TestDefinitions>
  <TestLists>
    <TestList name="Results Not in a List" id="8c84fa94-04c1-424b-9868-57a2d4851a1d" />
    <TestList name="All Loaded Results" id="19431567-8539-422a-85d7-44ee4e166bda" />
  </TestLists>
  <TestEntries>
    <TestEntry testId="e88c4f6b-aafa-656f-6416-616440cabe1f" executionId="b6d1a47d-4dbe-46c5-b794-bef9f94ff157" testListId="8c84fa94-04c1-424b-9868-57a2d4851a1d" />
    <TestEntry testId="3e244c26-eb92-5d6d-523e-ad1fc998f638" executionId="ef0cfafc-ef84-46a7-908d-3f8e4a29fc99" testListId="8c84fa94-04c1-424b-9868-57a2d4851a1d" />
    <TestEntry testId="243cb67c-56f8-f429-da03-eef863a76d1d" executionId="466e2081-5e76-4ddf-957d-c6991b6ff789" testListId="8c84fa94-04c1-424b-9868-57a2d4851a1d" />
    <TestEntry testId="e7891a62-c931-869e-f5d9-d202648cbfb0" executionId="963a8f6f-2212-4da8-8076-9ac079f96c0f" testListId="8c84fa94-04c1-424b-9868-57a2d4851a1d" />
    <TestEntry testId="8f82bdc3-cac2-9781-e4a0-55e570453282" executionId="610972ce-68d2-4573-9ee7-f14190029816" testListId="8c84fa94-04c1-424b-9868-57a2d4851a1d" />
    <TestEntry testId="759ca9fa-f580-94f6-f437-889bca07e76a" executionId="5166a6f6-3904-492c-8f18-c0334e8d6824" testListId="8c84fa94-04c1-424b-9868-57a2d4851a1d" />
    <TestEntry testId="d1692feb-7127-d6f4-315d-7bedaad6dac5" executionId="b47b568f-f3e5-4c2b-aba9-c18122c54eb0" testListId="8c84fa94-04c1-424b-9868-57a2d4851a1d" />
    <TestEntry testId="71668486-3367-180e-5cb1-fa0dbd6b4f75" executionId="7e7af19e-42a3-4084-8b52-74e76807b3ab" testListId="8c84fa94-04c1-424b-9868-57a2d4851a1d" />
    <TestEntry testId="26c82805-1588-9abf-2a35-af9df9a6e892" executionId="e5dac21f-8e41-4e90-8be8-6d81ff60e2da" testListId="8c84fa94-04c1-424b-9868-57a2d4851a1d" />
    <TestEntry testId="26c9aa54-b9e4-a381-68e4-c33eb62f1a3c" executionId="93da0c79-52ab-4a77-ba54-4424b3393eac" testListId="8c84fa94-04c1-424b-9868-57a2d4851a1d" />
    <TestEntry testId="469a65ef-14f5-0d10-f349-effc0fc87b4b" executionId="0854552c-8541-4273-896f-db6a9a7ef27f" testListId="8c84fa94-04c1-424b-9868-57a2d4851a1d" />
    <TestEntry testId="e5915a06-ddfe-aae0-42db-11166798a209" executionId="c1ee6478-478d-4a1d-8e41-5ad3c1d2adcf" testListId="8c84fa94-04c1-424b-9868-57a2d4851a1d" />
    <TestEntry testId="aeb0b39a-762d-a13b-c502-11a3dcbeacd5" executionId="67f3315d-6a9e-447c-84d8-03529c538c66" testListId="8c84fa94-04c1-424b-9868-57a2d4851a1d" />
    <TestEntry testId="5fdae88e-98a8-5eba-2046-b60a5aaefdfa" executionId="a6b432b0-2d6a-43ab-9279-6785db580b05" testListId="8c84fa94-04c1-424b-9868-57a2d4851a1d" />
  </TestEntries>
  <Results>
    <UnitTestResult executionId="b6d1a47d-4dbe-46c5-b794-bef9f94ff157" testId="e88c4f6b-aafa-656f-6416-616440cabe1f" testName="Test_Should_Equal" computerName="KHAN" duration="00:00:00.0233873" startTime="2011-12-09T17:57:10.1005264+01:00" endTime="2011-12-09T17:57:10.5511744+01:00" testType="13cdc9d9-ddb5-4fa4-a97d-d965ccfc6d4b" outcome="Passed" testListId="8c84fa94-04c1-424b-9868-57a2d4851a1d" relativeResultsDirectory="b6d1a47d-4dbe-46c5-b794-bef9f94ff157">
    </UnitTestResult>
    <UnitTestResult executionId="ef0cfafc-ef84-46a7-908d-3f8e4a29fc99" testId="3e244c26-eb92-5d6d-523e-ad1fc998f638" testName="Test_Should_Not_Equal" computerName="KHAN" duration="00:00:00.0004036" startTime="2011-12-09T17:57:10.5712032+01:00" endTime="2011-12-09T17:57:10.5812176+01:00" testType="13cdc9d9-ddb5-4fa4-a97d-d965ccfc6d4b" outcome="Passed" testListId="8c84fa94-04c1-424b-9868-57a2d4851a1d" relativeResultsDirectory="ef0cfafc-ef84-46a7-908d-3f8e4a29fc99">
    </UnitTestResult>
    <UnitTestResult executionId="466e2081-5e76-4ddf-957d-c6991b6ff789" testId="243cb67c-56f8-f429-da03-eef863a76d1d" testName="Test_Should_Be_Same_As" computerName="KHAN" duration="00:00:00.0017694" startTime="2011-12-09T17:57:10.6212752+01:00" endTime="2011-12-09T17:57:10.6312896+01:00" testType="13cdc9d9-ddb5-4fa4-a97d-d965ccfc6d4b" outcome="Passed" testListId="8c84fa94-04c1-424b-9868-57a2d4851a1d" relativeResultsDirectory="466e2081-5e76-4ddf-957d-c6991b6ff789">
    </UnitTestResult>
    <UnitTestResult executionId="963a8f6f-2212-4da8-8076-9ac079f96c0f" testId="e7891a62-c931-869e-f5d9-d202648cbfb0" testName="Test_Should_Not_Be_Same_As" computerName="KHAN" duration="00:00:00.0004201" startTime="2011-12-09T17:57:10.6413040+01:00" endTime="2011-12-09T17:57:10.6513184+01:00" testType="13cdc9d9-ddb5-4fa4-a97d-d965ccfc6d4b" outcome="Passed" testListId="8c84fa94-04c1-424b-9868-57a2d4851a1d" relativeResultsDirectory="963a8f6f-2212-4da8-8076-9ac079f96c0f">
    </UnitTestResult>
    <UnitTestResult executionId="610972ce-68d2-4573-9ee7-f14190029816" testId="8f82bdc3-cac2-9781-e4a0-55e570453282" testName="Test_Object_Should_Contain_Part_Of_Type_Name" computerName="KHAN" duration="00:00:00.0003665" startTime="2011-12-09T17:57:10.6613328+01:00" endTime="2011-12-09T17:57:10.6613328+01:00" testType="13cdc9d9-ddb5-4fa4-a97d-d965ccfc6d4b" outcome="Passed" testListId="8c84fa94-04c1-424b-9868-57a2d4851a1d" relativeResultsDirectory="610972ce-68d2-4573-9ee7-f14190029816">
    </UnitTestResult>
    <UnitTestResult executionId="5166a6f6-3904-492c-8f18-c0334e8d6824" testId="759ca9fa-f580-94f6-f437-889bca07e76a" testName="Test_Object_Should_Not_Contain_Arbitrary_String" computerName="KHAN" duration="00:00:00.0002586" startTime="2011-12-09T17:57:10.6813616+01:00" endTime="2011-12-09T17:57:10.6913760+01:00" testType="13cdc9d9-ddb5-4fa4-a97d-d965ccfc6d4b" outcome="Passed" testListId="8c84fa94-04c1-424b-9868-57a2d4851a1d" relativeResultsDirectory="5166a6f6-3904-492c-8f18-c0334e8d6824">
    </UnitTestResult>
    <UnitTestResult executionId="b47b568f-f3e5-4c2b-aba9-c18122c54eb0" testId="d1692feb-7127-d6f4-315d-7bedaad6dac5" testName="Test_Objects_With_Default_ToString_Implementation_Should_Have_Same_Value" computerName="KHAN" duration="00:00:00.0003902" startTime="2011-12-09T17:57:10.7013904+01:00" endTime="2011-12-09T17:57:10.7114048+01:00" testType="13cdc9d9-ddb5-4fa4-a97d-d965ccfc6d4b" outcome="Passed" testListId="8c84fa94-04c1-424b-9868-57a2d4851a1d" relativeResultsDirectory="b47b568f-f3e5-4c2b-aba9-c18122c54eb0">
    </UnitTestResult>
    <UnitTestResult executionId="7e7af19e-42a3-4084-8b52-74e76807b3ab" testId="71668486-3367-180e-5cb1-fa0dbd6b4f75" testName="Test_String_Should_Have_Same_Value" computerName="KHAN" duration="00:00:00.0002137" startTime="2011-12-09T17:57:10.7214192+01:00" endTime="2011-12-09T17:57:10.7314336+01:00" testType="13cdc9d9-ddb5-4fa4-a97d-d965ccfc6d4b" outcome="Passed" testListId="8c84fa94-04c1-424b-9868-57a2d4851a1d" relativeResultsDirectory="7e7af19e-42a3-4084-8b52-74e76807b3ab">
    </UnitTestResult>
    <UnitTestResult executionId="e5dac21f-8e41-4e90-8be8-6d81ff60e2da" testId="26c82805-1588-9abf-2a35-af9df9a6e892" testName="Test_Null_Object_Should_Be_Null" computerName="KHAN" duration="00:00:00.0286639" startTime="2011-12-09T17:57:10.7414480+01:00" endTime="2011-12-09T17:57:10.7815056+01:00" testType="13cdc9d9-ddb5-4fa4-a97d-d965ccfc6d4b" outcome="Passed" testListId="8c84fa94-04c1-424b-9868-57a2d4851a1d" relativeResultsDirectory="e5dac21f-8e41-4e90-8be8-6d81ff60e2da">
    </UnitTestResult>
    <UnitTestResult executionId="93da0c79-52ab-4a77-ba54-4424b3393eac" testId="26c9aa54-b9e4-a381-68e4-c33eb62f1a3c" testName="Test_Call_Describe_Function" computerName="KHAN" duration="00:00:00.0007246" startTime="2011-12-09T17:57:10.8015344+01:00" endTime="2011-12-09T17:57:10.8015344+01:00" testType="13cdc9d9-ddb5-4fa4-a97d-d965ccfc6d4b" outcome="Passed" testListId="8c84fa94-04c1-424b-9868-57a2d4851a1d" relativeResultsDirectory="93da0c79-52ab-4a77-ba54-4424b3393eac">
      <Output>
        <StdOut>test message for describe</StdOut>
      </Output>
    </UnitTestResult>
    <UnitTestResult executionId="0854552c-8541-4273-896f-db6a9a7ef27f" testId="469a65ef-14f5-0d10-f349-effc0fc87b4b" testName="Test_Create_Description" computerName="KHAN" duration="00:00:00.0006403" startTime="2011-12-09T17:57:10.8916640+01:00" endTime="2011-12-09T17:57:10.9016784+01:00" testType="13cdc9d9-ddb5-4fa4-a97d-d965ccfc6d4b" outcome="Passed" testListId="8c84fa94-04c1-424b-9868-57a2d4851a1d" relativeResultsDirectory="0854552c-8541-4273-896f-db6a9a7ef27f">
    </UnitTestResult>
    <UnitTestResult executionId="c1ee6478-478d-4a1d-8e41-5ad3c1d2adcf" testId="e5915a06-ddfe-aae0-42db-11166798a209" testName="Test_Not_Null_Object_Should_Not_Be_Null" computerName="KHAN" duration="00:00:00.0004634" startTime="2011-12-09T17:57:10.9217072+01:00" endTime="2011-12-09T17:57:10.9317216+01:00" testType="13cdc9d9-ddb5-4fa4-a97d-d965ccfc6d4b" outcome="Passed" testListId="8c84fa94-04c1-424b-9868-57a2d4851a1d" relativeResultsDirectory="c1ee6478-478d-4a1d-8e41-5ad3c1d2adcf">
    </UnitTestResult>
    <UnitTestResult executionId="67f3315d-6a9e-447c-84d8-03529c538c66" testId="aeb0b39a-762d-a13b-c502-11a3dcbeacd5" testName="Test_Newly_Created_SystemObject_Should_Be_Empty" computerName="KHAN" duration="00:00:00.0006341" startTime="2011-12-09T17:57:10.9417360+01:00" endTime="2011-12-09T17:57:10.9517504+01:00" testType="13cdc9d9-ddb5-4fa4-a97d-d965ccfc6d4b" outcome="Passed" testListId="8c84fa94-04c1-424b-9868-57a2d4851a1d" relativeResultsDirectory="67f3315d-6a9e-447c-84d8-03529c538c66">
    </UnitTestResult>
    <UnitTestResult executionId="a6b432b0-2d6a-43ab-9279-6785db580b05" testId="5fdae88e-98a8-5eba-2046-b60a5aaefdfa" testName="Test_Newly_Created_Hashtable_Should_Be_Empty" computerName="KHAN" duration="00:00:00.0002718" startTime="2011-12-09T17:57:10.9717792+01:00" endTime="2011-12-09T17:57:10.9817936+01:00" testType="13cdc9d9-ddb5-4fa4-a97d-d965ccfc6d4b" outcome="Passed" testListId="8c84fa94-04c1-424b-9868-57a2d4851a1d" relativeResultsDirectory="a6b432b0-2d6a-43ab-9279-6785db580b05">
    </UnitTestResult>
  </Results>
</TestRun>