<?xml version="1.0" encoding="UTF-8"?>
<TestRun id="a0c47c07-60fe-4a31-9577-25a3e8f30079" name="Administrator@KHAN 2011-12-09 19:03:17" runUser="KHAN\Administrator" xmlns="http://microsoft.com/schemas/VisualStudio/TeamTest/2010">
  <TestSettings name="Local" id="3f9343ec-71cd-41eb-8775-df45134009b0">
    <Description>These are default test settings for a local test run.</Description>
    <Deployment enabled="false" runDeploymentRoot="Administrator_KHAN 2011-12-09 19_03_17">
      <DeploymentItem filename="c:\users\administrator\documents\visual studio 11\Projects\FSpec\FSpec\bin\Debug\FSpec.dll" />
    </Deployment>
    <Execution>
      <TestTypeSpecific />
      <AgentRule name="Execution Agents">
      </AgentRule>
    </Execution>
  </TestSettings>
  <Times creation="2011-12-09T19:03:17.3265184+05:00" queuing="2011-12-09T19:03:19.3319152+05:00" start="2011-12-09T19:03:19.5626512+05:00" finish="2011-12-09T19:03:31.0964416+05:00" />
  <ResultSummary outcome="Error">
    <Counters total="10" executed="10" passed="9" error="0" failed="0" timeout="0" aborted="1" inconclusive="0" passedButRunAborted="0" notRunnable="0" notExecuted="0" disconnected="0" warning="0" completed="0" inProgress="0" pending="0" />
    <RunInfos>
      <RunInfo computerName="KHAN" outcome="Error" timestamp="2011-12-09T19:03:31.0944352+05:00">
        <Text>Test host process exited unexpectedly.</Text>
      </RunInfo>
    </RunInfos>
  </ResultSummary>
  <TestDefinitions>
    <UnitTest name="Test_Create_Description" storage="c:\users\administrator\documents\visual studio 11\projects\fspec\rspectests\bin\debug\rspectests.dll" id="469a65ef-14f5-0d10-f349-effc0fc87b4b">
      <Execution id="e691ba9a-5bbb-42a5-b807-87b93d50c9f7" />
      <TestMethod codeBase="c:/users/administrator/documents/visual studio 11/Projects/FSpec/RSpecTests/bin/Debug/RSpecTests.DLL" adapterTypeName="Microsoft.VisualStudio.TestTools.TestTypes.Unit.UnitTestAdapter, Microsoft.VisualStudio.QualityTools.Tips.UnitTest.Adapter, Version=11.0.0.0, Culture=neutral, PublicKeyToken=b03f5f7f11d50a3a" className="RSpecTests.UnitTest1, RSpecTests, Version=1.0.0.0, Culture=neutral, PublicKeyToken=null" name="Test_Create_Description" />
    </UnitTest>
    <UnitTest name="Test_Should_Not_Be_Same_As" storage="c:\users\administrator\documents\visual studio 11\projects\fspec\rspectests\bin\debug\rspectests.dll" id="e7891a62-c931-869e-f5d9-d202648cbfb0">
      <Execution id="cdb55971-d666-4a53-9095-06bd522d2188" />
      <TestMethod codeBase="c:/users/administrator/documents/visual studio 11/Projects/FSpec/RSpecTests/bin/Debug/RSpecTests.DLL" adapterTypeName="Microsoft.VisualStudio.TestTools.TestTypes.Unit.UnitTestAdapter, Microsoft.VisualStudio.QualityTools.Tips.UnitTest.Adapter, Version=11.0.0.0, Culture=neutral, PublicKeyToken=b03f5f7f11d50a3a" className="RSpecTests.ExtensionMethodTests, RSpecTests, Version=1.0.0.0, Culture=neutral, PublicKeyToken=null" name="Test_Should_Not_Be_Same_As" />
    </UnitTest>
    <UnitTest name="Test_Object_Should_Not_Contain_Arbitrary_String" storage="c:\users\administrator\documents\visual studio 11\projects\fspec\rspectests\bin\debug\rspectests.dll" id="759ca9fa-f580-94f6-f437-889bca07e76a">
      <Execution id="96fbc426-b45b-4cc5-b88e-a099c5833b26" />
      <TestMethod codeBase="c:/users/administrator/documents/visual studio 11/Projects/FSpec/RSpecTests/bin/Debug/RSpecTests.DLL" adapterTypeName="Microsoft.VisualStudio.TestTools.TestTypes.Unit.UnitTestAdapter, Microsoft.VisualStudio.QualityTools.Tips.UnitTest.Adapter, Version=11.0.0.0, Culture=neutral, PublicKeyToken=b03f5f7f11d50a3a" className="RSpecTests.ExtensionMethodTests, RSpecTests, Version=1.0.0.0, Culture=neutral, PublicKeyToken=null" name="Test_Object_Should_Not_Contain_Arbitrary_String" />
    </UnitTest>
    <UnitTest name="Test_Should_Not_Equal" storage="c:\users\administrator\documents\visual studio 11\projects\fspec\rspectests\bin\debug\rspectests.dll" id="3e244c26-eb92-5d6d-523e-ad1fc998f638">
      <Execution id="2db86a3f-6486-4c50-95a7-5a4d2356d1f8" />
      <TestMethod codeBase="c:/users/administrator/documents/visual studio 11/Projects/FSpec/RSpecTests/bin/Debug/RSpecTests.DLL" adapterTypeName="Microsoft.VisualStudio.TestTools.TestTypes.Unit.UnitTestAdapter, Microsoft.VisualStudio.QualityTools.Tips.UnitTest.Adapter, Version=11.0.0.0, Culture=neutral, PublicKeyToken=b03f5f7f11d50a3a" className="RSpecTests.ExtensionMethodTests, RSpecTests, Version=1.0.0.0, Culture=neutral, PublicKeyToken=null" name="Test_Should_Not_Equal" />
    </UnitTest>
    <UnitTest name="Test_Object_Should_Contain_Part_Of_Type_Name" storage="c:\users\administrator\documents\visual studio 11\projects\fspec\rspectests\bin\debug\rspectests.dll" id="8f82bdc3-cac2-9781-e4a0-55e570453282">
      <Execution id="de09ed96-8f23-4083-88be-15b787b9c833" />
      <TestMethod codeBase="c:/users/administrator/documents/visual studio 11/Projects/FSpec/RSpecTests/bin/Debug/RSpecTests.DLL" adapterTypeName="Microsoft.VisualStudio.TestTools.TestTypes.Unit.UnitTestAdapter, Microsoft.VisualStudio.QualityTools.Tips.UnitTest.Adapter, Version=11.0.0.0, Culture=neutral, PublicKeyToken=b03f5f7f11d50a3a" className="RSpecTests.ExtensionMethodTests, RSpecTests, Version=1.0.0.0, Culture=neutral, PublicKeyToken=null" name="Test_Object_Should_Contain_Part_Of_Type_Name" />
    </UnitTest>
    <UnitTest name="Test_Objects_With_Default_ToString_Implementation_Should_Have_Same_Value" storage="c:\users\administrator\documents\visual studio 11\projects\fspec\rspectests\bin\debug\rspectests.dll" id="d1692feb-7127-d6f4-315d-7bedaad6dac5">
      <Execution id="54d891df-4e77-417c-a322-9bb2e1c114f2" />
      <TestMethod codeBase="c:/users/administrator/documents/visual studio 11/Projects/FSpec/RSpecTests/bin/Debug/RSpecTests.DLL" adapterTypeName="Microsoft.VisualStudio.TestTools.TestTypes.Unit.UnitTestAdapter, Microsoft.VisualStudio.QualityTools.Tips.UnitTest.Adapter, Version=11.0.0.0, Culture=neutral, PublicKeyToken=b03f5f7f11d50a3a" className="RSpecTests.ExtensionMethodTests, RSpecTests, Version=1.0.0.0, Culture=neutral, PublicKeyToken=null" name="Test_Objects_With_Default_ToString_Implementation_Should_Have_Same_Value" />
    </UnitTest>
    <UnitTest name="Test_Objects_With_Default_ToString_Implementation_Should_Have_Same_Value1" storage="c:\users\administrator\documents\visual studio 11\projects\fspec\rspectests\bin\debug\rspectests.dll" id="ffc5b8e4-0762-7ea8-96dd-9d840b3bd418">
      <Execution id="c52f59c3-f10f-471d-8d8e-389fcb2cac4d" />
      <TestMethod codeBase="c:/users/administrator/documents/visual studio 11/Projects/FSpec/RSpecTests/bin/Debug/RSpecTests.DLL" adapterTypeName="Microsoft.VisualStudio.TestTools.TestTypes.Unit.UnitTestAdapter, Microsoft.VisualStudio.QualityTools.Tips.UnitTest.Adapter, Version=11.0.0.0, Culture=neutral, PublicKeyToken=b03f5f7f11d50a3a" className="RSpecTests.ExtensionMethodTests, RSpecTests, Version=1.0.0.0, Culture=neutral, PublicKeyToken=null" name="Test_Objects_With_Default_ToString_Implementation_Should_Have_Same_Value1" />
    </UnitTest>
    <UnitTest name="Test_Should_Be_Same_As" storage="c:\users\administrator\documents\visual studio 11\projects\fspec\rspectests\bin\debug\rspectests.dll" id="243cb67c-56f8-f429-da03-eef863a76d1d">
      <Execution id="792c9cc8-8cee-4062-8cb6-351d3c28db06" />
      <TestMethod codeBase="c:/users/administrator/documents/visual studio 11/Projects/FSpec/RSpecTests/bin/Debug/RSpecTests.DLL" adapterTypeName="Microsoft.VisualStudio.TestTools.TestTypes.Unit.UnitTestAdapter, Microsoft.VisualStudio.QualityTools.Tips.UnitTest.Adapter, Version=11.0.0.0, Culture=neutral, PublicKeyToken=b03f5f7f11d50a3a" className="RSpecTests.ExtensionMethodTests, RSpecTests, Version=1.0.0.0, Culture=neutral, PublicKeyToken=null" name="Test_Should_Be_Same_As" />
    </UnitTest>
    <UnitTest name="Test_Call_Describe_Function" storage="c:\users\administrator\documents\visual studio 11\projects\fspec\rspectests\bin\debug\rspectests.dll" id="26c9aa54-b9e4-a381-68e4-c33eb62f1a3c">
      <Execution id="fd8565f4-283f-4b17-8c0e-1cb56b21098c" />
      <TestMethod codeBase="c:/users/administrator/documents/visual studio 11/Projects/FSpec/RSpecTests/bin/Debug/RSpecTests.DLL" adapterTypeName="Microsoft.VisualStudio.TestTools.TestTypes.Unit.UnitTestAdapter, Microsoft.VisualStudio.QualityTools.Tips.UnitTest.Adapter, Version=11.0.0.0, Culture=neutral, PublicKeyToken=b03f5f7f11d50a3a" className="RSpecTests.UnitTest1, RSpecTests, Version=1.0.0.0, Culture=neutral, PublicKeyToken=null" name="Test_Call_Describe_Function" />
    </UnitTest>
    <UnitTest name="Test_Should_Equal" storage="c:\users\administrator\documents\visual studio 11\projects\fspec\rspectests\bin\debug\rspectests.dll" id="e88c4f6b-aafa-656f-6416-616440cabe1f">
      <Execution id="fe5b3639-6d84-4423-a6d4-7a465e3d4b75" />
      <TestMethod codeBase="c:/users/administrator/documents/visual studio 11/Projects/FSpec/RSpecTests/bin/Debug/RSpecTests.DLL" adapterTypeName="Microsoft.VisualStudio.TestTools.TestTypes.Unit.UnitTestAdapter, Microsoft.VisualStudio.QualityTools.Tips.UnitTest.Adapter, Version=11.0.0.0, Culture=neutral, PublicKeyToken=b03f5f7f11d50a3a" className="RSpecTests.ExtensionMethodTests, RSpecTests, Version=1.0.0.0, Culture=neutral, PublicKeyToken=null" name="Test_Should_Equal" />
    </UnitTest>
  </TestDefinitions>
  <TestLists>
    <TestList name="Results Not in a List" id="8c84fa94-04c1-424b-9868-57a2d4851a1d" />
    <TestList name="All Loaded Results" id="19431567-8539-422a-85d7-44ee4e166bda" />
  </TestLists>
  <TestEntries>
    <TestEntry testId="26c9aa54-b9e4-a381-68e4-c33eb62f1a3c" executionId="fd8565f4-283f-4b17-8c0e-1cb56b21098c" testListId="8c84fa94-04c1-424b-9868-57a2d4851a1d" />
    <TestEntry testId="469a65ef-14f5-0d10-f349-effc0fc87b4b" executionId="e691ba9a-5bbb-42a5-b807-87b93d50c9f7" testListId="8c84fa94-04c1-424b-9868-57a2d4851a1d" />
    <TestEntry testId="e88c4f6b-aafa-656f-6416-616440cabe1f" executionId="fe5b3639-6d84-4423-a6d4-7a465e3d4b75" testListId="8c84fa94-04c1-424b-9868-57a2d4851a1d" />
    <TestEntry testId="3e244c26-eb92-5d6d-523e-ad1fc998f638" executionId="2db86a3f-6486-4c50-95a7-5a4d2356d1f8" testListId="8c84fa94-04c1-424b-9868-57a2d4851a1d" />
    <TestEntry testId="243cb67c-56f8-f429-da03-eef863a76d1d" executionId="792c9cc8-8cee-4062-8cb6-351d3c28db06" testListId="8c84fa94-04c1-424b-9868-57a2d4851a1d" />
    <TestEntry testId="e7891a62-c931-869e-f5d9-d202648cbfb0" executionId="cdb55971-d666-4a53-9095-06bd522d2188" testListId="8c84fa94-04c1-424b-9868-57a2d4851a1d" />
    <TestEntry testId="8f82bdc3-cac2-9781-e4a0-55e570453282" executionId="de09ed96-8f23-4083-88be-15b787b9c833" testListId="8c84fa94-04c1-424b-9868-57a2d4851a1d" />
    <TestEntry testId="759ca9fa-f580-94f6-f437-889bca07e76a" executionId="96fbc426-b45b-4cc5-b88e-a099c5833b26" testListId="8c84fa94-04c1-424b-9868-57a2d4851a1d" />
    <TestEntry testId="d1692feb-7127-d6f4-315d-7bedaad6dac5" executionId="54d891df-4e77-417c-a322-9bb2e1c114f2" testListId="8c84fa94-04c1-424b-9868-57a2d4851a1d" />
    <TestEntry testId="ffc5b8e4-0762-7ea8-96dd-9d840b3bd418" executionId="c52f59c3-f10f-471d-8d8e-389fcb2cac4d" testListId="8c84fa94-04c1-424b-9868-57a2d4851a1d" />
  </TestEntries>
  <Results>
    <UnitTestResult executionId="fd8565f4-283f-4b17-8c0e-1cb56b21098c" testId="26c9aa54-b9e4-a381-68e4-c33eb62f1a3c" testName="Test_Call_Describe_Function" computerName="KHAN" duration="00:00:00.0209227" startTime="2011-12-09T19:03:19.7151376+05:00" endTime="2011-12-09T19:03:20.1304624+05:00" testType="13cdc9d9-ddb5-4fa4-a97d-d965ccfc6d4b" outcome="Passed" testListId="8c84fa94-04c1-424b-9868-57a2d4851a1d" relativeResultsDirectory="fd8565f4-283f-4b17-8c0e-1cb56b21098c">
      <Output>
        <StdOut>test message for describe</StdOut>
      </Output>
    </UnitTestResult>
    <UnitTestResult executionId="e691ba9a-5bbb-42a5-b807-87b93d50c9f7" testId="469a65ef-14f5-0d10-f349-effc0fc87b4b" testName="Test_Create_Description" computerName="KHAN" duration="00:00:00.0006207" startTime="2011-12-09T19:03:20.1515296+05:00" endTime="2011-12-09T19:03:20.1625648+05:00" testType="13cdc9d9-ddb5-4fa4-a97d-d965ccfc6d4b" outcome="Passed" testListId="8c84fa94-04c1-424b-9868-57a2d4851a1d" relativeResultsDirectory="e691ba9a-5bbb-42a5-b807-87b93d50c9f7">
    </UnitTestResult>
    <UnitTestResult executionId="fe5b3639-6d84-4423-a6d4-7a465e3d4b75" testId="e88c4f6b-aafa-656f-6416-616440cabe1f" testName="Test_Should_Equal" computerName="KHAN" duration="00:00:00.0006528" startTime="2011-12-09T19:03:20.3070256+05:00" endTime="2011-12-09T19:03:20.3150512+05:00" testType="13cdc9d9-ddb5-4fa4-a97d-d965ccfc6d4b" outcome="Passed" testListId="8c84fa94-04c1-424b-9868-57a2d4851a1d" relativeResultsDirectory="fe5b3639-6d84-4423-a6d4-7a465e3d4b75">
    </UnitTestResult>
    <UnitTestResult executionId="2db86a3f-6486-4c50-95a7-5a4d2356d1f8" testId="3e244c26-eb92-5d6d-523e-ad1fc998f638" testName="Test_Should_Not_Equal" computerName="KHAN" duration="00:00:00.0003466" startTime="2011-12-09T19:03:20.3300992+05:00" endTime="2011-12-09T19:03:20.3371216+05:00" testType="13cdc9d9-ddb5-4fa4-a97d-d965ccfc6d4b" outcome="Passed" testListId="8c84fa94-04c1-424b-9868-57a2d4851a1d" relativeResultsDirectory="2db86a3f-6486-4c50-95a7-5a4d2356d1f8">
    </UnitTestResult>
    <UnitTestResult executionId="792c9cc8-8cee-4062-8cb6-351d3c28db06" testId="243cb67c-56f8-f429-da03-eef863a76d1d" testName="Test_Should_Be_Same_As" computerName="KHAN" duration="00:00:00.0007067" startTime="2011-12-09T19:03:20.3501632+05:00" endTime="2011-12-09T19:03:20.3591920+05:00" testType="13cdc9d9-ddb5-4fa4-a97d-d965ccfc6d4b" outcome="Passed" testListId="8c84fa94-04c1-424b-9868-57a2d4851a1d" relativeResultsDirectory="792c9cc8-8cee-4062-8cb6-351d3c28db06">
    </UnitTestResult>
    <UnitTestResult executionId="cdb55971-d666-4a53-9095-06bd522d2188" testId="e7891a62-c931-869e-f5d9-d202648cbfb0" testName="Test_Should_Not_Be_Same_As" computerName="KHAN" duration="00:00:00.0005302" startTime="2011-12-09T19:03:20.3712304+05:00" endTime="2011-12-09T19:03:20.3802592+05:00" testType="13cdc9d9-ddb5-4fa4-a97d-d965ccfc6d4b" outcome="Passed" testListId="8c84fa94-04c1-424b-9868-57a2d4851a1d" relativeResultsDirectory="cdb55971-d666-4a53-9095-06bd522d2188">
    </UnitTestResult>
    <UnitTestResult executionId="de09ed96-8f23-4083-88be-15b787b9c833" testId="8f82bdc3-cac2-9781-e4a0-55e570453282" testName="Test_Object_Should_Contain_Part_Of_Type_Name" computerName="KHAN" duration="00:00:00.0005020" startTime="2011-12-09T19:03:20.3963104+05:00" endTime="2011-12-09T19:03:20.4043360+05:00" testType="13cdc9d9-ddb5-4fa4-a97d-d965ccfc6d4b" outcome="Passed" testListId="8c84fa94-04c1-424b-9868-57a2d4851a1d" relativeResultsDirectory="de09ed96-8f23-4083-88be-15b787b9c833">
    </UnitTestResult>
    <UnitTestResult executionId="96fbc426-b45b-4cc5-b88e-a099c5833b26" testId="759ca9fa-f580-94f6-f437-889bca07e76a" testName="Test_Object_Should_Not_Contain_Arbitrary_String" computerName="KHAN" duration="00:00:00.0003162" startTime="2011-12-09T19:03:20.4173776+05:00" endTime="2011-12-09T19:03:20.4254032+05:00" testType="13cdc9d9-ddb5-4fa4-a97d-d965ccfc6d4b" outcome="Passed" testListId="8c84fa94-04c1-424b-9868-57a2d4851a1d" relativeResultsDirectory="96fbc426-b45b-4cc5-b88e-a099c5833b26">
    </UnitTestResult>
    <UnitTestResult executionId="54d891df-4e77-417c-a322-9bb2e1c114f2" testId="d1692feb-7127-d6f4-315d-7bedaad6dac5" testName="Test_Objects_With_Default_ToString_Implementation_Should_Have_Same_Value" computerName="KHAN" duration="00:00:00.0003693" startTime="2011-12-09T19:03:20.4404512+05:00" endTime="2011-12-09T19:03:20.4484768+05:00" testType="13cdc9d9-ddb5-4fa4-a97d-d965ccfc6d4b" outcome="Passed" testListId="8c84fa94-04c1-424b-9868-57a2d4851a1d" relativeResultsDirectory="54d891df-4e77-417c-a322-9bb2e1c114f2">
    </UnitTestResult>
    <UnitTestResult executionId="c52f59c3-f10f-471d-8d8e-389fcb2cac4d" testId="ffc5b8e4-0762-7ea8-96dd-9d840b3bd418" testName="Test_Objects_With_Default_ToString_Implementation_Should_Have_Same_Value1" computerName="KHAN" duration="00:00:10.6349232" startTime="2011-12-09T19:03:20.4615184+05:00" endTime="2011-12-09T19:03:31.0964416+05:00" testType="13cdc9d9-ddb5-4fa4-a97d-d965ccfc6d4b" outcome="Aborted" testListId="8c84fa94-04c1-424b-9868-57a2d4851a1d" relativeResultsDirectory="c52f59c3-f10f-471d-8d8e-389fcb2cac4d">
    </UnitTestResult>
  </Results>
</TestRun>