<?xml version="1.0" encoding="UTF-8"?>
<TestRun id="f58cd2b0-e8d1-48dd-8d9b-f97efe99b3ad" name="Administrator@KHAN 2011-12-09 18:00:42" runUser="KHAN\Administrator" xmlns="http://microsoft.com/schemas/VisualStudio/TeamTest/2010">
  <TestSettings name="Local" id="3f9343ec-71cd-41eb-8775-df45134009b0">
    <Description>These are default test settings for a local test run.</Description>
    <Deployment enabled="false" runDeploymentRoot="Administrator_KHAN 2011-12-09 18_00_42">
      <DeploymentItem filename="C:\Users\Administrator\documents\visual studio 11\Projects\FSpec\FSpec\bin\Debug\FSpec.dll" />
    </Deployment>
    <Execution>
      <TestTypeSpecific />
      <AgentRule name="Execution Agents">
      </AgentRule>
    </Execution>
  </TestSettings>
  <Times creation="2011-12-09T18:00:42.0182720+01:00" queuing="2011-12-09T18:00:43.8008704+01:00" start="2011-12-09T18:00:44.0512304+01:00" finish="2011-12-09T18:01:13.3733936+01:00" />
  <ResultSummary outcome="Error">
    <Counters total="16" executed="16" passed="15" error="0" failed="0" timeout="0" aborted="1" inconclusive="0" passedButRunAborted="0" notRunnable="0" notExecuted="0" disconnected="0" warning="0" completed="0" inProgress="0" pending="0" />
    <RunInfos>
      <RunInfo computerName="KHAN" outcome="Error" timestamp="2011-12-09T18:01:13.3733936+01:00">
        <Text>Test host process exited unexpectedly.</Text>
      </RunInfo>
    </RunInfos>
  </ResultSummary>
  <TestDefinitions>
    <UnitTest name="Test_Create_Description" storage="c:\users\administrator\documents\visual studio 11\projects\fspec\rspectests\bin\debug\rspectests.dll" id="469a65ef-14f5-0d10-f349-effc0fc87b4b">
      <Execution id="c4995b0b-f754-476f-812a-3e10b402336c" />
      <TestMethod codeBase="C:/Users/Administrator/documents/visual studio 11/Projects/FSpec/RSpecTests/bin/Debug/RSpecTests.DLL" adapterTypeName="Microsoft.VisualStudio.TestTools.TestTypes.Unit.UnitTestAdapter, Microsoft.VisualStudio.QualityTools.Tips.UnitTest.Adapter, Version=11.0.0.0, Culture=neutral, PublicKeyToken=b03f5f7f11d50a3a" className="RSpecTests.UnitTest1, RSpecTests, Version=1.0.0.0, Culture=neutral, PublicKeyToken=null" name="Test_Create_Description" />
    </UnitTest>
    <UnitTest name="Test_Should_Be_Same_As" storage="c:\users\administrator\documents\visual studio 11\projects\fspec\rspectests\bin\debug\rspectests.dll" id="243cb67c-56f8-f429-da03-eef863a76d1d">
      <Execution id="c6a06e40-f7e8-455d-be6d-70666af652e6" />
      <TestMethod codeBase="C:/Users/Administrator/documents/visual studio 11/Projects/FSpec/RSpecTests/bin/Debug/RSpecTests.DLL" adapterTypeName="Microsoft.VisualStudio.TestTools.TestTypes.Unit.UnitTestAdapter, Microsoft.VisualStudio.QualityTools.Tips.UnitTest.Adapter, Version=11.0.0.0, Culture=neutral, PublicKeyToken=b03f5f7f11d50a3a" className="RSpecTests.ExtensionMethodTests, RSpecTests, Version=1.0.0.0, Culture=neutral, PublicKeyToken=null" name="Test_Should_Be_Same_As" />
    </UnitTest>
    <UnitTest name="Test_Newly_Created_System_Object_Should_Be_Empty" storage="c:\users\administrator\documents\visual studio 11\projects\fspec\rspectests\bin\debug\rspectests.dll" id="5620ef7e-a46a-ad52-5b6a-1762507d0769">
      <Execution id="a8994499-54c5-4a6f-99ff-cd9717834a31" />
      <TestMethod codeBase="C:/Users/Administrator/documents/visual studio 11/Projects/FSpec/RSpecTests/bin/Debug/RSpecTests.DLL" adapterTypeName="Microsoft.VisualStudio.TestTools.TestTypes.Unit.UnitTestAdapter, Microsoft.VisualStudio.QualityTools.Tips.UnitTest.Adapter, Version=11.0.0.0, Culture=neutral, PublicKeyToken=b03f5f7f11d50a3a" className="RSpecTests.ExtensionMethodTests, RSpecTests, Version=1.0.0.0, Culture=neutral, PublicKeyToken=null" name="Test_Newly_Created_System_Object_Should_Be_Empty" />
    </UnitTest>
    <UnitTest name="Test_Null_Object_Should_Be_Null" storage="c:\users\administrator\documents\visual studio 11\projects\fspec\rspectests\bin\debug\rspectests.dll" id="26c82805-1588-9abf-2a35-af9df9a6e892">
      <Execution id="9c634293-fe5f-4fa7-97eb-afd05f005127" />
      <TestMethod codeBase="C:/Users/Administrator/documents/visual studio 11/Projects/FSpec/RSpecTests/bin/Debug/RSpecTests.DLL" adapterTypeName="Microsoft.VisualStudio.TestTools.TestTypes.Unit.UnitTestAdapter, Microsoft.VisualStudio.QualityTools.Tips.UnitTest.Adapter, Version=11.0.0.0, Culture=neutral, PublicKeyToken=b03f5f7f11d50a3a" className="RSpecTests.ExtensionMethodTests, RSpecTests, Version=1.0.0.0, Culture=neutral, PublicKeyToken=null" name="Test_Null_Object_Should_Be_Null" />
    </UnitTest>
    <UnitTest name="Test_Newly_Created_Hashtable_Should_Be_Empty" storage="c:\users\administrator\documents\visual studio 11\projects\fspec\rspectests\bin\debug\rspectests.dll" id="5fdae88e-98a8-5eba-2046-b60a5aaefdfa">
      <Execution id="6ebb1f95-0920-4a0a-bc6b-f973fea6e837" />
      <TestMethod codeBase="C:/Users/Administrator/documents/visual studio 11/Projects/FSpec/RSpecTests/bin/Debug/RSpecTests.DLL" adapterTypeName="Microsoft.VisualStudio.TestTools.TestTypes.Unit.UnitTestAdapter, Microsoft.VisualStudio.QualityTools.Tips.UnitTest.Adapter, Version=11.0.0.0, Culture=neutral, PublicKeyToken=b03f5f7f11d50a3a" className="RSpecTests.ExtensionMethodTests, RSpecTests, Version=1.0.0.0, Culture=neutral, PublicKeyToken=null" name="Test_Newly_Created_Hashtable_Should_Be_Empty" />
    </UnitTest>
    <UnitTest name="Test_Object_Should_Contain_Part_Of_Type_Name" storage="c:\users\administrator\documents\visual studio 11\projects\fspec\rspectests\bin\debug\rspectests.dll" id="8f82bdc3-cac2-9781-e4a0-55e570453282">
      <Execution id="6b8ccd51-499b-4bdf-ae45-c1dd5419f719" />
      <TestMethod codeBase="C:/Users/Administrator/documents/visual studio 11/Projects/FSpec/RSpecTests/bin/Debug/RSpecTests.DLL" adapterTypeName="Microsoft.VisualStudio.TestTools.TestTypes.Unit.UnitTestAdapter, Microsoft.VisualStudio.QualityTools.Tips.UnitTest.Adapter, Version=11.0.0.0, Culture=neutral, PublicKeyToken=b03f5f7f11d50a3a" className="RSpecTests.ExtensionMethodTests, RSpecTests, Version=1.0.0.0, Culture=neutral, PublicKeyToken=null" name="Test_Object_Should_Contain_Part_Of_Type_Name" />
    </UnitTest>
    <UnitTest name="Test_String_Should_Have_Same_Value" storage="c:\users\administrator\documents\visual studio 11\projects\fspec\rspectests\bin\debug\rspectests.dll" id="71668486-3367-180e-5cb1-fa0dbd6b4f75">
      <Execution id="f5da115c-127f-4440-940e-35e6eac932e2" />
      <TestMethod codeBase="C:/Users/Administrator/documents/visual studio 11/Projects/FSpec/RSpecTests/bin/Debug/RSpecTests.DLL" adapterTypeName="Microsoft.VisualStudio.TestTools.TestTypes.Unit.UnitTestAdapter, Microsoft.VisualStudio.QualityTools.Tips.UnitTest.Adapter, Version=11.0.0.0, Culture=neutral, PublicKeyToken=b03f5f7f11d50a3a" className="RSpecTests.ExtensionMethodTests, RSpecTests, Version=1.0.0.0, Culture=neutral, PublicKeyToken=null" name="Test_String_Should_Have_Same_Value" />
    </UnitTest>
    <UnitTest name="Test_Object_Should_Not_Contain_Arbitrary_String" storage="c:\users\administrator\documents\visual studio 11\projects\fspec\rspectests\bin\debug\rspectests.dll" id="759ca9fa-f580-94f6-f437-889bca07e76a">
      <Execution id="8b314106-8dfe-486d-867b-458e268c46cc" />
      <TestMethod codeBase="C:/Users/Administrator/documents/visual studio 11/Projects/FSpec/RSpecTests/bin/Debug/RSpecTests.DLL" adapterTypeName="Microsoft.VisualStudio.TestTools.TestTypes.Unit.UnitTestAdapter, Microsoft.VisualStudio.QualityTools.Tips.UnitTest.Adapter, Version=11.0.0.0, Culture=neutral, PublicKeyToken=b03f5f7f11d50a3a" className="RSpecTests.ExtensionMethodTests, RSpecTests, Version=1.0.0.0, Culture=neutral, PublicKeyToken=null" name="Test_Object_Should_Not_Contain_Arbitrary_String" />
    </UnitTest>
    <UnitTest name="Test_Should_Equal" storage="c:\users\administrator\documents\visual studio 11\projects\fspec\rspectests\bin\debug\rspectests.dll" id="e88c4f6b-aafa-656f-6416-616440cabe1f">
      <Execution id="4df51e1b-76c6-460c-8f41-5aa59cd2d71f" />
      <TestMethod codeBase="C:/Users/Administrator/documents/visual studio 11/Projects/FSpec/RSpecTests/bin/Debug/RSpecTests.DLL" adapterTypeName="Microsoft.VisualStudio.TestTools.TestTypes.Unit.UnitTestAdapter, Microsoft.VisualStudio.QualityTools.Tips.UnitTest.Adapter, Version=11.0.0.0, Culture=neutral, PublicKeyToken=b03f5f7f11d50a3a" className="RSpecTests.ExtensionMethodTests, RSpecTests, Version=1.0.0.0, Culture=neutral, PublicKeyToken=null" name="Test_Should_Equal" />
    </UnitTest>
    <UnitTest name="Test_Should_Not_Be_Same_As" storage="c:\users\administrator\documents\visual studio 11\projects\fspec\rspectests\bin\debug\rspectests.dll" id="e7891a62-c931-869e-f5d9-d202648cbfb0">
      <Execution id="0ae36b6b-1bce-472c-917d-2c963d9d79c1" />
      <TestMethod codeBase="C:/Users/Administrator/documents/visual studio 11/Projects/FSpec/RSpecTests/bin/Debug/RSpecTests.DLL" adapterTypeName="Microsoft.VisualStudio.TestTools.TestTypes.Unit.UnitTestAdapter, Microsoft.VisualStudio.QualityTools.Tips.UnitTest.Adapter, Version=11.0.0.0, Culture=neutral, PublicKeyToken=b03f5f7f11d50a3a" className="RSpecTests.ExtensionMethodTests, RSpecTests, Version=1.0.0.0, Culture=neutral, PublicKeyToken=null" name="Test_Should_Not_Be_Same_As" />
    </UnitTest>
    <UnitTest name="Test_Should_Not_Equal" storage="c:\users\administrator\documents\visual studio 11\projects\fspec\rspectests\bin\debug\rspectests.dll" id="3e244c26-eb92-5d6d-523e-ad1fc998f638">
      <Execution id="a915c6e4-1bf4-4e0f-b207-9ea4218e947f" />
      <TestMethod codeBase="C:/Users/Administrator/documents/visual studio 11/Projects/FSpec/RSpecTests/bin/Debug/RSpecTests.DLL" adapterTypeName="Microsoft.VisualStudio.TestTools.TestTypes.Unit.UnitTestAdapter, Microsoft.VisualStudio.QualityTools.Tips.UnitTest.Adapter, Version=11.0.0.0, Culture=neutral, PublicKeyToken=b03f5f7f11d50a3a" className="RSpecTests.ExtensionMethodTests, RSpecTests, Version=1.0.0.0, Culture=neutral, PublicKeyToken=null" name="Test_Should_Not_Equal" />
    </UnitTest>
    <UnitTest name="Test_Call_Describe_Function" storage="c:\users\administrator\documents\visual studio 11\projects\fspec\rspectests\bin\debug\rspectests.dll" id="26c9aa54-b9e4-a381-68e4-c33eb62f1a3c">
      <Execution id="4c4adcbd-26af-4fb4-864c-23a92f2f7893" />
      <TestMethod codeBase="C:/Users/Administrator/documents/visual studio 11/Projects/FSpec/RSpecTests/bin/Debug/RSpecTests.DLL" adapterTypeName="Microsoft.VisualStudio.TestTools.TestTypes.Unit.UnitTestAdapter, Microsoft.VisualStudio.QualityTools.Tips.UnitTest.Adapter, Version=11.0.0.0, Culture=neutral, PublicKeyToken=b03f5f7f11d50a3a" className="RSpecTests.UnitTest1, RSpecTests, Version=1.0.0.0, Culture=neutral, PublicKeyToken=null" name="Test_Call_Describe_Function" />
    </UnitTest>
    <UnitTest name="Test_Objects_With_Default_ToString_Implementation_Should_Have_Same_Value" storage="c:\users\administrator\documents\visual studio 11\projects\fspec\rspectests\bin\debug\rspectests.dll" id="d1692feb-7127-d6f4-315d-7bedaad6dac5">
      <Execution id="fbed06a5-eb6b-4541-8483-f0edac84fdb0" />
      <TestMethod codeBase="C:/Users/Administrator/documents/visual studio 11/Projects/FSpec/RSpecTests/bin/Debug/RSpecTests.DLL" adapterTypeName="Microsoft.VisualStudio.TestTools.TestTypes.Unit.UnitTestAdapter, Microsoft.VisualStudio.QualityTools.Tips.UnitTest.Adapter, Version=11.0.0.0, Culture=neutral, PublicKeyToken=b03f5f7f11d50a3a" className="RSpecTests.ExtensionMethodTests, RSpecTests, Version=1.0.0.0, Culture=neutral, PublicKeyToken=null" name="Test_Objects_With_Default_ToString_Implementation_Should_Have_Same_Value" />
    </UnitTest>
    <UnitTest name="Test_Not_Null_Object_Should_Not_Be_Null" storage="c:\users\administrator\documents\visual studio 11\projects\fspec\rspectests\bin\debug\rspectests.dll" id="e5915a06-ddfe-aae0-42db-11166798a209">
      <Execution id="74b65469-6f97-484a-98df-982e8be648dc" />
      <TestMethod codeBase="C:/Users/Administrator/documents/visual studio 11/Projects/FSpec/RSpecTests/bin/Debug/RSpecTests.DLL" adapterTypeName="Microsoft.VisualStudio.TestTools.TestTypes.Unit.UnitTestAdapter, Microsoft.VisualStudio.QualityTools.Tips.UnitTest.Adapter, Version=11.0.0.0, Culture=neutral, PublicKeyToken=b03f5f7f11d50a3a" className="RSpecTests.ExtensionMethodTests, RSpecTests, Version=1.0.0.0, Culture=neutral, PublicKeyToken=null" name="Test_Not_Null_Object_Should_Not_Be_Null" />
    </UnitTest>
    <UnitTest name="Test_Newly_Created_Empty_String_Should_Be_Empty" storage="c:\users\administrator\documents\visual studio 11\projects\fspec\rspectests\bin\debug\rspectests.dll" id="4262f8c9-55c6-5505-ea50-583e638bd77f">
      <Execution id="6126c791-486f-456a-8a2d-64f13100f789" />
      <TestMethod codeBase="C:/Users/Administrator/documents/visual studio 11/Projects/FSpec/RSpecTests/bin/Debug/RSpecTests.DLL" adapterTypeName="Microsoft.VisualStudio.TestTools.TestTypes.Unit.UnitTestAdapter, Microsoft.VisualStudio.QualityTools.Tips.UnitTest.Adapter, Version=11.0.0.0, Culture=neutral, PublicKeyToken=b03f5f7f11d50a3a" className="RSpecTests.ExtensionMethodTests, RSpecTests, Version=1.0.0.0, Culture=neutral, PublicKeyToken=null" name="Test_Newly_Created_Empty_String_Should_Be_Empty" />
    </UnitTest>
    <UnitTest name="Test_String_With_Value_Should_Not_Be_Empty" storage="c:\users\administrator\documents\visual studio 11\projects\fspec\rspectests\bin\debug\rspectests.dll" id="39f4cdc7-64c2-62bc-f366-bb5ca857cff9">
      <Execution id="09bf51af-70b6-47f5-8b48-d3471ca7fbe2" />
      <TestMethod codeBase="C:/Users/Administrator/documents/visual studio 11/Projects/FSpec/RSpecTests/bin/Debug/RSpecTests.DLL" adapterTypeName="Microsoft.VisualStudio.TestTools.TestTypes.Unit.UnitTestAdapter, Microsoft.VisualStudio.QualityTools.Tips.UnitTest.Adapter, Version=11.0.0.0, Culture=neutral, PublicKeyToken=b03f5f7f11d50a3a" className="RSpecTests.ExtensionMethodTests, RSpecTests, Version=1.0.0.0, Culture=neutral, PublicKeyToken=null" name="Test_String_With_Value_Should_Not_Be_Empty" />
    </UnitTest>
  </TestDefinitions>
  <TestLists>
    <TestList name="Results Not in a List" id="8c84fa94-04c1-424b-9868-57a2d4851a1d" />
    <TestList name="All Loaded Results" id="19431567-8539-422a-85d7-44ee4e166bda" />
  </TestLists>
  <TestEntries>
    <TestEntry testId="e88c4f6b-aafa-656f-6416-616440cabe1f" executionId="4df51e1b-76c6-460c-8f41-5aa59cd2d71f" testListId="8c84fa94-04c1-424b-9868-57a2d4851a1d" />
    <TestEntry testId="3e244c26-eb92-5d6d-523e-ad1fc998f638" executionId="a915c6e4-1bf4-4e0f-b207-9ea4218e947f" testListId="8c84fa94-04c1-424b-9868-57a2d4851a1d" />
    <TestEntry testId="243cb67c-56f8-f429-da03-eef863a76d1d" executionId="c6a06e40-f7e8-455d-be6d-70666af652e6" testListId="8c84fa94-04c1-424b-9868-57a2d4851a1d" />
    <TestEntry testId="e7891a62-c931-869e-f5d9-d202648cbfb0" executionId="0ae36b6b-1bce-472c-917d-2c963d9d79c1" testListId="8c84fa94-04c1-424b-9868-57a2d4851a1d" />
    <TestEntry testId="8f82bdc3-cac2-9781-e4a0-55e570453282" executionId="6b8ccd51-499b-4bdf-ae45-c1dd5419f719" testListId="8c84fa94-04c1-424b-9868-57a2d4851a1d" />
    <TestEntry testId="759ca9fa-f580-94f6-f437-889bca07e76a" executionId="8b314106-8dfe-486d-867b-458e268c46cc" testListId="8c84fa94-04c1-424b-9868-57a2d4851a1d" />
    <TestEntry testId="d1692feb-7127-d6f4-315d-7bedaad6dac5" executionId="fbed06a5-eb6b-4541-8483-f0edac84fdb0" testListId="8c84fa94-04c1-424b-9868-57a2d4851a1d" />
    <TestEntry testId="71668486-3367-180e-5cb1-fa0dbd6b4f75" executionId="f5da115c-127f-4440-940e-35e6eac932e2" testListId="8c84fa94-04c1-424b-9868-57a2d4851a1d" />
    <TestEntry testId="26c82805-1588-9abf-2a35-af9df9a6e892" executionId="9c634293-fe5f-4fa7-97eb-afd05f005127" testListId="8c84fa94-04c1-424b-9868-57a2d4851a1d" />
    <TestEntry testId="26c9aa54-b9e4-a381-68e4-c33eb62f1a3c" executionId="4c4adcbd-26af-4fb4-864c-23a92f2f7893" testListId="8c84fa94-04c1-424b-9868-57a2d4851a1d" />
    <TestEntry testId="469a65ef-14f5-0d10-f349-effc0fc87b4b" executionId="c4995b0b-f754-476f-812a-3e10b402336c" testListId="8c84fa94-04c1-424b-9868-57a2d4851a1d" />
    <TestEntry testId="e5915a06-ddfe-aae0-42db-11166798a209" executionId="74b65469-6f97-484a-98df-982e8be648dc" testListId="8c84fa94-04c1-424b-9868-57a2d4851a1d" />
    <TestEntry testId="5fdae88e-98a8-5eba-2046-b60a5aaefdfa" executionId="6ebb1f95-0920-4a0a-bc6b-f973fea6e837" testListId="8c84fa94-04c1-424b-9868-57a2d4851a1d" />
    <TestEntry testId="5620ef7e-a46a-ad52-5b6a-1762507d0769" executionId="a8994499-54c5-4a6f-99ff-cd9717834a31" testListId="8c84fa94-04c1-424b-9868-57a2d4851a1d" />
    <TestEntry testId="4262f8c9-55c6-5505-ea50-583e638bd77f" executionId="6126c791-486f-456a-8a2d-64f13100f789" testListId="8c84fa94-04c1-424b-9868-57a2d4851a1d" />
    <TestEntry testId="39f4cdc7-64c2-62bc-f366-bb5ca857cff9" executionId="09bf51af-70b6-47f5-8b48-d3471ca7fbe2" testListId="8c84fa94-04c1-424b-9868-57a2d4851a1d" />
  </TestEntries>
  <Results>
    <UnitTestResult executionId="4df51e1b-76c6-460c-8f41-5aa59cd2d71f" testId="e88c4f6b-aafa-656f-6416-616440cabe1f" testName="Test_Should_Equal" computerName="KHAN" duration="00:00:00.0423369" startTime="2011-12-09T18:00:44.1413600+01:00" endTime="2011-12-09T18:00:44.5819936+01:00" testType="13cdc9d9-ddb5-4fa4-a97d-d965ccfc6d4b" outcome="Passed" testListId="8c84fa94-04c1-424b-9868-57a2d4851a1d" relativeResultsDirectory="4df51e1b-76c6-460c-8f41-5aa59cd2d71f">
    </UnitTestResult>
    <UnitTestResult executionId="a915c6e4-1bf4-4e0f-b207-9ea4218e947f" testId="3e244c26-eb92-5d6d-523e-ad1fc998f638" testName="Test_Should_Not_Equal" computerName="KHAN" duration="00:00:00.0003958" startTime="2011-12-09T18:00:44.6020224+01:00" endTime="2011-12-09T18:00:44.6120368+01:00" testType="13cdc9d9-ddb5-4fa4-a97d-d965ccfc6d4b" outcome="Passed" testListId="8c84fa94-04c1-424b-9868-57a2d4851a1d" relativeResultsDirectory="a915c6e4-1bf4-4e0f-b207-9ea4218e947f">
    </UnitTestResult>
    <UnitTestResult executionId="c6a06e40-f7e8-455d-be6d-70666af652e6" testId="243cb67c-56f8-f429-da03-eef863a76d1d" testName="Test_Should_Be_Same_As" computerName="KHAN" duration="00:00:00.0003623" startTime="2011-12-09T18:00:44.7422240+01:00" endTime="2011-12-09T18:00:44.7422240+01:00" testType="13cdc9d9-ddb5-4fa4-a97d-d965ccfc6d4b" outcome="Passed" testListId="8c84fa94-04c1-424b-9868-57a2d4851a1d" relativeResultsDirectory="c6a06e40-f7e8-455d-be6d-70666af652e6">
    </UnitTestResult>
    <UnitTestResult executionId="0ae36b6b-1bce-472c-917d-2c963d9d79c1" testId="e7891a62-c931-869e-f5d9-d202648cbfb0" testName="Test_Should_Not_Be_Same_As" computerName="KHAN" duration="00:00:00.0003779" startTime="2011-12-09T18:00:44.7622528+01:00" endTime="2011-12-09T18:00:44.7722672+01:00" testType="13cdc9d9-ddb5-4fa4-a97d-d965ccfc6d4b" outcome="Passed" testListId="8c84fa94-04c1-424b-9868-57a2d4851a1d" relativeResultsDirectory="0ae36b6b-1bce-472c-917d-2c963d9d79c1">
    </UnitTestResult>
    <UnitTestResult executionId="6b8ccd51-499b-4bdf-ae45-c1dd5419f719" testId="8f82bdc3-cac2-9781-e4a0-55e570453282" testName="Test_Object_Should_Contain_Part_Of_Type_Name" computerName="KHAN" duration="00:00:00.0003701" startTime="2011-12-09T18:00:44.7822816+01:00" endTime="2011-12-09T18:00:44.7922960+01:00" testType="13cdc9d9-ddb5-4fa4-a97d-d965ccfc6d4b" outcome="Passed" testListId="8c84fa94-04c1-424b-9868-57a2d4851a1d" relativeResultsDirectory="6b8ccd51-499b-4bdf-ae45-c1dd5419f719">
    </UnitTestResult>
    <UnitTestResult executionId="8b314106-8dfe-486d-867b-458e268c46cc" testId="759ca9fa-f580-94f6-f437-889bca07e76a" testName="Test_Object_Should_Not_Contain_Arbitrary_String" computerName="KHAN" duration="00:00:00.0002151" startTime="2011-12-09T18:00:44.8123248+01:00" endTime="2011-12-09T18:00:44.8223392+01:00" testType="13cdc9d9-ddb5-4fa4-a97d-d965ccfc6d4b" outcome="Passed" testListId="8c84fa94-04c1-424b-9868-57a2d4851a1d" relativeResultsDirectory="8b314106-8dfe-486d-867b-458e268c46cc">
    </UnitTestResult>
    <UnitTestResult executionId="fbed06a5-eb6b-4541-8483-f0edac84fdb0" testId="d1692feb-7127-d6f4-315d-7bedaad6dac5" testName="Test_Objects_With_Default_ToString_Implementation_Should_Have_Same_Value" computerName="KHAN" duration="00:00:00.0003684" startTime="2011-12-09T18:00:44.8323536+01:00" endTime="2011-12-09T18:00:44.8423680+01:00" testType="13cdc9d9-ddb5-4fa4-a97d-d965ccfc6d4b" outcome="Passed" testListId="8c84fa94-04c1-424b-9868-57a2d4851a1d" relativeResultsDirectory="fbed06a5-eb6b-4541-8483-f0edac84fdb0">
    </UnitTestResult>
    <UnitTestResult executionId="f5da115c-127f-4440-940e-35e6eac932e2" testId="71668486-3367-180e-5cb1-fa0dbd6b4f75" testName="Test_String_Should_Have_Same_Value" computerName="KHAN" duration="00:00:00.0002014" startTime="2011-12-09T18:00:44.8523824+01:00" endTime="2011-12-09T18:00:44.8623968+01:00" testType="13cdc9d9-ddb5-4fa4-a97d-d965ccfc6d4b" outcome="Passed" testListId="8c84fa94-04c1-424b-9868-57a2d4851a1d" relativeResultsDirectory="f5da115c-127f-4440-940e-35e6eac932e2">
    </UnitTestResult>
    <UnitTestResult executionId="9c634293-fe5f-4fa7-97eb-afd05f005127" testId="26c82805-1588-9abf-2a35-af9df9a6e892" testName="Test_Null_Object_Should_Be_Null" computerName="KHAN" duration="00:00:00.0283242" startTime="2011-12-09T18:00:44.8724112+01:00" endTime="2011-12-09T18:00:44.9124688+01:00" testType="13cdc9d9-ddb5-4fa4-a97d-d965ccfc6d4b" outcome="Passed" testListId="8c84fa94-04c1-424b-9868-57a2d4851a1d" relativeResultsDirectory="9c634293-fe5f-4fa7-97eb-afd05f005127">
    </UnitTestResult>
    <UnitTestResult executionId="4c4adcbd-26af-4fb4-864c-23a92f2f7893" testId="26c9aa54-b9e4-a381-68e4-c33eb62f1a3c" testName="Test_Call_Describe_Function" computerName="KHAN" duration="00:00:00.0006933" startTime="2011-12-09T18:00:44.9224832+01:00" endTime="2011-12-09T18:00:44.9324976+01:00" testType="13cdc9d9-ddb5-4fa4-a97d-d965ccfc6d4b" outcome="Passed" testListId="8c84fa94-04c1-424b-9868-57a2d4851a1d" relativeResultsDirectory="4c4adcbd-26af-4fb4-864c-23a92f2f7893">
      <Output>
        <StdOut>test message for describe</StdOut>
      </Output>
    </UnitTestResult>
    <UnitTestResult executionId="c4995b0b-f754-476f-812a-3e10b402336c" testId="469a65ef-14f5-0d10-f349-effc0fc87b4b" testName="Test_Create_Description" computerName="KHAN" duration="00:00:00.0006425" startTime="2011-12-09T18:00:44.9425120+01:00" endTime="2011-12-09T18:00:44.9525264+01:00" testType="13cdc9d9-ddb5-4fa4-a97d-d965ccfc6d4b" outcome="Passed" testListId="8c84fa94-04c1-424b-9868-57a2d4851a1d" relativeResultsDirectory="c4995b0b-f754-476f-812a-3e10b402336c">
    </UnitTestResult>
    <UnitTestResult executionId="74b65469-6f97-484a-98df-982e8be648dc" testId="e5915a06-ddfe-aae0-42db-11166798a209" testName="Test_Not_Null_Object_Should_Not_Be_Null" computerName="KHAN" duration="00:00:00.0003883" startTime="2011-12-09T18:00:44.9725552+01:00" endTime="2011-12-09T18:00:44.9725552+01:00" testType="13cdc9d9-ddb5-4fa4-a97d-d965ccfc6d4b" outcome="Passed" testListId="8c84fa94-04c1-424b-9868-57a2d4851a1d" relativeResultsDirectory="74b65469-6f97-484a-98df-982e8be648dc">
    </UnitTestResult>
    <UnitTestResult executionId="6ebb1f95-0920-4a0a-bc6b-f973fea6e837" testId="5fdae88e-98a8-5eba-2046-b60a5aaefdfa" testName="Test_Newly_Created_Hashtable_Should_Be_Empty" computerName="KHAN" duration="00:00:00.0007126" startTime="2011-12-09T18:00:44.9925840+01:00" endTime="2011-12-09T18:00:44.9925840+01:00" testType="13cdc9d9-ddb5-4fa4-a97d-d965ccfc6d4b" outcome="Passed" testListId="8c84fa94-04c1-424b-9868-57a2d4851a1d" relativeResultsDirectory="6ebb1f95-0920-4a0a-bc6b-f973fea6e837">
    </UnitTestResult>
    <UnitTestResult executionId="a8994499-54c5-4a6f-99ff-cd9717834a31" testId="5620ef7e-a46a-ad52-5b6a-1762507d0769" testName="Test_Newly_Created_System_Object_Should_Be_Empty" computerName="KHAN" duration="00:00:00.0002005" startTime="2011-12-09T18:00:45.0126128+01:00" endTime="2011-12-09T18:00:45.0226272+01:00" testType="13cdc9d9-ddb5-4fa4-a97d-d965ccfc6d4b" outcome="Passed" testListId="8c84fa94-04c1-424b-9868-57a2d4851a1d" relativeResultsDirectory="a8994499-54c5-4a6f-99ff-cd9717834a31">
    </UnitTestResult>
    <UnitTestResult executionId="6126c791-486f-456a-8a2d-64f13100f789" testId="4262f8c9-55c6-5505-ea50-583e638bd77f" testName="Test_Newly_Created_Empty_String_Should_Be_Empty" computerName="KHAN" duration="00:00:10.2813290" startTime="2011-12-09T18:00:45.0326416+01:00" endTime="2011-12-09T18:00:55.3274448+01:00" testType="13cdc9d9-ddb5-4fa4-a97d-d965ccfc6d4b" outcome="Passed" testListId="8c84fa94-04c1-424b-9868-57a2d4851a1d" relativeResultsDirectory="6126c791-486f-456a-8a2d-64f13100f789">
    </UnitTestResult>
    <UnitTestResult executionId="09bf51af-70b6-47f5-8b48-d3471ca7fbe2" testId="39f4cdc7-64c2-62bc-f366-bb5ca857cff9" testName="Test_String_With_Value_Should_Not_Be_Empty" computerName="KHAN" duration="00:00:18.0259200" startTime="2011-12-09T18:00:55.3474736+01:00" endTime="2011-12-09T18:01:13.3733936+01:00" testType="13cdc9d9-ddb5-4fa4-a97d-d965ccfc6d4b" outcome="Aborted" testListId="8c84fa94-04c1-424b-9868-57a2d4851a1d" relativeResultsDirectory="09bf51af-70b6-47f5-8b48-d3471ca7fbe2">
    </UnitTestResult>
  </Results>
</TestRun>