<?xml version="1.0" encoding="UTF-8"?>
<TestRun id="a5809b5b-ed98-443d-ae72-f012a483cf1a" name="Administrator@KHAN 2011-12-09 19:02:47" runUser="KHAN\Administrator" xmlns="http://microsoft.com/schemas/VisualStudio/TeamTest/2010">
  <TestSettings name="Local" id="3f9343ec-71cd-41eb-8775-df45134009b0">
    <Description>These are default test settings for a local test run.</Description>
    <Deployment enabled="false" runDeploymentRoot="Administrator_KHAN 2011-12-09 19_02_47">
      <DeploymentItem filename="c:\users\administrator\documents\visual studio 11\Projects\FSpec\FSpec\bin\Debug\FSpec.dll" />
    </Deployment>
    <Execution>
      <TestTypeSpecific />
      <AgentRule name="Execution Agents">
      </AgentRule>
    </Execution>
  </TestSettings>
  <Times creation="2011-12-09T19:02:47.7973264+05:00" queuing="2011-12-09T19:02:49.8398416+05:00" start="2011-12-09T19:02:50.1076960+05:00" finish="2011-12-09T19:03:09.4824976+05:00" />
  <ResultSummary outcome="Error">
    <Counters total="10" executed="10" passed="9" error="0" failed="0" timeout="0" aborted="1" inconclusive="0" passedButRunAborted="0" notRunnable="0" notExecuted="0" disconnected="0" warning="0" completed="0" inProgress="0" pending="0" />
    <RunInfos>
      <RunInfo computerName="KHAN" outcome="Error" timestamp="2011-12-09T19:03:09.4814944+05:00">
        <Text>Test host process exited unexpectedly.</Text>
      </RunInfo>
    </RunInfos>
  </ResultSummary>
  <TestDefinitions>
    <UnitTest name="Test_Create_Description" storage="c:\users\administrator\documents\visual studio 11\projects\fspec\rspectests\bin\debug\rspectests.dll" id="469a65ef-14f5-0d10-f349-effc0fc87b4b">
      <Execution id="d7bbefea-bdc2-47bb-985d-23508d666129" />
      <TestMethod codeBase="c:/users/administrator/documents/visual studio 11/Projects/FSpec/RSpecTests/bin/Debug/RSpecTests.DLL" adapterTypeName="Microsoft.VisualStudio.TestTools.TestTypes.Unit.UnitTestAdapter, Microsoft.VisualStudio.QualityTools.Tips.UnitTest.Adapter, Version=11.0.0.0, Culture=neutral, PublicKeyToken=b03f5f7f11d50a3a" className="RSpecTests.UnitTest1, RSpecTests, Version=1.0.0.0, Culture=neutral, PublicKeyToken=null" name="Test_Create_Description" />
    </UnitTest>
    <UnitTest name="Test_Should_Not_Be_Same_As" storage="c:\users\administrator\documents\visual studio 11\projects\fspec\rspectests\bin\debug\rspectests.dll" id="e7891a62-c931-869e-f5d9-d202648cbfb0">
      <Execution id="ab6c9a41-8d10-467e-a9b5-1e2741a94c56" />
      <TestMethod codeBase="c:/users/administrator/documents/visual studio 11/Projects/FSpec/RSpecTests/bin/Debug/RSpecTests.DLL" adapterTypeName="Microsoft.VisualStudio.TestTools.TestTypes.Unit.UnitTestAdapter, Microsoft.VisualStudio.QualityTools.Tips.UnitTest.Adapter, Version=11.0.0.0, Culture=neutral, PublicKeyToken=b03f5f7f11d50a3a" className="RSpecTests.ExtensionMethodTests, RSpecTests, Version=1.0.0.0, Culture=neutral, PublicKeyToken=null" name="Test_Should_Not_Be_Same_As" />
    </UnitTest>
    <UnitTest name="Test_Object_Should_Not_Contain_Arbitrary_String" storage="c:\users\administrator\documents\visual studio 11\projects\fspec\rspectests\bin\debug\rspectests.dll" id="759ca9fa-f580-94f6-f437-889bca07e76a">
      <Execution id="f3323918-7a9e-40bb-a8cf-3d17e45372fd" />
      <TestMethod codeBase="c:/users/administrator/documents/visual studio 11/Projects/FSpec/RSpecTests/bin/Debug/RSpecTests.DLL" adapterTypeName="Microsoft.VisualStudio.TestTools.TestTypes.Unit.UnitTestAdapter, Microsoft.VisualStudio.QualityTools.Tips.UnitTest.Adapter, Version=11.0.0.0, Culture=neutral, PublicKeyToken=b03f5f7f11d50a3a" className="RSpecTests.ExtensionMethodTests, RSpecTests, Version=1.0.0.0, Culture=neutral, PublicKeyToken=null" name="Test_Object_Should_Not_Contain_Arbitrary_String" />
    </UnitTest>
    <UnitTest name="Test_Should_Not_Equal" storage="c:\users\administrator\documents\visual studio 11\projects\fspec\rspectests\bin\debug\rspectests.dll" id="3e244c26-eb92-5d6d-523e-ad1fc998f638">
      <Execution id="4b31ed0a-7883-4958-bb7b-5dfd0ee80b33" />
      <TestMethod codeBase="c:/users/administrator/documents/visual studio 11/Projects/FSpec/RSpecTests/bin/Debug/RSpecTests.DLL" adapterTypeName="Microsoft.VisualStudio.TestTools.TestTypes.Unit.UnitTestAdapter, Microsoft.VisualStudio.QualityTools.Tips.UnitTest.Adapter, Version=11.0.0.0, Culture=neutral, PublicKeyToken=b03f5f7f11d50a3a" className="RSpecTests.ExtensionMethodTests, RSpecTests, Version=1.0.0.0, Culture=neutral, PublicKeyToken=null" name="Test_Should_Not_Equal" />
    </UnitTest>
    <UnitTest name="Test_Object_Should_Contain_Part_Of_Type_Name" storage="c:\users\administrator\documents\visual studio 11\projects\fspec\rspectests\bin\debug\rspectests.dll" id="8f82bdc3-cac2-9781-e4a0-55e570453282">
      <Execution id="6ab862c7-21af-4f2d-afb2-499e84d64945" />
      <TestMethod codeBase="c:/users/administrator/documents/visual studio 11/Projects/FSpec/RSpecTests/bin/Debug/RSpecTests.DLL" adapterTypeName="Microsoft.VisualStudio.TestTools.TestTypes.Unit.UnitTestAdapter, Microsoft.VisualStudio.QualityTools.Tips.UnitTest.Adapter, Version=11.0.0.0, Culture=neutral, PublicKeyToken=b03f5f7f11d50a3a" className="RSpecTests.ExtensionMethodTests, RSpecTests, Version=1.0.0.0, Culture=neutral, PublicKeyToken=null" name="Test_Object_Should_Contain_Part_Of_Type_Name" />
    </UnitTest>
    <UnitTest name="Test_Objects_With_Default_ToString_Implementation_Should_Have_Same_Value" storage="c:\users\administrator\documents\visual studio 11\projects\fspec\rspectests\bin\debug\rspectests.dll" id="d1692feb-7127-d6f4-315d-7bedaad6dac5">
      <Execution id="4f3ff92c-9c52-467d-bb30-2ecaa38338ac" />
      <TestMethod codeBase="c:/users/administrator/documents/visual studio 11/Projects/FSpec/RSpecTests/bin/Debug/RSpecTests.DLL" adapterTypeName="Microsoft.VisualStudio.TestTools.TestTypes.Unit.UnitTestAdapter, Microsoft.VisualStudio.QualityTools.Tips.UnitTest.Adapter, Version=11.0.0.0, Culture=neutral, PublicKeyToken=b03f5f7f11d50a3a" className="RSpecTests.ExtensionMethodTests, RSpecTests, Version=1.0.0.0, Culture=neutral, PublicKeyToken=null" name="Test_Objects_With_Default_ToString_Implementation_Should_Have_Same_Value" />
    </UnitTest>
    <UnitTest name="Test_Objects_With_Default_ToString_Implementation_Should_Have_Same_Value1" storage="c:\users\administrator\documents\visual studio 11\projects\fspec\rspectests\bin\debug\rspectests.dll" id="ffc5b8e4-0762-7ea8-96dd-9d840b3bd418">
      <Execution id="06391671-8aa8-4ffb-9cdc-51095c65b699" />
      <TestMethod codeBase="c:/users/administrator/documents/visual studio 11/Projects/FSpec/RSpecTests/bin/Debug/RSpecTests.DLL" adapterTypeName="Microsoft.VisualStudio.TestTools.TestTypes.Unit.UnitTestAdapter, Microsoft.VisualStudio.QualityTools.Tips.UnitTest.Adapter, Version=11.0.0.0, Culture=neutral, PublicKeyToken=b03f5f7f11d50a3a" className="RSpecTests.ExtensionMethodTests, RSpecTests, Version=1.0.0.0, Culture=neutral, PublicKeyToken=null" name="Test_Objects_With_Default_ToString_Implementation_Should_Have_Same_Value1" />
    </UnitTest>
    <UnitTest name="Test_Should_Be_Same_As" storage="c:\users\administrator\documents\visual studio 11\projects\fspec\rspectests\bin\debug\rspectests.dll" id="243cb67c-56f8-f429-da03-eef863a76d1d">
      <Execution id="b0785956-8d6c-400d-a314-a5bb087284a4" />
      <TestMethod codeBase="c:/users/administrator/documents/visual studio 11/Projects/FSpec/RSpecTests/bin/Debug/RSpecTests.DLL" adapterTypeName="Microsoft.VisualStudio.TestTools.TestTypes.Unit.UnitTestAdapter, Microsoft.VisualStudio.QualityTools.Tips.UnitTest.Adapter, Version=11.0.0.0, Culture=neutral, PublicKeyToken=b03f5f7f11d50a3a" className="RSpecTests.ExtensionMethodTests, RSpecTests, Version=1.0.0.0, Culture=neutral, PublicKeyToken=null" name="Test_Should_Be_Same_As" />
    </UnitTest>
    <UnitTest name="Test_Call_Describe_Function" storage="c:\users\administrator\documents\visual studio 11\projects\fspec\rspectests\bin\debug\rspectests.dll" id="26c9aa54-b9e4-a381-68e4-c33eb62f1a3c">
      <Execution id="d82072ef-bc4a-406b-895e-5cbb948a1f33" />
      <TestMethod codeBase="c:/users/administrator/documents/visual studio 11/Projects/FSpec/RSpecTests/bin/Debug/RSpecTests.DLL" adapterTypeName="Microsoft.VisualStudio.TestTools.TestTypes.Unit.UnitTestAdapter, Microsoft.VisualStudio.QualityTools.Tips.UnitTest.Adapter, Version=11.0.0.0, Culture=neutral, PublicKeyToken=b03f5f7f11d50a3a" className="RSpecTests.UnitTest1, RSpecTests, Version=1.0.0.0, Culture=neutral, PublicKeyToken=null" name="Test_Call_Describe_Function" />
    </UnitTest>
    <UnitTest name="Test_Should_Equal" storage="c:\users\administrator\documents\visual studio 11\projects\fspec\rspectests\bin\debug\rspectests.dll" id="e88c4f6b-aafa-656f-6416-616440cabe1f">
      <Execution id="cb48e7bb-ee93-4307-841c-beb27621d6b2" />
      <TestMethod codeBase="c:/users/administrator/documents/visual studio 11/Projects/FSpec/RSpecTests/bin/Debug/RSpecTests.DLL" adapterTypeName="Microsoft.VisualStudio.TestTools.TestTypes.Unit.UnitTestAdapter, Microsoft.VisualStudio.QualityTools.Tips.UnitTest.Adapter, Version=11.0.0.0, Culture=neutral, PublicKeyToken=b03f5f7f11d50a3a" className="RSpecTests.ExtensionMethodTests, RSpecTests, Version=1.0.0.0, Culture=neutral, PublicKeyToken=null" name="Test_Should_Equal" />
    </UnitTest>
  </TestDefinitions>
  <TestLists>
    <TestList name="Results Not in a List" id="8c84fa94-04c1-424b-9868-57a2d4851a1d" />
    <TestList name="All Loaded Results" id="19431567-8539-422a-85d7-44ee4e166bda" />
  </TestLists>
  <TestEntries>
    <TestEntry testId="26c9aa54-b9e4-a381-68e4-c33eb62f1a3c" executionId="d82072ef-bc4a-406b-895e-5cbb948a1f33" testListId="8c84fa94-04c1-424b-9868-57a2d4851a1d" />
    <TestEntry testId="469a65ef-14f5-0d10-f349-effc0fc87b4b" executionId="d7bbefea-bdc2-47bb-985d-23508d666129" testListId="8c84fa94-04c1-424b-9868-57a2d4851a1d" />
    <TestEntry testId="e88c4f6b-aafa-656f-6416-616440cabe1f" executionId="cb48e7bb-ee93-4307-841c-beb27621d6b2" testListId="8c84fa94-04c1-424b-9868-57a2d4851a1d" />
    <TestEntry testId="3e244c26-eb92-5d6d-523e-ad1fc998f638" executionId="4b31ed0a-7883-4958-bb7b-5dfd0ee80b33" testListId="8c84fa94-04c1-424b-9868-57a2d4851a1d" />
    <TestEntry testId="243cb67c-56f8-f429-da03-eef863a76d1d" executionId="b0785956-8d6c-400d-a314-a5bb087284a4" testListId="8c84fa94-04c1-424b-9868-57a2d4851a1d" />
    <TestEntry testId="e7891a62-c931-869e-f5d9-d202648cbfb0" executionId="ab6c9a41-8d10-467e-a9b5-1e2741a94c56" testListId="8c84fa94-04c1-424b-9868-57a2d4851a1d" />
    <TestEntry testId="8f82bdc3-cac2-9781-e4a0-55e570453282" executionId="6ab862c7-21af-4f2d-afb2-499e84d64945" testListId="8c84fa94-04c1-424b-9868-57a2d4851a1d" />
    <TestEntry testId="759ca9fa-f580-94f6-f437-889bca07e76a" executionId="f3323918-7a9e-40bb-a8cf-3d17e45372fd" testListId="8c84fa94-04c1-424b-9868-57a2d4851a1d" />
    <TestEntry testId="d1692feb-7127-d6f4-315d-7bedaad6dac5" executionId="4f3ff92c-9c52-467d-bb30-2ecaa38338ac" testListId="8c84fa94-04c1-424b-9868-57a2d4851a1d" />
    <TestEntry testId="ffc5b8e4-0762-7ea8-96dd-9d840b3bd418" executionId="06391671-8aa8-4ffb-9cdc-51095c65b699" testListId="8c84fa94-04c1-424b-9868-57a2d4851a1d" />
  </TestEntries>
  <Results>
    <UnitTestResult executionId="d82072ef-bc4a-406b-895e-5cbb948a1f33" testId="26c9aa54-b9e4-a381-68e4-c33eb62f1a3c" testName="Test_Call_Describe_Function" computerName="KHAN" duration="00:00:00.1052820" startTime="2011-12-09T19:02:50.2170448+05:00" endTime="2011-12-09T19:02:50.7126256+05:00" testType="13cdc9d9-ddb5-4fa4-a97d-d965ccfc6d4b" outcome="Passed" testListId="8c84fa94-04c1-424b-9868-57a2d4851a1d" relativeResultsDirectory="d82072ef-bc4a-406b-895e-5cbb948a1f33">
      <Output>
        <StdOut>test message for describe</StdOut>
      </Output>
    </UnitTestResult>
    <UnitTestResult executionId="d7bbefea-bdc2-47bb-985d-23508d666129" testId="469a65ef-14f5-0d10-f349-effc0fc87b4b" testName="Test_Create_Description" computerName="KHAN" duration="00:00:00.0014367" startTime="2011-12-09T19:02:50.7377056+05:00" endTime="2011-12-09T19:02:50.7487408+05:00" testType="13cdc9d9-ddb5-4fa4-a97d-d965ccfc6d4b" outcome="Passed" testListId="8c84fa94-04c1-424b-9868-57a2d4851a1d" relativeResultsDirectory="d7bbefea-bdc2-47bb-985d-23508d666129">
    </UnitTestResult>
    <UnitTestResult executionId="cb48e7bb-ee93-4307-841c-beb27621d6b2" testId="e88c4f6b-aafa-656f-6416-616440cabe1f" testName="Test_Should_Equal" computerName="KHAN" duration="00:00:00.0005763" startTime="2011-12-09T19:02:50.7647920+05:00" endTime="2011-12-09T19:02:50.7728176+05:00" testType="13cdc9d9-ddb5-4fa4-a97d-d965ccfc6d4b" outcome="Passed" testListId="8c84fa94-04c1-424b-9868-57a2d4851a1d" relativeResultsDirectory="cb48e7bb-ee93-4307-841c-beb27621d6b2">
    </UnitTestResult>
    <UnitTestResult executionId="4b31ed0a-7883-4958-bb7b-5dfd0ee80b33" testId="3e244c26-eb92-5d6d-523e-ad1fc998f638" testName="Test_Should_Not_Equal" computerName="KHAN" duration="00:00:00.0003718" startTime="2011-12-09T19:02:50.7848560+05:00" endTime="2011-12-09T19:02:50.7938848+05:00" testType="13cdc9d9-ddb5-4fa4-a97d-d965ccfc6d4b" outcome="Passed" testListId="8c84fa94-04c1-424b-9868-57a2d4851a1d" relativeResultsDirectory="4b31ed0a-7883-4958-bb7b-5dfd0ee80b33">
    </UnitTestResult>
    <UnitTestResult executionId="b0785956-8d6c-400d-a314-a5bb087284a4" testId="243cb67c-56f8-f429-da03-eef863a76d1d" testName="Test_Should_Be_Same_As" computerName="KHAN" duration="00:00:00.0004198" startTime="2011-12-09T19:02:50.8079296+05:00" endTime="2011-12-09T19:02:50.8149520+05:00" testType="13cdc9d9-ddb5-4fa4-a97d-d965ccfc6d4b" outcome="Passed" testListId="8c84fa94-04c1-424b-9868-57a2d4851a1d" relativeResultsDirectory="b0785956-8d6c-400d-a314-a5bb087284a4">
    </UnitTestResult>
    <UnitTestResult executionId="ab6c9a41-8d10-467e-a9b5-1e2741a94c56" testId="e7891a62-c931-869e-f5d9-d202648cbfb0" testName="Test_Should_Not_Be_Same_As" computerName="KHAN" duration="00:00:00.0003438" startTime="2011-12-09T19:02:50.8289968+05:00" endTime="2011-12-09T19:02:50.8370224+05:00" testType="13cdc9d9-ddb5-4fa4-a97d-d965ccfc6d4b" outcome="Passed" testListId="8c84fa94-04c1-424b-9868-57a2d4851a1d" relativeResultsDirectory="ab6c9a41-8d10-467e-a9b5-1e2741a94c56">
    </UnitTestResult>
    <UnitTestResult executionId="6ab862c7-21af-4f2d-afb2-499e84d64945" testId="8f82bdc3-cac2-9781-e4a0-55e570453282" testName="Test_Object_Should_Contain_Part_Of_Type_Name" computerName="KHAN" duration="00:00:00.0004830" startTime="2011-12-09T19:02:50.8520704+05:00" endTime="2011-12-09T19:02:50.8600960+05:00" testType="13cdc9d9-ddb5-4fa4-a97d-d965ccfc6d4b" outcome="Passed" testListId="8c84fa94-04c1-424b-9868-57a2d4851a1d" relativeResultsDirectory="6ab862c7-21af-4f2d-afb2-499e84d64945">
    </UnitTestResult>
    <UnitTestResult executionId="f3323918-7a9e-40bb-a8cf-3d17e45372fd" testId="759ca9fa-f580-94f6-f437-889bca07e76a" testName="Test_Object_Should_Not_Contain_Arbitrary_String" computerName="KHAN" duration="00:00:00.0002997" startTime="2011-12-09T19:02:50.8731376+05:00" endTime="2011-12-09T19:02:50.8811632+05:00" testType="13cdc9d9-ddb5-4fa4-a97d-d965ccfc6d4b" outcome="Passed" testListId="8c84fa94-04c1-424b-9868-57a2d4851a1d" relativeResultsDirectory="f3323918-7a9e-40bb-a8cf-3d17e45372fd">
    </UnitTestResult>
    <UnitTestResult executionId="4f3ff92c-9c52-467d-bb30-2ecaa38338ac" testId="d1692feb-7127-d6f4-315d-7bedaad6dac5" testName="Test_Objects_With_Default_ToString_Implementation_Should_Have_Same_Value" computerName="KHAN" duration="00:00:00.0004299" startTime="2011-12-09T19:02:50.8932016+05:00" endTime="2011-12-09T19:02:50.9012272+05:00" testType="13cdc9d9-ddb5-4fa4-a97d-d965ccfc6d4b" outcome="Passed" testListId="8c84fa94-04c1-424b-9868-57a2d4851a1d" relativeResultsDirectory="4f3ff92c-9c52-467d-bb30-2ecaa38338ac">
    </UnitTestResult>
    <UnitTestResult executionId="06391671-8aa8-4ffb-9cdc-51095c65b699" testId="ffc5b8e4-0762-7ea8-96dd-9d840b3bd418" testName="Test_Objects_With_Default_ToString_Implementation_Should_Have_Same_Value1" computerName="KHAN" duration="00:00:18.5672256" startTime="2011-12-09T19:02:50.9152720+05:00" endTime="2011-12-09T19:03:09.4824976+05:00" testType="13cdc9d9-ddb5-4fa4-a97d-d965ccfc6d4b" outcome="Aborted" testListId="8c84fa94-04c1-424b-9868-57a2d4851a1d" relativeResultsDirectory="06391671-8aa8-4ffb-9cdc-51095c65b699">
    </UnitTestResult>
  </Results>
</TestRun>