<?xml version="1.0" encoding="UTF-8"?>
<TestRun id="0d4e1e96-859e-40cf-8ad3-d7a305edc8a0" name="Administrator@KHAN 2011-12-09 17:56:38" runUser="KHAN\Administrator" xmlns="http://microsoft.com/schemas/VisualStudio/TeamTest/2010">
  <TestSettings name="Local" id="3f9343ec-71cd-41eb-8775-df45134009b0">
    <Description>These are default test settings for a local test run.</Description>
    <Deployment enabled="false" runDeploymentRoot="Administrator_KHAN 2011-12-09 17_56_38">
      <DeploymentItem filename="C:\Users\Administrator\documents\visual studio 11\Projects\FSpec\FSpec\bin\Debug\FSpec.dll" />
    </Deployment>
    <Execution>
      <TestTypeSpecific />
      <AgentRule name="Execution Agents">
      </AgentRule>
    </Execution>
  </TestSettings>
  <Times creation="2011-12-09T17:56:38.7656624+01:00" queuing="2011-12-09T17:56:40.4380672+01:00" start="2011-12-09T17:56:40.6583840+01:00" finish="2011-12-09T17:56:41.8500976+01:00" />
  <ResultSummary outcome="Completed">
    <Counters total="14" executed="14" passed="14" error="0" failed="0" timeout="0" aborted="0" inconclusive="0" passedButRunAborted="0" notRunnable="0" notExecuted="0" disconnected="0" warning="0" completed="0" inProgress="0" pending="0" />
  </ResultSummary>
  <TestDefinitions>
    <UnitTest name="Test_Create_Description" storage="c:\users\administrator\documents\visual studio 11\projects\fspec\rspectests\bin\debug\rspectests.dll" id="469a65ef-14f5-0d10-f349-effc0fc87b4b">
      <Execution id="2b42bbf5-9782-4238-8691-1b74da25cc45" />
      <TestMethod codeBase="C:/Users/Administrator/documents/visual studio 11/Projects/FSpec/RSpecTests/bin/Debug/RSpecTests.DLL" adapterTypeName="Microsoft.VisualStudio.TestTools.TestTypes.Unit.UnitTestAdapter, Microsoft.VisualStudio.QualityTools.Tips.UnitTest.Adapter, Version=11.0.0.0, Culture=neutral, PublicKeyToken=b03f5f7f11d50a3a" className="RSpecTests.UnitTest1, RSpecTests, Version=1.0.0.0, Culture=neutral, PublicKeyToken=null" name="Test_Create_Description" />
    </UnitTest>
    <UnitTest name="Test_Should_Be_Same_As" storage="c:\users\administrator\documents\visual studio 11\projects\fspec\rspectests\bin\debug\rspectests.dll" id="243cb67c-56f8-f429-da03-eef863a76d1d">
      <Execution id="c9e7d69b-3c50-4525-b8fe-9e1dbd6f231a" />
      <TestMethod codeBase="C:/Users/Administrator/documents/visual studio 11/Projects/FSpec/RSpecTests/bin/Debug/RSpecTests.DLL" adapterTypeName="Microsoft.VisualStudio.TestTools.TestTypes.Unit.UnitTestAdapter, Microsoft.VisualStudio.QualityTools.Tips.UnitTest.Adapter, Version=11.0.0.0, Culture=neutral, PublicKeyToken=b03f5f7f11d50a3a" className="RSpecTests.ExtensionMethodTests, RSpecTests, Version=1.0.0.0, Culture=neutral, PublicKeyToken=null" name="Test_Should_Be_Same_As" />
    </UnitTest>
    <UnitTest name="Test_Null_Object_Should_Be_Null" storage="c:\users\administrator\documents\visual studio 11\projects\fspec\rspectests\bin\debug\rspectests.dll" id="26c82805-1588-9abf-2a35-af9df9a6e892">
      <Execution id="537c0c3c-20d2-4051-9d16-2d8d8bc9ac79" />
      <TestMethod codeBase="C:/Users/Administrator/documents/visual studio 11/Projects/FSpec/RSpecTests/bin/Debug/RSpecTests.DLL" adapterTypeName="Microsoft.VisualStudio.TestTools.TestTypes.Unit.UnitTestAdapter, Microsoft.VisualStudio.QualityTools.Tips.UnitTest.Adapter, Version=11.0.0.0, Culture=neutral, PublicKeyToken=b03f5f7f11d50a3a" className="RSpecTests.ExtensionMethodTests, RSpecTests, Version=1.0.0.0, Culture=neutral, PublicKeyToken=null" name="Test_Null_Object_Should_Be_Null" />
    </UnitTest>
    <UnitTest name="Test_Newly_Created_Hashtable_Should_Be_Empty" storage="c:\users\administrator\documents\visual studio 11\projects\fspec\rspectests\bin\debug\rspectests.dll" id="5fdae88e-98a8-5eba-2046-b60a5aaefdfa">
      <Execution id="c28fdf7e-008b-4475-a387-70b74342749c" />
      <TestMethod codeBase="C:/Users/Administrator/documents/visual studio 11/Projects/FSpec/RSpecTests/bin/Debug/RSpecTests.DLL" adapterTypeName="Microsoft.VisualStudio.TestTools.TestTypes.Unit.UnitTestAdapter, Microsoft.VisualStudio.QualityTools.Tips.UnitTest.Adapter, Version=11.0.0.0, Culture=neutral, PublicKeyToken=b03f5f7f11d50a3a" className="RSpecTests.ExtensionMethodTests, RSpecTests, Version=1.0.0.0, Culture=neutral, PublicKeyToken=null" name="Test_Newly_Created_Hashtable_Should_Be_Empty" />
    </UnitTest>
    <UnitTest name="Test_Object_Should_Contain_Part_Of_Type_Name" storage="c:\users\administrator\documents\visual studio 11\projects\fspec\rspectests\bin\debug\rspectests.dll" id="8f82bdc3-cac2-9781-e4a0-55e570453282">
      <Execution id="3552a23c-cf2e-492f-837f-2c14b61f9efc" />
      <TestMethod codeBase="C:/Users/Administrator/documents/visual studio 11/Projects/FSpec/RSpecTests/bin/Debug/RSpecTests.DLL" adapterTypeName="Microsoft.VisualStudio.TestTools.TestTypes.Unit.UnitTestAdapter, Microsoft.VisualStudio.QualityTools.Tips.UnitTest.Adapter, Version=11.0.0.0, Culture=neutral, PublicKeyToken=b03f5f7f11d50a3a" className="RSpecTests.ExtensionMethodTests, RSpecTests, Version=1.0.0.0, Culture=neutral, PublicKeyToken=null" name="Test_Object_Should_Contain_Part_Of_Type_Name" />
    </UnitTest>
    <UnitTest name="Test_Newly_Created_SystemObject_Should_Be_Empty" storage="c:\users\administrator\documents\visual studio 11\projects\fspec\rspectests\bin\debug\rspectests.dll" id="aeb0b39a-762d-a13b-c502-11a3dcbeacd5">
      <Execution id="ffc2a31f-2ac6-408c-917a-574c462dd7cc" />
      <TestMethod codeBase="C:/Users/Administrator/documents/visual studio 11/Projects/FSpec/RSpecTests/bin/Debug/RSpecTests.DLL" adapterTypeName="Microsoft.VisualStudio.TestTools.TestTypes.Unit.UnitTestAdapter, Microsoft.VisualStudio.QualityTools.Tips.UnitTest.Adapter, Version=11.0.0.0, Culture=neutral, PublicKeyToken=b03f5f7f11d50a3a" className="RSpecTests.ExtensionMethodTests, RSpecTests, Version=1.0.0.0, Culture=neutral, PublicKeyToken=null" name="Test_Newly_Created_SystemObject_Should_Be_Empty" />
    </UnitTest>
    <UnitTest name="Test_String_Should_Have_Same_Value" storage="c:\users\administrator\documents\visual studio 11\projects\fspec\rspectests\bin\debug\rspectests.dll" id="71668486-3367-180e-5cb1-fa0dbd6b4f75">
      <Execution id="ae18a00a-6bee-4894-9ed7-d5e78432b1dc" />
      <TestMethod codeBase="C:/Users/Administrator/documents/visual studio 11/Projects/FSpec/RSpecTests/bin/Debug/RSpecTests.DLL" adapterTypeName="Microsoft.VisualStudio.TestTools.TestTypes.Unit.UnitTestAdapter, Microsoft.VisualStudio.QualityTools.Tips.UnitTest.Adapter, Version=11.0.0.0, Culture=neutral, PublicKeyToken=b03f5f7f11d50a3a" className="RSpecTests.ExtensionMethodTests, RSpecTests, Version=1.0.0.0, Culture=neutral, PublicKeyToken=null" name="Test_String_Should_Have_Same_Value" />
    </UnitTest>
    <UnitTest name="Test_Object_Should_Not_Contain_Arbitrary_String" storage="c:\users\administrator\documents\visual studio 11\projects\fspec\rspectests\bin\debug\rspectests.dll" id="759ca9fa-f580-94f6-f437-889bca07e76a">
      <Execution id="773eb509-9ec5-47f3-85aa-eef0e9f71da8" />
      <TestMethod codeBase="C:/Users/Administrator/documents/visual studio 11/Projects/FSpec/RSpecTests/bin/Debug/RSpecTests.DLL" adapterTypeName="Microsoft.VisualStudio.TestTools.TestTypes.Unit.UnitTestAdapter, Microsoft.VisualStudio.QualityTools.Tips.UnitTest.Adapter, Version=11.0.0.0, Culture=neutral, PublicKeyToken=b03f5f7f11d50a3a" className="RSpecTests.ExtensionMethodTests, RSpecTests, Version=1.0.0.0, Culture=neutral, PublicKeyToken=null" name="Test_Object_Should_Not_Contain_Arbitrary_String" />
    </UnitTest>
    <UnitTest name="Test_Should_Equal" storage="c:\users\administrator\documents\visual studio 11\projects\fspec\rspectests\bin\debug\rspectests.dll" id="e88c4f6b-aafa-656f-6416-616440cabe1f">
      <Execution id="c7405c13-91dd-462f-8f9f-e011e99353b8" />
      <TestMethod codeBase="C:/Users/Administrator/documents/visual studio 11/Projects/FSpec/RSpecTests/bin/Debug/RSpecTests.DLL" adapterTypeName="Microsoft.VisualStudio.TestTools.TestTypes.Unit.UnitTestAdapter, Microsoft.VisualStudio.QualityTools.Tips.UnitTest.Adapter, Version=11.0.0.0, Culture=neutral, PublicKeyToken=b03f5f7f11d50a3a" className="RSpecTests.ExtensionMethodTests, RSpecTests, Version=1.0.0.0, Culture=neutral, PublicKeyToken=null" name="Test_Should_Equal" />
    </UnitTest>
    <UnitTest name="Test_Should_Not_Be_Same_As" storage="c:\users\administrator\documents\visual studio 11\projects\fspec\rspectests\bin\debug\rspectests.dll" id="e7891a62-c931-869e-f5d9-d202648cbfb0">
      <Execution id="05a2c717-838d-4662-a448-1fe683e76c17" />
      <TestMethod codeBase="C:/Users/Administrator/documents/visual studio 11/Projects/FSpec/RSpecTests/bin/Debug/RSpecTests.DLL" adapterTypeName="Microsoft.VisualStudio.TestTools.TestTypes.Unit.UnitTestAdapter, Microsoft.VisualStudio.QualityTools.Tips.UnitTest.Adapter, Version=11.0.0.0, Culture=neutral, PublicKeyToken=b03f5f7f11d50a3a" className="RSpecTests.ExtensionMethodTests, RSpecTests, Version=1.0.0.0, Culture=neutral, PublicKeyToken=null" name="Test_Should_Not_Be_Same_As" />
    </UnitTest>
    <UnitTest name="Test_Should_Not_Equal" storage="c:\users\administrator\documents\visual studio 11\projects\fspec\rspectests\bin\debug\rspectests.dll" id="3e244c26-eb92-5d6d-523e-ad1fc998f638">
      <Execution id="e82bfe21-659a-4507-b69f-88c30089b416" />
      <TestMethod codeBase="C:/Users/Administrator/documents/visual studio 11/Projects/FSpec/RSpecTests/bin/Debug/RSpecTests.DLL" adapterTypeName="Microsoft.VisualStudio.TestTools.TestTypes.Unit.UnitTestAdapter, Microsoft.VisualStudio.QualityTools.Tips.UnitTest.Adapter, Version=11.0.0.0, Culture=neutral, PublicKeyToken=b03f5f7f11d50a3a" className="RSpecTests.ExtensionMethodTests, RSpecTests, Version=1.0.0.0, Culture=neutral, PublicKeyToken=null" name="Test_Should_Not_Equal" />
    </UnitTest>
    <UnitTest name="Test_Call_Describe_Function" storage="c:\users\administrator\documents\visual studio 11\projects\fspec\rspectests\bin\debug\rspectests.dll" id="26c9aa54-b9e4-a381-68e4-c33eb62f1a3c">
      <Execution id="3997ac9f-fd2c-4b2c-a69f-61cdb0ba23d1" />
      <TestMethod codeBase="C:/Users/Administrator/documents/visual studio 11/Projects/FSpec/RSpecTests/bin/Debug/RSpecTests.DLL" adapterTypeName="Microsoft.VisualStudio.TestTools.TestTypes.Unit.UnitTestAdapter, Microsoft.VisualStudio.QualityTools.Tips.UnitTest.Adapter, Version=11.0.0.0, Culture=neutral, PublicKeyToken=b03f5f7f11d50a3a" className="RSpecTests.UnitTest1, RSpecTests, Version=1.0.0.0, Culture=neutral, PublicKeyToken=null" name="Test_Call_Describe_Function" />
    </UnitTest>
    <UnitTest name="Test_Objects_With_Default_ToString_Implementation_Should_Have_Same_Value" storage="c:\users\administrator\documents\visual studio 11\projects\fspec\rspectests\bin\debug\rspectests.dll" id="d1692feb-7127-d6f4-315d-7bedaad6dac5">
      <Execution id="e241a332-40f0-475e-a6d3-51874b4d52f3" />
      <TestMethod codeBase="C:/Users/Administrator/documents/visual studio 11/Projects/FSpec/RSpecTests/bin/Debug/RSpecTests.DLL" adapterTypeName="Microsoft.VisualStudio.TestTools.TestTypes.Unit.UnitTestAdapter, Microsoft.VisualStudio.QualityTools.Tips.UnitTest.Adapter, Version=11.0.0.0, Culture=neutral, PublicKeyToken=b03f5f7f11d50a3a" className="RSpecTests.ExtensionMethodTests, RSpecTests, Version=1.0.0.0, Culture=neutral, PublicKeyToken=null" name="Test_Objects_With_Default_ToString_Implementation_Should_Have_Same_Value" />
    </UnitTest>
    <UnitTest name="Test_Not_Null_Object_Should_Not_Be_Null" storage="c:\users\administrator\documents\visual studio 11\projects\fspec\rspectests\bin\debug\rspectests.dll" id="e5915a06-ddfe-aae0-42db-11166798a209">
      <Execution id="486a4c5b-3dd0-494d-85ea-d3bfb32ce73a" />
      <TestMethod codeBase="C:/Users/Administrator/documents/visual studio 11/Projects/FSpec/RSpecTests/bin/Debug/RSpecTests.DLL" adapterTypeName="Microsoft.VisualStudio.TestTools.TestTypes.Unit.UnitTestAdapter, Microsoft.VisualStudio.QualityTools.Tips.UnitTest.Adapter, Version=11.0.0.0, Culture=neutral, PublicKeyToken=b03f5f7f11d50a3a" className="RSpecTests.ExtensionMethodTests, RSpecTests, Version=1.0.0.0, Culture=neutral, PublicKeyToken=null" name="Test_Not_Null_Object_Should_Not_Be_Null" />
    </UnitTest>
  </TestDefinitions>
  <TestLists>
    <TestList name="Results Not in a List" id="8c84fa94-04c1-424b-9868-57a2d4851a1d" />
    <TestList name="All Loaded Results" id="19431567-8539-422a-85d7-44ee4e166bda" />
  </TestLists>
  <TestEntries>
    <TestEntry testId="e88c4f6b-aafa-656f-6416-616440cabe1f" executionId="c7405c13-91dd-462f-8f9f-e011e99353b8" testListId="8c84fa94-04c1-424b-9868-57a2d4851a1d" />
    <TestEntry testId="3e244c26-eb92-5d6d-523e-ad1fc998f638" executionId="e82bfe21-659a-4507-b69f-88c30089b416" testListId="8c84fa94-04c1-424b-9868-57a2d4851a1d" />
    <TestEntry testId="243cb67c-56f8-f429-da03-eef863a76d1d" executionId="c9e7d69b-3c50-4525-b8fe-9e1dbd6f231a" testListId="8c84fa94-04c1-424b-9868-57a2d4851a1d" />
    <TestEntry testId="e7891a62-c931-869e-f5d9-d202648cbfb0" executionId="05a2c717-838d-4662-a448-1fe683e76c17" testListId="8c84fa94-04c1-424b-9868-57a2d4851a1d" />
    <TestEntry testId="8f82bdc3-cac2-9781-e4a0-55e570453282" executionId="3552a23c-cf2e-492f-837f-2c14b61f9efc" testListId="8c84fa94-04c1-424b-9868-57a2d4851a1d" />
    <TestEntry testId="759ca9fa-f580-94f6-f437-889bca07e76a" executionId="773eb509-9ec5-47f3-85aa-eef0e9f71da8" testListId="8c84fa94-04c1-424b-9868-57a2d4851a1d" />
    <TestEntry testId="d1692feb-7127-d6f4-315d-7bedaad6dac5" executionId="e241a332-40f0-475e-a6d3-51874b4d52f3" testListId="8c84fa94-04c1-424b-9868-57a2d4851a1d" />
    <TestEntry testId="71668486-3367-180e-5cb1-fa0dbd6b4f75" executionId="ae18a00a-6bee-4894-9ed7-d5e78432b1dc" testListId="8c84fa94-04c1-424b-9868-57a2d4851a1d" />
    <TestEntry testId="26c82805-1588-9abf-2a35-af9df9a6e892" executionId="537c0c3c-20d2-4051-9d16-2d8d8bc9ac79" testListId="8c84fa94-04c1-424b-9868-57a2d4851a1d" />
    <TestEntry testId="26c9aa54-b9e4-a381-68e4-c33eb62f1a3c" executionId="3997ac9f-fd2c-4b2c-a69f-61cdb0ba23d1" testListId="8c84fa94-04c1-424b-9868-57a2d4851a1d" />
    <TestEntry testId="469a65ef-14f5-0d10-f349-effc0fc87b4b" executionId="2b42bbf5-9782-4238-8691-1b74da25cc45" testListId="8c84fa94-04c1-424b-9868-57a2d4851a1d" />
    <TestEntry testId="e5915a06-ddfe-aae0-42db-11166798a209" executionId="486a4c5b-3dd0-494d-85ea-d3bfb32ce73a" testListId="8c84fa94-04c1-424b-9868-57a2d4851a1d" />
    <TestEntry testId="aeb0b39a-762d-a13b-c502-11a3dcbeacd5" executionId="ffc2a31f-2ac6-408c-917a-574c462dd7cc" testListId="8c84fa94-04c1-424b-9868-57a2d4851a1d" />
    <TestEntry testId="5fdae88e-98a8-5eba-2046-b60a5aaefdfa" executionId="c28fdf7e-008b-4475-a387-70b74342749c" testListId="8c84fa94-04c1-424b-9868-57a2d4851a1d" />
  </TestEntries>
  <Results>
    <UnitTestResult executionId="c7405c13-91dd-462f-8f9f-e011e99353b8" testId="e88c4f6b-aafa-656f-6416-616440cabe1f" testName="Test_Should_Equal" computerName="KHAN" duration="00:00:00.0194491" startTime="2011-12-09T17:56:40.7785568+01:00" endTime="2011-12-09T17:56:41.2191904+01:00" testType="13cdc9d9-ddb5-4fa4-a97d-d965ccfc6d4b" outcome="Passed" testListId="8c84fa94-04c1-424b-9868-57a2d4851a1d" relativeResultsDirectory="c7405c13-91dd-462f-8f9f-e011e99353b8">
    </UnitTestResult>
    <UnitTestResult executionId="e82bfe21-659a-4507-b69f-88c30089b416" testId="3e244c26-eb92-5d6d-523e-ad1fc998f638" testName="Test_Should_Not_Equal" computerName="KHAN" duration="00:00:00.0004148" startTime="2011-12-09T17:56:41.2692624+01:00" endTime="2011-12-09T17:56:41.2792768+01:00" testType="13cdc9d9-ddb5-4fa4-a97d-d965ccfc6d4b" outcome="Passed" testListId="8c84fa94-04c1-424b-9868-57a2d4851a1d" relativeResultsDirectory="e82bfe21-659a-4507-b69f-88c30089b416">
    </UnitTestResult>
    <UnitTestResult executionId="c9e7d69b-3c50-4525-b8fe-9e1dbd6f231a" testId="243cb67c-56f8-f429-da03-eef863a76d1d" testName="Test_Should_Be_Same_As" computerName="KHAN" duration="00:00:00.0003575" startTime="2011-12-09T17:56:41.2993056+01:00" endTime="2011-12-09T17:56:41.2993056+01:00" testType="13cdc9d9-ddb5-4fa4-a97d-d965ccfc6d4b" outcome="Passed" testListId="8c84fa94-04c1-424b-9868-57a2d4851a1d" relativeResultsDirectory="c9e7d69b-3c50-4525-b8fe-9e1dbd6f231a">
    </UnitTestResult>
    <UnitTestResult executionId="05a2c717-838d-4662-a448-1fe683e76c17" testId="e7891a62-c931-869e-f5d9-d202648cbfb0" testName="Test_Should_Not_Be_Same_As" computerName="KHAN" duration="00:00:00.0003486" startTime="2011-12-09T17:56:41.3193344+01:00" endTime="2011-12-09T17:56:41.3193344+01:00" testType="13cdc9d9-ddb5-4fa4-a97d-d965ccfc6d4b" outcome="Passed" testListId="8c84fa94-04c1-424b-9868-57a2d4851a1d" relativeResultsDirectory="05a2c717-838d-4662-a448-1fe683e76c17">
    </UnitTestResult>
    <UnitTestResult executionId="3552a23c-cf2e-492f-837f-2c14b61f9efc" testId="8f82bdc3-cac2-9781-e4a0-55e570453282" testName="Test_Object_Should_Contain_Part_Of_Type_Name" computerName="KHAN" duration="00:00:00.0004031" startTime="2011-12-09T17:56:41.3293488+01:00" endTime="2011-12-09T17:56:41.3393632+01:00" testType="13cdc9d9-ddb5-4fa4-a97d-d965ccfc6d4b" outcome="Passed" testListId="8c84fa94-04c1-424b-9868-57a2d4851a1d" relativeResultsDirectory="3552a23c-cf2e-492f-837f-2c14b61f9efc">
    </UnitTestResult>
    <UnitTestResult executionId="773eb509-9ec5-47f3-85aa-eef0e9f71da8" testId="759ca9fa-f580-94f6-f437-889bca07e76a" testName="Test_Object_Should_Not_Contain_Arbitrary_String" computerName="KHAN" duration="00:00:00.0002100" startTime="2011-12-09T17:56:41.3493776+01:00" endTime="2011-12-09T17:56:41.3593920+01:00" testType="13cdc9d9-ddb5-4fa4-a97d-d965ccfc6d4b" outcome="Passed" testListId="8c84fa94-04c1-424b-9868-57a2d4851a1d" relativeResultsDirectory="773eb509-9ec5-47f3-85aa-eef0e9f71da8">
    </UnitTestResult>
    <UnitTestResult executionId="e241a332-40f0-475e-a6d3-51874b4d52f3" testId="d1692feb-7127-d6f4-315d-7bedaad6dac5" testName="Test_Objects_With_Default_ToString_Implementation_Should_Have_Same_Value" computerName="KHAN" duration="00:00:00.0003955" startTime="2011-12-09T17:56:41.3794208+01:00" endTime="2011-12-09T17:56:41.3794208+01:00" testType="13cdc9d9-ddb5-4fa4-a97d-d965ccfc6d4b" outcome="Passed" testListId="8c84fa94-04c1-424b-9868-57a2d4851a1d" relativeResultsDirectory="e241a332-40f0-475e-a6d3-51874b4d52f3">
    </UnitTestResult>
    <UnitTestResult executionId="ae18a00a-6bee-4894-9ed7-d5e78432b1dc" testId="71668486-3367-180e-5cb1-fa0dbd6b4f75" testName="Test_String_Should_Have_Same_Value" computerName="KHAN" duration="00:00:00.0002223" startTime="2011-12-09T17:56:41.3994496+01:00" endTime="2011-12-09T17:56:41.3994496+01:00" testType="13cdc9d9-ddb5-4fa4-a97d-d965ccfc6d4b" outcome="Passed" testListId="8c84fa94-04c1-424b-9868-57a2d4851a1d" relativeResultsDirectory="ae18a00a-6bee-4894-9ed7-d5e78432b1dc">
    </UnitTestResult>
    <UnitTestResult executionId="537c0c3c-20d2-4051-9d16-2d8d8bc9ac79" testId="26c82805-1588-9abf-2a35-af9df9a6e892" testName="Test_Null_Object_Should_Be_Null" computerName="KHAN" duration="00:00:00.0263011" startTime="2011-12-09T17:56:41.4194784+01:00" endTime="2011-12-09T17:56:41.4495216+01:00" testType="13cdc9d9-ddb5-4fa4-a97d-d965ccfc6d4b" outcome="Passed" testListId="8c84fa94-04c1-424b-9868-57a2d4851a1d" relativeResultsDirectory="537c0c3c-20d2-4051-9d16-2d8d8bc9ac79">
    </UnitTestResult>
    <UnitTestResult executionId="3997ac9f-fd2c-4b2c-a69f-61cdb0ba23d1" testId="26c9aa54-b9e4-a381-68e4-c33eb62f1a3c" testName="Test_Call_Describe_Function" computerName="KHAN" duration="00:00:00.0007109" startTime="2011-12-09T17:56:41.4695504+01:00" endTime="2011-12-09T17:56:41.4695504+01:00" testType="13cdc9d9-ddb5-4fa4-a97d-d965ccfc6d4b" outcome="Passed" testListId="8c84fa94-04c1-424b-9868-57a2d4851a1d" relativeResultsDirectory="3997ac9f-fd2c-4b2c-a69f-61cdb0ba23d1">
      <Output>
        <StdOut>test message for describe</StdOut>
      </Output>
    </UnitTestResult>
    <UnitTestResult executionId="2b42bbf5-9782-4238-8691-1b74da25cc45" testId="469a65ef-14f5-0d10-f349-effc0fc87b4b" testName="Test_Create_Description" computerName="KHAN" duration="00:00:00.0006601" startTime="2011-12-09T17:56:41.5496656+01:00" endTime="2011-12-09T17:56:41.5596800+01:00" testType="13cdc9d9-ddb5-4fa4-a97d-d965ccfc6d4b" outcome="Passed" testListId="8c84fa94-04c1-424b-9868-57a2d4851a1d" relativeResultsDirectory="2b42bbf5-9782-4238-8691-1b74da25cc45">
    </UnitTestResult>
    <UnitTestResult executionId="486a4c5b-3dd0-494d-85ea-d3bfb32ce73a" testId="e5915a06-ddfe-aae0-42db-11166798a209" testName="Test_Not_Null_Object_Should_Not_Be_Null" computerName="KHAN" duration="00:00:00.0003899" startTime="2011-12-09T17:56:41.5797088+01:00" endTime="2011-12-09T17:56:41.5797088+01:00" testType="13cdc9d9-ddb5-4fa4-a97d-d965ccfc6d4b" outcome="Passed" testListId="8c84fa94-04c1-424b-9868-57a2d4851a1d" relativeResultsDirectory="486a4c5b-3dd0-494d-85ea-d3bfb32ce73a">
    </UnitTestResult>
    <UnitTestResult executionId="ffc2a31f-2ac6-408c-917a-574c462dd7cc" testId="aeb0b39a-762d-a13b-c502-11a3dcbeacd5" testName="Test_Newly_Created_SystemObject_Should_Be_Empty" computerName="KHAN" duration="00:00:00.0014012" startTime="2011-12-09T17:56:41.5997376+01:00" endTime="2011-12-09T17:56:41.6097520+01:00" testType="13cdc9d9-ddb5-4fa4-a97d-d965ccfc6d4b" outcome="Passed" testListId="8c84fa94-04c1-424b-9868-57a2d4851a1d" relativeResultsDirectory="ffc2a31f-2ac6-408c-917a-574c462dd7cc">
    </UnitTestResult>
    <UnitTestResult executionId="c28fdf7e-008b-4475-a387-70b74342749c" testId="5fdae88e-98a8-5eba-2046-b60a5aaefdfa" testName="Test_Newly_Created_Hashtable_Should_Be_Empty" computerName="KHAN" duration="00:00:00.0002424" startTime="2011-12-09T17:56:41.6297808+01:00" endTime="2011-12-09T17:56:41.6397952+01:00" testType="13cdc9d9-ddb5-4fa4-a97d-d965ccfc6d4b" outcome="Passed" testListId="8c84fa94-04c1-424b-9868-57a2d4851a1d" relativeResultsDirectory="c28fdf7e-008b-4475-a387-70b74342749c">
    </UnitTestResult>
  </Results>
</TestRun>