<?xml version="1.0" encoding="UTF-8"?>
<TestRun id="981da8d4-f0d4-4999-a5b4-e2f53ff13d3b" name="Administrator@KHAN 2011-12-09 19:02:03" runUser="KHAN\Administrator" xmlns="http://microsoft.com/schemas/VisualStudio/TeamTest/2010">
  <TestSettings name="Local" id="3f9343ec-71cd-41eb-8775-df45134009b0">
    <Description>These are default test settings for a local test run.</Description>
    <Deployment userDeploymentRoot="c:\users\administrator\documents\visual studio 11\Projects\FSpec\TestResults" useDefaultDeploymentRoot="false" enabled="false" runDeploymentRoot="Administrator_KHAN 2011-12-09 19_02_03">
      <DeploymentItem filename="c:\users\administrator\documents\visual studio 11\Projects\FSpec\FSpec\bin\Debug\FSpec.dll" />
    </Deployment>
    <Execution>
      <TestTypeSpecific />
      <AgentRule name="Execution Agents">
      </AgentRule>
    </Execution>
  </TestSettings>
  <Times creation="2011-12-09T19:02:03.8732176+05:00" queuing="2011-12-09T19:02:05.6468752+05:00" start="2011-12-09T19:02:05.8976752+05:00" finish="2011-12-09T19:02:07.0132336+05:00" />
  <ResultSummary outcome="Completed">
    <Counters total="8" executed="8" passed="8" error="0" failed="0" timeout="0" aborted="0" inconclusive="0" passedButRunAborted="0" notRunnable="0" notExecuted="0" disconnected="0" warning="0" completed="0" inProgress="0" pending="0" />
  </ResultSummary>
  <TestDefinitions>
    <UnitTest name="Test_Create_Description" storage="c:\users\administrator\documents\visual studio 11\projects\fspec\rspectests\bin\debug\rspectests.dll" id="469a65ef-14f5-0d10-f349-effc0fc87b4b">
      <Execution id="a9e29735-7ddd-465e-bb67-64c6d2716353" />
      <TestMethod codeBase="c:/users/administrator/documents/visual studio 11/Projects/FSpec/RSpecTests/bin/Debug/RSpecTests.DLL" adapterTypeName="Microsoft.VisualStudio.TestTools.TestTypes.Unit.UnitTestAdapter, Microsoft.VisualStudio.QualityTools.Tips.UnitTest.Adapter, Version=11.0.0.0, Culture=neutral, PublicKeyToken=b03f5f7f11d50a3a" className="RSpecTests.UnitTest1, RSpecTests, Version=1.0.0.0, Culture=neutral, PublicKeyToken=null" name="Test_Create_Description" />
    </UnitTest>
    <UnitTest name="Test_Should_Not_Be_Same_As" storage="c:\users\administrator\documents\visual studio 11\projects\fspec\rspectests\bin\debug\rspectests.dll" id="e7891a62-c931-869e-f5d9-d202648cbfb0">
      <Execution id="0b513b61-c71c-41d3-8f87-ac5bec765984" />
      <TestMethod codeBase="c:/users/administrator/documents/visual studio 11/Projects/FSpec/RSpecTests/bin/Debug/RSpecTests.DLL" adapterTypeName="Microsoft.VisualStudio.TestTools.TestTypes.Unit.UnitTestAdapter, Microsoft.VisualStudio.QualityTools.Tips.UnitTest.Adapter, Version=11.0.0.0, Culture=neutral, PublicKeyToken=b03f5f7f11d50a3a" className="RSpecTests.ExtensionMethodTests, RSpecTests, Version=1.0.0.0, Culture=neutral, PublicKeyToken=null" name="Test_Should_Not_Be_Same_As" />
    </UnitTest>
    <UnitTest name="Test_Object_Should_Not_Contain_Arbitrary_String" storage="c:\users\administrator\documents\visual studio 11\projects\fspec\rspectests\bin\debug\rspectests.dll" id="759ca9fa-f580-94f6-f437-889bca07e76a">
      <Execution id="1204a001-9e9e-430e-818b-c2d658ab08fe" />
      <TestMethod codeBase="c:/users/administrator/documents/visual studio 11/Projects/FSpec/RSpecTests/bin/Debug/RSpecTests.DLL" adapterTypeName="Microsoft.VisualStudio.TestTools.TestTypes.Unit.UnitTestAdapter, Microsoft.VisualStudio.QualityTools.Tips.UnitTest.Adapter, Version=11.0.0.0, Culture=neutral, PublicKeyToken=b03f5f7f11d50a3a" className="RSpecTests.ExtensionMethodTests, RSpecTests, Version=1.0.0.0, Culture=neutral, PublicKeyToken=null" name="Test_Object_Should_Not_Contain_Arbitrary_String" />
    </UnitTest>
    <UnitTest name="Test_Should_Not_Equal" storage="c:\users\administrator\documents\visual studio 11\projects\fspec\rspectests\bin\debug\rspectests.dll" id="3e244c26-eb92-5d6d-523e-ad1fc998f638">
      <Execution id="8aaa05dd-96ef-4aa8-8bb2-1276cd749fbe" />
      <TestMethod codeBase="c:/users/administrator/documents/visual studio 11/Projects/FSpec/RSpecTests/bin/Debug/RSpecTests.DLL" adapterTypeName="Microsoft.VisualStudio.TestTools.TestTypes.Unit.UnitTestAdapter, Microsoft.VisualStudio.QualityTools.Tips.UnitTest.Adapter, Version=11.0.0.0, Culture=neutral, PublicKeyToken=b03f5f7f11d50a3a" className="RSpecTests.ExtensionMethodTests, RSpecTests, Version=1.0.0.0, Culture=neutral, PublicKeyToken=null" name="Test_Should_Not_Equal" />
    </UnitTest>
    <UnitTest name="Test_Object_Should_Contain_Part_Of_Type_Name" storage="c:\users\administrator\documents\visual studio 11\projects\fspec\rspectests\bin\debug\rspectests.dll" id="8f82bdc3-cac2-9781-e4a0-55e570453282">
      <Execution id="d6cfdcb8-0497-4795-adbc-382fc73758f3" />
      <TestMethod codeBase="c:/users/administrator/documents/visual studio 11/Projects/FSpec/RSpecTests/bin/Debug/RSpecTests.DLL" adapterTypeName="Microsoft.VisualStudio.TestTools.TestTypes.Unit.UnitTestAdapter, Microsoft.VisualStudio.QualityTools.Tips.UnitTest.Adapter, Version=11.0.0.0, Culture=neutral, PublicKeyToken=b03f5f7f11d50a3a" className="RSpecTests.ExtensionMethodTests, RSpecTests, Version=1.0.0.0, Culture=neutral, PublicKeyToken=null" name="Test_Object_Should_Contain_Part_Of_Type_Name" />
    </UnitTest>
    <UnitTest name="Test_Should_Be_Same_As" storage="c:\users\administrator\documents\visual studio 11\projects\fspec\rspectests\bin\debug\rspectests.dll" id="243cb67c-56f8-f429-da03-eef863a76d1d">
      <Execution id="1f288b46-82c1-4321-81aa-ca2221068d18" />
      <TestMethod codeBase="c:/users/administrator/documents/visual studio 11/Projects/FSpec/RSpecTests/bin/Debug/RSpecTests.DLL" adapterTypeName="Microsoft.VisualStudio.TestTools.TestTypes.Unit.UnitTestAdapter, Microsoft.VisualStudio.QualityTools.Tips.UnitTest.Adapter, Version=11.0.0.0, Culture=neutral, PublicKeyToken=b03f5f7f11d50a3a" className="RSpecTests.ExtensionMethodTests, RSpecTests, Version=1.0.0.0, Culture=neutral, PublicKeyToken=null" name="Test_Should_Be_Same_As" />
    </UnitTest>
    <UnitTest name="Test_Call_Describe_Function" storage="c:\users\administrator\documents\visual studio 11\projects\fspec\rspectests\bin\debug\rspectests.dll" id="26c9aa54-b9e4-a381-68e4-c33eb62f1a3c">
      <Execution id="d85c7f63-39f3-476b-82eb-2d079d4b8a3c" />
      <TestMethod codeBase="c:/users/administrator/documents/visual studio 11/Projects/FSpec/RSpecTests/bin/Debug/RSpecTests.DLL" adapterTypeName="Microsoft.VisualStudio.TestTools.TestTypes.Unit.UnitTestAdapter, Microsoft.VisualStudio.QualityTools.Tips.UnitTest.Adapter, Version=11.0.0.0, Culture=neutral, PublicKeyToken=b03f5f7f11d50a3a" className="RSpecTests.UnitTest1, RSpecTests, Version=1.0.0.0, Culture=neutral, PublicKeyToken=null" name="Test_Call_Describe_Function" />
    </UnitTest>
    <UnitTest name="Test_Should_Equal" storage="c:\users\administrator\documents\visual studio 11\projects\fspec\rspectests\bin\debug\rspectests.dll" id="e88c4f6b-aafa-656f-6416-616440cabe1f">
      <Execution id="a6f1bcbe-0a93-4cce-acc6-da8239609c17" />
      <TestMethod codeBase="c:/users/administrator/documents/visual studio 11/Projects/FSpec/RSpecTests/bin/Debug/RSpecTests.DLL" adapterTypeName="Microsoft.VisualStudio.TestTools.TestTypes.Unit.UnitTestAdapter, Microsoft.VisualStudio.QualityTools.Tips.UnitTest.Adapter, Version=11.0.0.0, Culture=neutral, PublicKeyToken=b03f5f7f11d50a3a" className="RSpecTests.ExtensionMethodTests, RSpecTests, Version=1.0.0.0, Culture=neutral, PublicKeyToken=null" name="Test_Should_Equal" />
    </UnitTest>
  </TestDefinitions>
  <TestLists>
    <TestList name="Results Not in a List" id="8c84fa94-04c1-424b-9868-57a2d4851a1d" />
    <TestList name="All Loaded Results" id="19431567-8539-422a-85d7-44ee4e166bda" />
  </TestLists>
  <TestEntries>
    <TestEntry testId="26c9aa54-b9e4-a381-68e4-c33eb62f1a3c" executionId="d85c7f63-39f3-476b-82eb-2d079d4b8a3c" testListId="8c84fa94-04c1-424b-9868-57a2d4851a1d" />
    <TestEntry testId="469a65ef-14f5-0d10-f349-effc0fc87b4b" executionId="a9e29735-7ddd-465e-bb67-64c6d2716353" testListId="8c84fa94-04c1-424b-9868-57a2d4851a1d" />
    <TestEntry testId="e88c4f6b-aafa-656f-6416-616440cabe1f" executionId="a6f1bcbe-0a93-4cce-acc6-da8239609c17" testListId="8c84fa94-04c1-424b-9868-57a2d4851a1d" />
    <TestEntry testId="3e244c26-eb92-5d6d-523e-ad1fc998f638" executionId="8aaa05dd-96ef-4aa8-8bb2-1276cd749fbe" testListId="8c84fa94-04c1-424b-9868-57a2d4851a1d" />
    <TestEntry testId="243cb67c-56f8-f429-da03-eef863a76d1d" executionId="1f288b46-82c1-4321-81aa-ca2221068d18" testListId="8c84fa94-04c1-424b-9868-57a2d4851a1d" />
    <TestEntry testId="e7891a62-c931-869e-f5d9-d202648cbfb0" executionId="0b513b61-c71c-41d3-8f87-ac5bec765984" testListId="8c84fa94-04c1-424b-9868-57a2d4851a1d" />
    <TestEntry testId="8f82bdc3-cac2-9781-e4a0-55e570453282" executionId="d6cfdcb8-0497-4795-adbc-382fc73758f3" testListId="8c84fa94-04c1-424b-9868-57a2d4851a1d" />
    <TestEntry testId="759ca9fa-f580-94f6-f437-889bca07e76a" executionId="1204a001-9e9e-430e-818b-c2d658ab08fe" testListId="8c84fa94-04c1-424b-9868-57a2d4851a1d" />
  </TestEntries>
  <Results>
    <UnitTestResult executionId="d85c7f63-39f3-476b-82eb-2d079d4b8a3c" testId="26c9aa54-b9e4-a381-68e4-c33eb62f1a3c" testName="Test_Call_Describe_Function" computerName="KHAN" duration="00:00:00.0208909" startTime="2011-12-09T19:02:06.0270880+05:00" endTime="2011-12-09T19:02:06.4634800+05:00" testType="13cdc9d9-ddb5-4fa4-a97d-d965ccfc6d4b" outcome="Passed" testListId="8c84fa94-04c1-424b-9868-57a2d4851a1d" relativeResultsDirectory="d85c7f63-39f3-476b-82eb-2d079d4b8a3c">
      <Output>
        <StdOut>test message for describe</StdOut>
      </Output>
    </UnitTestResult>
    <UnitTestResult executionId="a9e29735-7ddd-465e-bb67-64c6d2716353" testId="469a65ef-14f5-0d10-f349-effc0fc87b4b" testName="Test_Create_Description" computerName="KHAN" duration="00:00:00.0006880" startTime="2011-12-09T19:02:06.5547712+05:00" endTime="2011-12-09T19:02:06.5668096+05:00" testType="13cdc9d9-ddb5-4fa4-a97d-d965ccfc6d4b" outcome="Passed" testListId="8c84fa94-04c1-424b-9868-57a2d4851a1d" relativeResultsDirectory="a9e29735-7ddd-465e-bb67-64c6d2716353">
    </UnitTestResult>
    <UnitTestResult executionId="a6f1bcbe-0a93-4cce-acc6-da8239609c17" testId="e88c4f6b-aafa-656f-6416-616440cabe1f" testName="Test_Should_Equal" computerName="KHAN" duration="00:00:00.0006383" startTime="2011-12-09T19:02:06.5878768+05:00" endTime="2011-12-09T19:02:06.5959024+05:00" testType="13cdc9d9-ddb5-4fa4-a97d-d965ccfc6d4b" outcome="Passed" testListId="8c84fa94-04c1-424b-9868-57a2d4851a1d" relativeResultsDirectory="a6f1bcbe-0a93-4cce-acc6-da8239609c17">
    </UnitTestResult>
    <UnitTestResult executionId="8aaa05dd-96ef-4aa8-8bb2-1276cd749fbe" testId="3e244c26-eb92-5d6d-523e-ad1fc998f638" testName="Test_Should_Not_Equal" computerName="KHAN" duration="00:00:00.0006777" startTime="2011-12-09T19:02:06.6119536+05:00" endTime="2011-12-09T19:02:06.6199792+05:00" testType="13cdc9d9-ddb5-4fa4-a97d-d965ccfc6d4b" outcome="Passed" testListId="8c84fa94-04c1-424b-9868-57a2d4851a1d" relativeResultsDirectory="8aaa05dd-96ef-4aa8-8bb2-1276cd749fbe">
    </UnitTestResult>
    <UnitTestResult executionId="1f288b46-82c1-4321-81aa-ca2221068d18" testId="243cb67c-56f8-f429-da03-eef863a76d1d" testName="Test_Should_Be_Same_As" computerName="KHAN" duration="00:00:00.0003930" startTime="2011-12-09T19:02:06.6400432+05:00" endTime="2011-12-09T19:02:06.6470656+05:00" testType="13cdc9d9-ddb5-4fa4-a97d-d965ccfc6d4b" outcome="Passed" testListId="8c84fa94-04c1-424b-9868-57a2d4851a1d" relativeResultsDirectory="1f288b46-82c1-4321-81aa-ca2221068d18">
    </UnitTestResult>
    <UnitTestResult executionId="0b513b61-c71c-41d3-8f87-ac5bec765984" testId="e7891a62-c931-869e-f5d9-d202648cbfb0" testName="Test_Should_Not_Be_Same_As" computerName="KHAN" duration="00:00:00.0003380" startTime="2011-12-09T19:02:06.6621136+05:00" endTime="2011-12-09T19:02:06.6691360+05:00" testType="13cdc9d9-ddb5-4fa4-a97d-d965ccfc6d4b" outcome="Passed" testListId="8c84fa94-04c1-424b-9868-57a2d4851a1d" relativeResultsDirectory="0b513b61-c71c-41d3-8f87-ac5bec765984">
    </UnitTestResult>
    <UnitTestResult executionId="d6cfdcb8-0497-4795-adbc-382fc73758f3" testId="8f82bdc3-cac2-9781-e4a0-55e570453282" testName="Test_Object_Should_Contain_Part_Of_Type_Name" computerName="KHAN" duration="00:00:00.0009121" startTime="2011-12-09T19:02:06.6811744+05:00" endTime="2011-12-09T19:02:06.6902032+05:00" testType="13cdc9d9-ddb5-4fa4-a97d-d965ccfc6d4b" outcome="Passed" testListId="8c84fa94-04c1-424b-9868-57a2d4851a1d" relativeResultsDirectory="d6cfdcb8-0497-4795-adbc-382fc73758f3">
    </UnitTestResult>
    <UnitTestResult executionId="1204a001-9e9e-430e-818b-c2d658ab08fe" testId="759ca9fa-f580-94f6-f437-889bca07e76a" testName="Test_Object_Should_Not_Contain_Arbitrary_String" computerName="KHAN" duration="00:00:00.0005676" startTime="2011-12-09T19:02:06.7022416+05:00" endTime="2011-12-09T19:02:06.7092640+05:00" testType="13cdc9d9-ddb5-4fa4-a97d-d965ccfc6d4b" outcome="Passed" testListId="8c84fa94-04c1-424b-9868-57a2d4851a1d" relativeResultsDirectory="1204a001-9e9e-430e-818b-c2d658ab08fe">
    </UnitTestResult>
  </Results>
</TestRun>