<?xml version="1.0" encoding="UTF-8"?>
<TestRun id="76118282-efe0-4f1f-9b94-7ca816a56a3a" name="Administrator@KHAN 2011-12-09 17:59:18" runUser="KHAN\Administrator" xmlns="http://microsoft.com/schemas/VisualStudio/TeamTest/2010">
  <TestSettings name="Local" id="3f9343ec-71cd-41eb-8775-df45134009b0">
    <Description>These are default test settings for a local test run.</Description>
    <Deployment enabled="false" runDeploymentRoot="Administrator_KHAN 2011-12-09 17_59_18">
      <DeploymentItem filename="C:\Users\Administrator\documents\visual studio 11\Projects\FSpec\FSpec\bin\Debug\FSpec.dll" />
    </Deployment>
    <Execution>
      <TestTypeSpecific />
      <AgentRule name="Execution Agents">
      </AgentRule>
    </Execution>
  </TestSettings>
  <Times creation="2011-12-09T17:59:18.8214704+01:00" queuing="2011-12-09T17:59:20.5539616+01:00" start="2011-12-09T17:59:20.8243504+01:00" finish="2011-12-09T17:59:22.0360928+01:00" />
  <ResultSummary outcome="Completed">
    <Counters total="16" executed="16" passed="16" error="0" failed="0" timeout="0" aborted="0" inconclusive="0" passedButRunAborted="0" notRunnable="0" notExecuted="0" disconnected="0" warning="0" completed="0" inProgress="0" pending="0" />
  </ResultSummary>
  <TestDefinitions>
    <UnitTest name="Test_Create_Description" storage="c:\users\administrator\documents\visual studio 11\projects\fspec\rspectests\bin\debug\rspectests.dll" id="469a65ef-14f5-0d10-f349-effc0fc87b4b">
      <Execution id="28a8f34f-5b92-400e-91c2-e3be5af63a46" />
      <TestMethod codeBase="C:/Users/Administrator/documents/visual studio 11/Projects/FSpec/RSpecTests/bin/Debug/RSpecTests.DLL" adapterTypeName="Microsoft.VisualStudio.TestTools.TestTypes.Unit.UnitTestAdapter, Microsoft.VisualStudio.QualityTools.Tips.UnitTest.Adapter, Version=11.0.0.0, Culture=neutral, PublicKeyToken=b03f5f7f11d50a3a" className="RSpecTests.UnitTest1, RSpecTests, Version=1.0.0.0, Culture=neutral, PublicKeyToken=null" name="Test_Create_Description" />
    </UnitTest>
    <UnitTest name="Test_Should_Be_Same_As" storage="c:\users\administrator\documents\visual studio 11\projects\fspec\rspectests\bin\debug\rspectests.dll" id="243cb67c-56f8-f429-da03-eef863a76d1d">
      <Execution id="93fd1d8b-1285-4422-ba27-7e71e92c0750" />
      <TestMethod codeBase="C:/Users/Administrator/documents/visual studio 11/Projects/FSpec/RSpecTests/bin/Debug/RSpecTests.DLL" adapterTypeName="Microsoft.VisualStudio.TestTools.TestTypes.Unit.UnitTestAdapter, Microsoft.VisualStudio.QualityTools.Tips.UnitTest.Adapter, Version=11.0.0.0, Culture=neutral, PublicKeyToken=b03f5f7f11d50a3a" className="RSpecTests.ExtensionMethodTests, RSpecTests, Version=1.0.0.0, Culture=neutral, PublicKeyToken=null" name="Test_Should_Be_Same_As" />
    </UnitTest>
    <UnitTest name="Test_Newly_Created_System_Object_Should_Be_Empty" storage="c:\users\administrator\documents\visual studio 11\projects\fspec\rspectests\bin\debug\rspectests.dll" id="5620ef7e-a46a-ad52-5b6a-1762507d0769">
      <Execution id="8f23ebf5-29d9-4a84-9d7c-16348800fafd" />
      <TestMethod codeBase="C:/Users/Administrator/documents/visual studio 11/Projects/FSpec/RSpecTests/bin/Debug/RSpecTests.DLL" adapterTypeName="Microsoft.VisualStudio.TestTools.TestTypes.Unit.UnitTestAdapter, Microsoft.VisualStudio.QualityTools.Tips.UnitTest.Adapter, Version=11.0.0.0, Culture=neutral, PublicKeyToken=b03f5f7f11d50a3a" className="RSpecTests.ExtensionMethodTests, RSpecTests, Version=1.0.0.0, Culture=neutral, PublicKeyToken=null" name="Test_Newly_Created_System_Object_Should_Be_Empty" />
    </UnitTest>
    <UnitTest name="Test_Null_Object_Should_Be_Null" storage="c:\users\administrator\documents\visual studio 11\projects\fspec\rspectests\bin\debug\rspectests.dll" id="26c82805-1588-9abf-2a35-af9df9a6e892">
      <Execution id="d44c3f69-fb68-4874-800b-d0a8cf6d4766" />
      <TestMethod codeBase="C:/Users/Administrator/documents/visual studio 11/Projects/FSpec/RSpecTests/bin/Debug/RSpecTests.DLL" adapterTypeName="Microsoft.VisualStudio.TestTools.TestTypes.Unit.UnitTestAdapter, Microsoft.VisualStudio.QualityTools.Tips.UnitTest.Adapter, Version=11.0.0.0, Culture=neutral, PublicKeyToken=b03f5f7f11d50a3a" className="RSpecTests.ExtensionMethodTests, RSpecTests, Version=1.0.0.0, Culture=neutral, PublicKeyToken=null" name="Test_Null_Object_Should_Be_Null" />
    </UnitTest>
    <UnitTest name="Test_Newly_Created_Hashtable_Should_Be_Empty" storage="c:\users\administrator\documents\visual studio 11\projects\fspec\rspectests\bin\debug\rspectests.dll" id="5fdae88e-98a8-5eba-2046-b60a5aaefdfa">
      <Execution id="0687be6d-d75a-4e34-ac2c-2c4247d6b681" />
      <TestMethod codeBase="C:/Users/Administrator/documents/visual studio 11/Projects/FSpec/RSpecTests/bin/Debug/RSpecTests.DLL" adapterTypeName="Microsoft.VisualStudio.TestTools.TestTypes.Unit.UnitTestAdapter, Microsoft.VisualStudio.QualityTools.Tips.UnitTest.Adapter, Version=11.0.0.0, Culture=neutral, PublicKeyToken=b03f5f7f11d50a3a" className="RSpecTests.ExtensionMethodTests, RSpecTests, Version=1.0.0.0, Culture=neutral, PublicKeyToken=null" name="Test_Newly_Created_Hashtable_Should_Be_Empty" />
    </UnitTest>
    <UnitTest name="Test_Object_Should_Contain_Part_Of_Type_Name" storage="c:\users\administrator\documents\visual studio 11\projects\fspec\rspectests\bin\debug\rspectests.dll" id="8f82bdc3-cac2-9781-e4a0-55e570453282">
      <Execution id="17f8c3eb-1111-4e81-b214-6aafae3e6cc8" />
      <TestMethod codeBase="C:/Users/Administrator/documents/visual studio 11/Projects/FSpec/RSpecTests/bin/Debug/RSpecTests.DLL" adapterTypeName="Microsoft.VisualStudio.TestTools.TestTypes.Unit.UnitTestAdapter, Microsoft.VisualStudio.QualityTools.Tips.UnitTest.Adapter, Version=11.0.0.0, Culture=neutral, PublicKeyToken=b03f5f7f11d50a3a" className="RSpecTests.ExtensionMethodTests, RSpecTests, Version=1.0.0.0, Culture=neutral, PublicKeyToken=null" name="Test_Object_Should_Contain_Part_Of_Type_Name" />
    </UnitTest>
    <UnitTest name="Test_String_Should_Have_Same_Value" storage="c:\users\administrator\documents\visual studio 11\projects\fspec\rspectests\bin\debug\rspectests.dll" id="71668486-3367-180e-5cb1-fa0dbd6b4f75">
      <Execution id="71844c60-90f1-42d4-8571-4109ea8f4fee" />
      <TestMethod codeBase="C:/Users/Administrator/documents/visual studio 11/Projects/FSpec/RSpecTests/bin/Debug/RSpecTests.DLL" adapterTypeName="Microsoft.VisualStudio.TestTools.TestTypes.Unit.UnitTestAdapter, Microsoft.VisualStudio.QualityTools.Tips.UnitTest.Adapter, Version=11.0.0.0, Culture=neutral, PublicKeyToken=b03f5f7f11d50a3a" className="RSpecTests.ExtensionMethodTests, RSpecTests, Version=1.0.0.0, Culture=neutral, PublicKeyToken=null" name="Test_String_Should_Have_Same_Value" />
    </UnitTest>
    <UnitTest name="Test_Object_Should_Not_Contain_Arbitrary_String" storage="c:\users\administrator\documents\visual studio 11\projects\fspec\rspectests\bin\debug\rspectests.dll" id="759ca9fa-f580-94f6-f437-889bca07e76a">
      <Execution id="4cbc8c31-028f-4e30-8072-e642361a79fa" />
      <TestMethod codeBase="C:/Users/Administrator/documents/visual studio 11/Projects/FSpec/RSpecTests/bin/Debug/RSpecTests.DLL" adapterTypeName="Microsoft.VisualStudio.TestTools.TestTypes.Unit.UnitTestAdapter, Microsoft.VisualStudio.QualityTools.Tips.UnitTest.Adapter, Version=11.0.0.0, Culture=neutral, PublicKeyToken=b03f5f7f11d50a3a" className="RSpecTests.ExtensionMethodTests, RSpecTests, Version=1.0.0.0, Culture=neutral, PublicKeyToken=null" name="Test_Object_Should_Not_Contain_Arbitrary_String" />
    </UnitTest>
    <UnitTest name="Test_Should_Equal" storage="c:\users\administrator\documents\visual studio 11\projects\fspec\rspectests\bin\debug\rspectests.dll" id="e88c4f6b-aafa-656f-6416-616440cabe1f">
      <Execution id="fdbd3174-538b-4046-b465-208f63876bee" />
      <TestMethod codeBase="C:/Users/Administrator/documents/visual studio 11/Projects/FSpec/RSpecTests/bin/Debug/RSpecTests.DLL" adapterTypeName="Microsoft.VisualStudio.TestTools.TestTypes.Unit.UnitTestAdapter, Microsoft.VisualStudio.QualityTools.Tips.UnitTest.Adapter, Version=11.0.0.0, Culture=neutral, PublicKeyToken=b03f5f7f11d50a3a" className="RSpecTests.ExtensionMethodTests, RSpecTests, Version=1.0.0.0, Culture=neutral, PublicKeyToken=null" name="Test_Should_Equal" />
    </UnitTest>
    <UnitTest name="Test_Should_Not_Be_Same_As" storage="c:\users\administrator\documents\visual studio 11\projects\fspec\rspectests\bin\debug\rspectests.dll" id="e7891a62-c931-869e-f5d9-d202648cbfb0">
      <Execution id="d569d3cb-15bc-4e0e-8e20-938deadabb05" />
      <TestMethod codeBase="C:/Users/Administrator/documents/visual studio 11/Projects/FSpec/RSpecTests/bin/Debug/RSpecTests.DLL" adapterTypeName="Microsoft.VisualStudio.TestTools.TestTypes.Unit.UnitTestAdapter, Microsoft.VisualStudio.QualityTools.Tips.UnitTest.Adapter, Version=11.0.0.0, Culture=neutral, PublicKeyToken=b03f5f7f11d50a3a" className="RSpecTests.ExtensionMethodTests, RSpecTests, Version=1.0.0.0, Culture=neutral, PublicKeyToken=null" name="Test_Should_Not_Be_Same_As" />
    </UnitTest>
    <UnitTest name="Test_Should_Not_Equal" storage="c:\users\administrator\documents\visual studio 11\projects\fspec\rspectests\bin\debug\rspectests.dll" id="3e244c26-eb92-5d6d-523e-ad1fc998f638">
      <Execution id="48b05cfd-24be-4922-b525-7aa6a896d882" />
      <TestMethod codeBase="C:/Users/Administrator/documents/visual studio 11/Projects/FSpec/RSpecTests/bin/Debug/RSpecTests.DLL" adapterTypeName="Microsoft.VisualStudio.TestTools.TestTypes.Unit.UnitTestAdapter, Microsoft.VisualStudio.QualityTools.Tips.UnitTest.Adapter, Version=11.0.0.0, Culture=neutral, PublicKeyToken=b03f5f7f11d50a3a" className="RSpecTests.ExtensionMethodTests, RSpecTests, Version=1.0.0.0, Culture=neutral, PublicKeyToken=null" name="Test_Should_Not_Equal" />
    </UnitTest>
    <UnitTest name="Test_Call_Describe_Function" storage="c:\users\administrator\documents\visual studio 11\projects\fspec\rspectests\bin\debug\rspectests.dll" id="26c9aa54-b9e4-a381-68e4-c33eb62f1a3c">
      <Execution id="e4877f7b-e2d4-4995-9e33-af0a93e880de" />
      <TestMethod codeBase="C:/Users/Administrator/documents/visual studio 11/Projects/FSpec/RSpecTests/bin/Debug/RSpecTests.DLL" adapterTypeName="Microsoft.VisualStudio.TestTools.TestTypes.Unit.UnitTestAdapter, Microsoft.VisualStudio.QualityTools.Tips.UnitTest.Adapter, Version=11.0.0.0, Culture=neutral, PublicKeyToken=b03f5f7f11d50a3a" className="RSpecTests.UnitTest1, RSpecTests, Version=1.0.0.0, Culture=neutral, PublicKeyToken=null" name="Test_Call_Describe_Function" />
    </UnitTest>
    <UnitTest name="Test_Objects_With_Default_ToString_Implementation_Should_Have_Same_Value" storage="c:\users\administrator\documents\visual studio 11\projects\fspec\rspectests\bin\debug\rspectests.dll" id="d1692feb-7127-d6f4-315d-7bedaad6dac5">
      <Execution id="469fe986-dbdb-41ed-ab71-a09a176a2527" />
      <TestMethod codeBase="C:/Users/Administrator/documents/visual studio 11/Projects/FSpec/RSpecTests/bin/Debug/RSpecTests.DLL" adapterTypeName="Microsoft.VisualStudio.TestTools.TestTypes.Unit.UnitTestAdapter, Microsoft.VisualStudio.QualityTools.Tips.UnitTest.Adapter, Version=11.0.0.0, Culture=neutral, PublicKeyToken=b03f5f7f11d50a3a" className="RSpecTests.ExtensionMethodTests, RSpecTests, Version=1.0.0.0, Culture=neutral, PublicKeyToken=null" name="Test_Objects_With_Default_ToString_Implementation_Should_Have_Same_Value" />
    </UnitTest>
    <UnitTest name="Test_Not_Null_Object_Should_Not_Be_Null" storage="c:\users\administrator\documents\visual studio 11\projects\fspec\rspectests\bin\debug\rspectests.dll" id="e5915a06-ddfe-aae0-42db-11166798a209">
      <Execution id="79af65b5-5643-4178-b1a8-f741bf115b7b" />
      <TestMethod codeBase="C:/Users/Administrator/documents/visual studio 11/Projects/FSpec/RSpecTests/bin/Debug/RSpecTests.DLL" adapterTypeName="Microsoft.VisualStudio.TestTools.TestTypes.Unit.UnitTestAdapter, Microsoft.VisualStudio.QualityTools.Tips.UnitTest.Adapter, Version=11.0.0.0, Culture=neutral, PublicKeyToken=b03f5f7f11d50a3a" className="RSpecTests.ExtensionMethodTests, RSpecTests, Version=1.0.0.0, Culture=neutral, PublicKeyToken=null" name="Test_Not_Null_Object_Should_Not_Be_Null" />
    </UnitTest>
    <UnitTest name="Test_Newly_Created_Empty_String_Should_Be_Empty" storage="c:\users\administrator\documents\visual studio 11\projects\fspec\rspectests\bin\debug\rspectests.dll" id="4262f8c9-55c6-5505-ea50-583e638bd77f">
      <Execution id="155a0dcd-215b-4267-a46c-bd8f105f9aed" />
      <TestMethod codeBase="C:/Users/Administrator/documents/visual studio 11/Projects/FSpec/RSpecTests/bin/Debug/RSpecTests.DLL" adapterTypeName="Microsoft.VisualStudio.TestTools.TestTypes.Unit.UnitTestAdapter, Microsoft.VisualStudio.QualityTools.Tips.UnitTest.Adapter, Version=11.0.0.0, Culture=neutral, PublicKeyToken=b03f5f7f11d50a3a" className="RSpecTests.ExtensionMethodTests, RSpecTests, Version=1.0.0.0, Culture=neutral, PublicKeyToken=null" name="Test_Newly_Created_Empty_String_Should_Be_Empty" />
    </UnitTest>
    <UnitTest name="Test_String_With_Value_Should_Not_Be_Empty" storage="c:\users\administrator\documents\visual studio 11\projects\fspec\rspectests\bin\debug\rspectests.dll" id="39f4cdc7-64c2-62bc-f366-bb5ca857cff9">
      <Execution id="63909f65-fcac-4fab-a559-e81186f7b556" />
      <TestMethod codeBase="C:/Users/Administrator/documents/visual studio 11/Projects/FSpec/RSpecTests/bin/Debug/RSpecTests.DLL" adapterTypeName="Microsoft.VisualStudio.TestTools.TestTypes.Unit.UnitTestAdapter, Microsoft.VisualStudio.QualityTools.Tips.UnitTest.Adapter, Version=11.0.0.0, Culture=neutral, PublicKeyToken=b03f5f7f11d50a3a" className="RSpecTests.ExtensionMethodTests, RSpecTests, Version=1.0.0.0, Culture=neutral, PublicKeyToken=null" name="Test_String_With_Value_Should_Not_Be_Empty" />
    </UnitTest>
  </TestDefinitions>
  <TestLists>
    <TestList name="Results Not in a List" id="8c84fa94-04c1-424b-9868-57a2d4851a1d" />
    <TestList name="All Loaded Results" id="19431567-8539-422a-85d7-44ee4e166bda" />
  </TestLists>
  <TestEntries>
    <TestEntry testId="e88c4f6b-aafa-656f-6416-616440cabe1f" executionId="fdbd3174-538b-4046-b465-208f63876bee" testListId="8c84fa94-04c1-424b-9868-57a2d4851a1d" />
    <TestEntry testId="3e244c26-eb92-5d6d-523e-ad1fc998f638" executionId="48b05cfd-24be-4922-b525-7aa6a896d882" testListId="8c84fa94-04c1-424b-9868-57a2d4851a1d" />
    <TestEntry testId="243cb67c-56f8-f429-da03-eef863a76d1d" executionId="93fd1d8b-1285-4422-ba27-7e71e92c0750" testListId="8c84fa94-04c1-424b-9868-57a2d4851a1d" />
    <TestEntry testId="e7891a62-c931-869e-f5d9-d202648cbfb0" executionId="d569d3cb-15bc-4e0e-8e20-938deadabb05" testListId="8c84fa94-04c1-424b-9868-57a2d4851a1d" />
    <TestEntry testId="8f82bdc3-cac2-9781-e4a0-55e570453282" executionId="17f8c3eb-1111-4e81-b214-6aafae3e6cc8" testListId="8c84fa94-04c1-424b-9868-57a2d4851a1d" />
    <TestEntry testId="759ca9fa-f580-94f6-f437-889bca07e76a" executionId="4cbc8c31-028f-4e30-8072-e642361a79fa" testListId="8c84fa94-04c1-424b-9868-57a2d4851a1d" />
    <TestEntry testId="d1692feb-7127-d6f4-315d-7bedaad6dac5" executionId="469fe986-dbdb-41ed-ab71-a09a176a2527" testListId="8c84fa94-04c1-424b-9868-57a2d4851a1d" />
    <TestEntry testId="71668486-3367-180e-5cb1-fa0dbd6b4f75" executionId="71844c60-90f1-42d4-8571-4109ea8f4fee" testListId="8c84fa94-04c1-424b-9868-57a2d4851a1d" />
    <TestEntry testId="26c82805-1588-9abf-2a35-af9df9a6e892" executionId="d44c3f69-fb68-4874-800b-d0a8cf6d4766" testListId="8c84fa94-04c1-424b-9868-57a2d4851a1d" />
    <TestEntry testId="26c9aa54-b9e4-a381-68e4-c33eb62f1a3c" executionId="e4877f7b-e2d4-4995-9e33-af0a93e880de" testListId="8c84fa94-04c1-424b-9868-57a2d4851a1d" />
    <TestEntry testId="469a65ef-14f5-0d10-f349-effc0fc87b4b" executionId="28a8f34f-5b92-400e-91c2-e3be5af63a46" testListId="8c84fa94-04c1-424b-9868-57a2d4851a1d" />
    <TestEntry testId="e5915a06-ddfe-aae0-42db-11166798a209" executionId="79af65b5-5643-4178-b1a8-f741bf115b7b" testListId="8c84fa94-04c1-424b-9868-57a2d4851a1d" />
    <TestEntry testId="5fdae88e-98a8-5eba-2046-b60a5aaefdfa" executionId="0687be6d-d75a-4e34-ac2c-2c4247d6b681" testListId="8c84fa94-04c1-424b-9868-57a2d4851a1d" />
    <TestEntry testId="5620ef7e-a46a-ad52-5b6a-1762507d0769" executionId="8f23ebf5-29d9-4a84-9d7c-16348800fafd" testListId="8c84fa94-04c1-424b-9868-57a2d4851a1d" />
    <TestEntry testId="4262f8c9-55c6-5505-ea50-583e638bd77f" executionId="155a0dcd-215b-4267-a46c-bd8f105f9aed" testListId="8c84fa94-04c1-424b-9868-57a2d4851a1d" />
    <TestEntry testId="39f4cdc7-64c2-62bc-f366-bb5ca857cff9" executionId="63909f65-fcac-4fab-a559-e81186f7b556" testListId="8c84fa94-04c1-424b-9868-57a2d4851a1d" />
  </TestEntries>
  <Results>
    <UnitTestResult executionId="fdbd3174-538b-4046-b465-208f63876bee" testId="e88c4f6b-aafa-656f-6416-616440cabe1f" testName="Test_Should_Equal" computerName="KHAN" duration="00:00:00.0200938" startTime="2011-12-09T17:59:20.9345088+01:00" endTime="2011-12-09T17:59:21.2950272+01:00" testType="13cdc9d9-ddb5-4fa4-a97d-d965ccfc6d4b" outcome="Passed" testListId="8c84fa94-04c1-424b-9868-57a2d4851a1d" relativeResultsDirectory="fdbd3174-538b-4046-b465-208f63876bee">
    </UnitTestResult>
    <UnitTestResult executionId="48b05cfd-24be-4922-b525-7aa6a896d882" testId="3e244c26-eb92-5d6d-523e-ad1fc998f638" testName="Test_Should_Not_Equal" computerName="KHAN" duration="00:00:00.0003547" startTime="2011-12-09T17:59:21.3150560+01:00" endTime="2011-12-09T17:59:21.3250704+01:00" testType="13cdc9d9-ddb5-4fa4-a97d-d965ccfc6d4b" outcome="Passed" testListId="8c84fa94-04c1-424b-9868-57a2d4851a1d" relativeResultsDirectory="48b05cfd-24be-4922-b525-7aa6a896d882">
    </UnitTestResult>
    <UnitTestResult executionId="93fd1d8b-1285-4422-ba27-7e71e92c0750" testId="243cb67c-56f8-f429-da03-eef863a76d1d" testName="Test_Should_Be_Same_As" computerName="KHAN" duration="00:00:00.0003547" startTime="2011-12-09T17:59:21.3350848+01:00" endTime="2011-12-09T17:59:21.3450992+01:00" testType="13cdc9d9-ddb5-4fa4-a97d-d965ccfc6d4b" outcome="Passed" testListId="8c84fa94-04c1-424b-9868-57a2d4851a1d" relativeResultsDirectory="93fd1d8b-1285-4422-ba27-7e71e92c0750">
    </UnitTestResult>
    <UnitTestResult executionId="d569d3cb-15bc-4e0e-8e20-938deadabb05" testId="e7891a62-c931-869e-f5d9-d202648cbfb0" testName="Test_Should_Not_Be_Same_As" computerName="KHAN" duration="00:00:00.0003564" startTime="2011-12-09T17:59:21.3551136+01:00" endTime="2011-12-09T17:59:21.3651280+01:00" testType="13cdc9d9-ddb5-4fa4-a97d-d965ccfc6d4b" outcome="Passed" testListId="8c84fa94-04c1-424b-9868-57a2d4851a1d" relativeResultsDirectory="d569d3cb-15bc-4e0e-8e20-938deadabb05">
    </UnitTestResult>
    <UnitTestResult executionId="17f8c3eb-1111-4e81-b214-6aafae3e6cc8" testId="8f82bdc3-cac2-9781-e4a0-55e570453282" testName="Test_Object_Should_Contain_Part_Of_Type_Name" computerName="KHAN" duration="00:00:00.0004142" startTime="2011-12-09T17:59:21.3751424+01:00" endTime="2011-12-09T17:59:21.3851568+01:00" testType="13cdc9d9-ddb5-4fa4-a97d-d965ccfc6d4b" outcome="Passed" testListId="8c84fa94-04c1-424b-9868-57a2d4851a1d" relativeResultsDirectory="17f8c3eb-1111-4e81-b214-6aafae3e6cc8">
    </UnitTestResult>
    <UnitTestResult executionId="4cbc8c31-028f-4e30-8072-e642361a79fa" testId="759ca9fa-f580-94f6-f437-889bca07e76a" testName="Test_Object_Should_Not_Contain_Arbitrary_String" computerName="KHAN" duration="00:00:00.0002276" startTime="2011-12-09T17:59:21.3951712+01:00" endTime="2011-12-09T17:59:21.4051856+01:00" testType="13cdc9d9-ddb5-4fa4-a97d-d965ccfc6d4b" outcome="Passed" testListId="8c84fa94-04c1-424b-9868-57a2d4851a1d" relativeResultsDirectory="4cbc8c31-028f-4e30-8072-e642361a79fa">
    </UnitTestResult>
    <UnitTestResult executionId="469fe986-dbdb-41ed-ab71-a09a176a2527" testId="d1692feb-7127-d6f4-315d-7bedaad6dac5" testName="Test_Objects_With_Default_ToString_Implementation_Should_Have_Same_Value" computerName="KHAN" duration="00:00:00.0420388" startTime="2011-12-09T17:59:21.4152000+01:00" endTime="2011-12-09T17:59:21.4652720+01:00" testType="13cdc9d9-ddb5-4fa4-a97d-d965ccfc6d4b" outcome="Passed" testListId="8c84fa94-04c1-424b-9868-57a2d4851a1d" relativeResultsDirectory="469fe986-dbdb-41ed-ab71-a09a176a2527">
    </UnitTestResult>
    <UnitTestResult executionId="71844c60-90f1-42d4-8571-4109ea8f4fee" testId="71668486-3367-180e-5cb1-fa0dbd6b4f75" testName="Test_String_Should_Have_Same_Value" computerName="KHAN" duration="00:00:00.0002246" startTime="2011-12-09T17:59:21.5353728+01:00" endTime="2011-12-09T17:59:21.5453872+01:00" testType="13cdc9d9-ddb5-4fa4-a97d-d965ccfc6d4b" outcome="Passed" testListId="8c84fa94-04c1-424b-9868-57a2d4851a1d" relativeResultsDirectory="71844c60-90f1-42d4-8571-4109ea8f4fee">
    </UnitTestResult>
    <UnitTestResult executionId="d44c3f69-fb68-4874-800b-d0a8cf6d4766" testId="26c82805-1588-9abf-2a35-af9df9a6e892" testName="Test_Null_Object_Should_Be_Null" computerName="KHAN" duration="00:00:00.0251839" startTime="2011-12-09T17:59:21.5554016+01:00" endTime="2011-12-09T17:59:21.5854448+01:00" testType="13cdc9d9-ddb5-4fa4-a97d-d965ccfc6d4b" outcome="Passed" testListId="8c84fa94-04c1-424b-9868-57a2d4851a1d" relativeResultsDirectory="d44c3f69-fb68-4874-800b-d0a8cf6d4766">
    </UnitTestResult>
    <UnitTestResult executionId="e4877f7b-e2d4-4995-9e33-af0a93e880de" testId="26c9aa54-b9e4-a381-68e4-c33eb62f1a3c" testName="Test_Call_Describe_Function" computerName="KHAN" duration="00:00:00.0006847" startTime="2011-12-09T17:59:21.6054736+01:00" endTime="2011-12-09T17:59:21.6054736+01:00" testType="13cdc9d9-ddb5-4fa4-a97d-d965ccfc6d4b" outcome="Passed" testListId="8c84fa94-04c1-424b-9868-57a2d4851a1d" relativeResultsDirectory="e4877f7b-e2d4-4995-9e33-af0a93e880de">
      <Output>
        <StdOut>test message for describe</StdOut>
      </Output>
    </UnitTestResult>
    <UnitTestResult executionId="28a8f34f-5b92-400e-91c2-e3be5af63a46" testId="469a65ef-14f5-0d10-f349-effc0fc87b4b" testName="Test_Create_Description" computerName="KHAN" duration="00:00:00.0006352" startTime="2011-12-09T17:59:21.6255024+01:00" endTime="2011-12-09T17:59:21.6355168+01:00" testType="13cdc9d9-ddb5-4fa4-a97d-d965ccfc6d4b" outcome="Passed" testListId="8c84fa94-04c1-424b-9868-57a2d4851a1d" relativeResultsDirectory="28a8f34f-5b92-400e-91c2-e3be5af63a46">
    </UnitTestResult>
    <UnitTestResult executionId="79af65b5-5643-4178-b1a8-f741bf115b7b" testId="e5915a06-ddfe-aae0-42db-11166798a209" testName="Test_Not_Null_Object_Should_Not_Be_Null" computerName="KHAN" duration="00:00:00.0003913" startTime="2011-12-09T17:59:21.6455312+01:00" endTime="2011-12-09T17:59:21.6555456+01:00" testType="13cdc9d9-ddb5-4fa4-a97d-d965ccfc6d4b" outcome="Passed" testListId="8c84fa94-04c1-424b-9868-57a2d4851a1d" relativeResultsDirectory="79af65b5-5643-4178-b1a8-f741bf115b7b">
    </UnitTestResult>
    <UnitTestResult executionId="0687be6d-d75a-4e34-ac2c-2c4247d6b681" testId="5fdae88e-98a8-5eba-2046-b60a5aaefdfa" testName="Test_Newly_Created_Hashtable_Should_Be_Empty" computerName="KHAN" duration="00:00:00.0006861" startTime="2011-12-09T17:59:21.6655600+01:00" endTime="2011-12-09T17:59:21.6755744+01:00" testType="13cdc9d9-ddb5-4fa4-a97d-d965ccfc6d4b" outcome="Passed" testListId="8c84fa94-04c1-424b-9868-57a2d4851a1d" relativeResultsDirectory="0687be6d-d75a-4e34-ac2c-2c4247d6b681">
    </UnitTestResult>
    <UnitTestResult executionId="8f23ebf5-29d9-4a84-9d7c-16348800fafd" testId="5620ef7e-a46a-ad52-5b6a-1762507d0769" testName="Test_Newly_Created_System_Object_Should_Be_Empty" computerName="KHAN" duration="00:00:00.0002399" startTime="2011-12-09T17:59:21.6855888+01:00" endTime="2011-12-09T17:59:21.6956032+01:00" testType="13cdc9d9-ddb5-4fa4-a97d-d965ccfc6d4b" outcome="Passed" testListId="8c84fa94-04c1-424b-9868-57a2d4851a1d" relativeResultsDirectory="8f23ebf5-29d9-4a84-9d7c-16348800fafd">
    </UnitTestResult>
    <UnitTestResult executionId="155a0dcd-215b-4267-a46c-bd8f105f9aed" testId="4262f8c9-55c6-5505-ea50-583e638bd77f" testName="Test_Newly_Created_Empty_String_Should_Be_Empty" computerName="KHAN" duration="00:00:00.0002139" startTime="2011-12-09T17:59:21.7256464+01:00" endTime="2011-12-09T17:59:21.7356608+01:00" testType="13cdc9d9-ddb5-4fa4-a97d-d965ccfc6d4b" outcome="Passed" testListId="8c84fa94-04c1-424b-9868-57a2d4851a1d" relativeResultsDirectory="155a0dcd-215b-4267-a46c-bd8f105f9aed">
    </UnitTestResult>
    <UnitTestResult executionId="63909f65-fcac-4fab-a559-e81186f7b556" testId="39f4cdc7-64c2-62bc-f366-bb5ca857cff9" testName="Test_String_With_Value_Should_Not_Be_Empty" computerName="KHAN" duration="00:00:00.0001894" startTime="2011-12-09T17:59:21.7456752+01:00" endTime="2011-12-09T17:59:21.7556896+01:00" testType="13cdc9d9-ddb5-4fa4-a97d-d965ccfc6d4b" outcome="Passed" testListId="8c84fa94-04c1-424b-9868-57a2d4851a1d" relativeResultsDirectory="63909f65-fcac-4fab-a559-e81186f7b556">
    </UnitTestResult>
  </Results>
</TestRun>