<?xml version="1.0" encoding="UTF-8"?>
<TestRun id="dd43e75f-969c-4ee5-b2b8-1b6954b81c4a" name="Administrator@KHAN 2011-12-09 17:55:06" runUser="KHAN\Administrator" xmlns="http://microsoft.com/schemas/VisualStudio/TeamTest/2010">
  <TestSettings name="Local" id="3f9343ec-71cd-41eb-8775-df45134009b0">
    <Description>These are default test settings for a local test run.</Description>
    <Deployment enabled="false" runDeploymentRoot="Administrator_KHAN 2011-12-09 17_55_06">
      <DeploymentItem filename="C:\Users\Administrator\documents\visual studio 11\Projects\FSpec\FSpec\bin\Debug\FSpec.dll" />
    </Deployment>
    <Execution>
      <TestTypeSpecific />
      <AgentRule name="Execution Agents">
      </AgentRule>
    </Execution>
  </TestSettings>
  <Times creation="2011-12-09T17:55:06.2779792+01:00" queuing="2011-12-09T17:55:08.2753680+01:00" start="2011-12-09T17:55:08.4956848+01:00" finish="2011-12-09T17:56:20.2732368+01:00" />
  <ResultSummary outcome="Error">
    <Counters total="14" executed="14" passed="13" error="0" failed="0" timeout="0" aborted="1" inconclusive="0" passedButRunAborted="0" notRunnable="0" notExecuted="0" disconnected="0" warning="0" completed="0" inProgress="0" pending="0" />
    <RunInfos>
      <RunInfo computerName="KHAN" outcome="Error" timestamp="2011-12-09T17:56:20.0936640+01:00">
        <Text>Test host process exited unexpectedly.</Text>
      </RunInfo>
    </RunInfos>
  </ResultSummary>
  <TestDefinitions>
    <UnitTest name="Test_Create_Description" storage="c:\users\administrator\documents\visual studio 11\projects\fspec\rspectests\bin\debug\rspectests.dll" id="469a65ef-14f5-0d10-f349-effc0fc87b4b">
      <Execution id="004731b3-1aa6-488d-9617-75cb240566e9" />
      <TestMethod codeBase="C:/Users/Administrator/documents/visual studio 11/Projects/FSpec/RSpecTests/bin/Debug/RSpecTests.DLL" adapterTypeName="Microsoft.VisualStudio.TestTools.TestTypes.Unit.UnitTestAdapter, Microsoft.VisualStudio.QualityTools.Tips.UnitTest.Adapter, Version=11.0.0.0, Culture=neutral, PublicKeyToken=b03f5f7f11d50a3a" className="RSpecTests.UnitTest1, RSpecTests, Version=1.0.0.0, Culture=neutral, PublicKeyToken=null" name="Test_Create_Description" />
    </UnitTest>
    <UnitTest name="Test_Should_Be_Same_As" storage="c:\users\administrator\documents\visual studio 11\projects\fspec\rspectests\bin\debug\rspectests.dll" id="243cb67c-56f8-f429-da03-eef863a76d1d">
      <Execution id="c3cffccb-e993-4a4e-b125-1fd486f9860e" />
      <TestMethod codeBase="C:/Users/Administrator/documents/visual studio 11/Projects/FSpec/RSpecTests/bin/Debug/RSpecTests.DLL" adapterTypeName="Microsoft.VisualStudio.TestTools.TestTypes.Unit.UnitTestAdapter, Microsoft.VisualStudio.QualityTools.Tips.UnitTest.Adapter, Version=11.0.0.0, Culture=neutral, PublicKeyToken=b03f5f7f11d50a3a" className="RSpecTests.ExtensionMethodTests, RSpecTests, Version=1.0.0.0, Culture=neutral, PublicKeyToken=null" name="Test_Should_Be_Same_As" />
    </UnitTest>
    <UnitTest name="Test_Null_Object_Should_Be_Null" storage="c:\users\administrator\documents\visual studio 11\projects\fspec\rspectests\bin\debug\rspectests.dll" id="26c82805-1588-9abf-2a35-af9df9a6e892">
      <Execution id="f0b1df43-e79d-48b8-8ea8-3f7ebcef5909" />
      <TestMethod codeBase="C:/Users/Administrator/documents/visual studio 11/Projects/FSpec/RSpecTests/bin/Debug/RSpecTests.DLL" adapterTypeName="Microsoft.VisualStudio.TestTools.TestTypes.Unit.UnitTestAdapter, Microsoft.VisualStudio.QualityTools.Tips.UnitTest.Adapter, Version=11.0.0.0, Culture=neutral, PublicKeyToken=b03f5f7f11d50a3a" className="RSpecTests.ExtensionMethodTests, RSpecTests, Version=1.0.0.0, Culture=neutral, PublicKeyToken=null" name="Test_Null_Object_Should_Be_Null" />
    </UnitTest>
    <UnitTest name="Test_Newly_Created_Hashtable_Should_Be_Empty" storage="c:\users\administrator\documents\visual studio 11\projects\fspec\rspectests\bin\debug\rspectests.dll" id="5fdae88e-98a8-5eba-2046-b60a5aaefdfa">
      <Execution id="692b969a-2011-4ed5-98bb-9fd61aeb67dd" />
      <TestMethod codeBase="C:/Users/Administrator/documents/visual studio 11/Projects/FSpec/RSpecTests/bin/Debug/RSpecTests.DLL" adapterTypeName="Microsoft.VisualStudio.TestTools.TestTypes.Unit.UnitTestAdapter, Microsoft.VisualStudio.QualityTools.Tips.UnitTest.Adapter, Version=11.0.0.0, Culture=neutral, PublicKeyToken=b03f5f7f11d50a3a" className="RSpecTests.ExtensionMethodTests, RSpecTests, Version=1.0.0.0, Culture=neutral, PublicKeyToken=null" name="Test_Newly_Created_Hashtable_Should_Be_Empty" />
    </UnitTest>
    <UnitTest name="Test_Object_Should_Contain_Part_Of_Type_Name" storage="c:\users\administrator\documents\visual studio 11\projects\fspec\rspectests\bin\debug\rspectests.dll" id="8f82bdc3-cac2-9781-e4a0-55e570453282">
      <Execution id="190ca5f0-ca8e-47fb-b3f7-bb7eee2f122d" />
      <TestMethod codeBase="C:/Users/Administrator/documents/visual studio 11/Projects/FSpec/RSpecTests/bin/Debug/RSpecTests.DLL" adapterTypeName="Microsoft.VisualStudio.TestTools.TestTypes.Unit.UnitTestAdapter, Microsoft.VisualStudio.QualityTools.Tips.UnitTest.Adapter, Version=11.0.0.0, Culture=neutral, PublicKeyToken=b03f5f7f11d50a3a" className="RSpecTests.ExtensionMethodTests, RSpecTests, Version=1.0.0.0, Culture=neutral, PublicKeyToken=null" name="Test_Object_Should_Contain_Part_Of_Type_Name" />
    </UnitTest>
    <UnitTest name="Test_Newly_Created_SystemObject_Should_Be_Empty" storage="c:\users\administrator\documents\visual studio 11\projects\fspec\rspectests\bin\debug\rspectests.dll" id="aeb0b39a-762d-a13b-c502-11a3dcbeacd5">
      <Execution id="bce8f07b-9cc8-4441-b04a-b987213b8452" />
      <TestMethod codeBase="C:/Users/Administrator/documents/visual studio 11/Projects/FSpec/RSpecTests/bin/Debug/RSpecTests.DLL" adapterTypeName="Microsoft.VisualStudio.TestTools.TestTypes.Unit.UnitTestAdapter, Microsoft.VisualStudio.QualityTools.Tips.UnitTest.Adapter, Version=11.0.0.0, Culture=neutral, PublicKeyToken=b03f5f7f11d50a3a" className="RSpecTests.ExtensionMethodTests, RSpecTests, Version=1.0.0.0, Culture=neutral, PublicKeyToken=null" name="Test_Newly_Created_SystemObject_Should_Be_Empty" />
    </UnitTest>
    <UnitTest name="Test_String_Should_Have_Same_Value" storage="c:\users\administrator\documents\visual studio 11\projects\fspec\rspectests\bin\debug\rspectests.dll" id="71668486-3367-180e-5cb1-fa0dbd6b4f75">
      <Execution id="b9d877cb-de35-45f7-a192-1318ee9dba81" />
      <TestMethod codeBase="C:/Users/Administrator/documents/visual studio 11/Projects/FSpec/RSpecTests/bin/Debug/RSpecTests.DLL" adapterTypeName="Microsoft.VisualStudio.TestTools.TestTypes.Unit.UnitTestAdapter, Microsoft.VisualStudio.QualityTools.Tips.UnitTest.Adapter, Version=11.0.0.0, Culture=neutral, PublicKeyToken=b03f5f7f11d50a3a" className="RSpecTests.ExtensionMethodTests, RSpecTests, Version=1.0.0.0, Culture=neutral, PublicKeyToken=null" name="Test_String_Should_Have_Same_Value" />
    </UnitTest>
    <UnitTest name="Test_Object_Should_Not_Contain_Arbitrary_String" storage="c:\users\administrator\documents\visual studio 11\projects\fspec\rspectests\bin\debug\rspectests.dll" id="759ca9fa-f580-94f6-f437-889bca07e76a">
      <Execution id="6c5f1a3e-4350-4f35-80d8-0548d6085ec3" />
      <TestMethod codeBase="C:/Users/Administrator/documents/visual studio 11/Projects/FSpec/RSpecTests/bin/Debug/RSpecTests.DLL" adapterTypeName="Microsoft.VisualStudio.TestTools.TestTypes.Unit.UnitTestAdapter, Microsoft.VisualStudio.QualityTools.Tips.UnitTest.Adapter, Version=11.0.0.0, Culture=neutral, PublicKeyToken=b03f5f7f11d50a3a" className="RSpecTests.ExtensionMethodTests, RSpecTests, Version=1.0.0.0, Culture=neutral, PublicKeyToken=null" name="Test_Object_Should_Not_Contain_Arbitrary_String" />
    </UnitTest>
    <UnitTest name="Test_Should_Equal" storage="c:\users\administrator\documents\visual studio 11\projects\fspec\rspectests\bin\debug\rspectests.dll" id="e88c4f6b-aafa-656f-6416-616440cabe1f">
      <Execution id="b673d6d7-8b00-40e2-86cc-dcea8c281d04" />
      <TestMethod codeBase="C:/Users/Administrator/documents/visual studio 11/Projects/FSpec/RSpecTests/bin/Debug/RSpecTests.DLL" adapterTypeName="Microsoft.VisualStudio.TestTools.TestTypes.Unit.UnitTestAdapter, Microsoft.VisualStudio.QualityTools.Tips.UnitTest.Adapter, Version=11.0.0.0, Culture=neutral, PublicKeyToken=b03f5f7f11d50a3a" className="RSpecTests.ExtensionMethodTests, RSpecTests, Version=1.0.0.0, Culture=neutral, PublicKeyToken=null" name="Test_Should_Equal" />
    </UnitTest>
    <UnitTest name="Test_Should_Not_Be_Same_As" storage="c:\users\administrator\documents\visual studio 11\projects\fspec\rspectests\bin\debug\rspectests.dll" id="e7891a62-c931-869e-f5d9-d202648cbfb0">
      <Execution id="1b651da5-38f7-4719-a3f9-f56998e731d2" />
      <TestMethod codeBase="C:/Users/Administrator/documents/visual studio 11/Projects/FSpec/RSpecTests/bin/Debug/RSpecTests.DLL" adapterTypeName="Microsoft.VisualStudio.TestTools.TestTypes.Unit.UnitTestAdapter, Microsoft.VisualStudio.QualityTools.Tips.UnitTest.Adapter, Version=11.0.0.0, Culture=neutral, PublicKeyToken=b03f5f7f11d50a3a" className="RSpecTests.ExtensionMethodTests, RSpecTests, Version=1.0.0.0, Culture=neutral, PublicKeyToken=null" name="Test_Should_Not_Be_Same_As" />
    </UnitTest>
    <UnitTest name="Test_Should_Not_Equal" storage="c:\users\administrator\documents\visual studio 11\projects\fspec\rspectests\bin\debug\rspectests.dll" id="3e244c26-eb92-5d6d-523e-ad1fc998f638">
      <Execution id="f864762b-6a42-4aa7-8a99-ca6ec1a0e3a1" />
      <TestMethod codeBase="C:/Users/Administrator/documents/visual studio 11/Projects/FSpec/RSpecTests/bin/Debug/RSpecTests.DLL" adapterTypeName="Microsoft.VisualStudio.TestTools.TestTypes.Unit.UnitTestAdapter, Microsoft.VisualStudio.QualityTools.Tips.UnitTest.Adapter, Version=11.0.0.0, Culture=neutral, PublicKeyToken=b03f5f7f11d50a3a" className="RSpecTests.ExtensionMethodTests, RSpecTests, Version=1.0.0.0, Culture=neutral, PublicKeyToken=null" name="Test_Should_Not_Equal" />
    </UnitTest>
    <UnitTest name="Test_Call_Describe_Function" storage="c:\users\administrator\documents\visual studio 11\projects\fspec\rspectests\bin\debug\rspectests.dll" id="26c9aa54-b9e4-a381-68e4-c33eb62f1a3c">
      <Execution id="8e8e88de-0729-422e-8b99-466e019cd12a" />
      <TestMethod codeBase="C:/Users/Administrator/documents/visual studio 11/Projects/FSpec/RSpecTests/bin/Debug/RSpecTests.DLL" adapterTypeName="Microsoft.VisualStudio.TestTools.TestTypes.Unit.UnitTestAdapter, Microsoft.VisualStudio.QualityTools.Tips.UnitTest.Adapter, Version=11.0.0.0, Culture=neutral, PublicKeyToken=b03f5f7f11d50a3a" className="RSpecTests.UnitTest1, RSpecTests, Version=1.0.0.0, Culture=neutral, PublicKeyToken=null" name="Test_Call_Describe_Function" />
    </UnitTest>
    <UnitTest name="Test_Objects_With_Default_ToString_Implementation_Should_Have_Same_Value" storage="c:\users\administrator\documents\visual studio 11\projects\fspec\rspectests\bin\debug\rspectests.dll" id="d1692feb-7127-d6f4-315d-7bedaad6dac5">
      <Execution id="93fe6445-dda1-4da4-a9af-1d37e41a8435" />
      <TestMethod codeBase="C:/Users/Administrator/documents/visual studio 11/Projects/FSpec/RSpecTests/bin/Debug/RSpecTests.DLL" adapterTypeName="Microsoft.VisualStudio.TestTools.TestTypes.Unit.UnitTestAdapter, Microsoft.VisualStudio.QualityTools.Tips.UnitTest.Adapter, Version=11.0.0.0, Culture=neutral, PublicKeyToken=b03f5f7f11d50a3a" className="RSpecTests.ExtensionMethodTests, RSpecTests, Version=1.0.0.0, Culture=neutral, PublicKeyToken=null" name="Test_Objects_With_Default_ToString_Implementation_Should_Have_Same_Value" />
    </UnitTest>
    <UnitTest name="Test_Not_Null_Object_Should_Not_Be_Null" storage="c:\users\administrator\documents\visual studio 11\projects\fspec\rspectests\bin\debug\rspectests.dll" id="e5915a06-ddfe-aae0-42db-11166798a209">
      <Execution id="7b5d26e9-6aee-4dd6-99ab-df281aff7889" />
      <TestMethod codeBase="C:/Users/Administrator/documents/visual studio 11/Projects/FSpec/RSpecTests/bin/Debug/RSpecTests.DLL" adapterTypeName="Microsoft.VisualStudio.TestTools.TestTypes.Unit.UnitTestAdapter, Microsoft.VisualStudio.QualityTools.Tips.UnitTest.Adapter, Version=11.0.0.0, Culture=neutral, PublicKeyToken=b03f5f7f11d50a3a" className="RSpecTests.ExtensionMethodTests, RSpecTests, Version=1.0.0.0, Culture=neutral, PublicKeyToken=null" name="Test_Not_Null_Object_Should_Not_Be_Null" />
    </UnitTest>
  </TestDefinitions>
  <TestLists>
    <TestList name="Results Not in a List" id="8c84fa94-04c1-424b-9868-57a2d4851a1d" />
    <TestList name="All Loaded Results" id="19431567-8539-422a-85d7-44ee4e166bda" />
  </TestLists>
  <TestEntries>
    <TestEntry testId="e88c4f6b-aafa-656f-6416-616440cabe1f" executionId="b673d6d7-8b00-40e2-86cc-dcea8c281d04" testListId="8c84fa94-04c1-424b-9868-57a2d4851a1d" />
    <TestEntry testId="3e244c26-eb92-5d6d-523e-ad1fc998f638" executionId="f864762b-6a42-4aa7-8a99-ca6ec1a0e3a1" testListId="8c84fa94-04c1-424b-9868-57a2d4851a1d" />
    <TestEntry testId="243cb67c-56f8-f429-da03-eef863a76d1d" executionId="c3cffccb-e993-4a4e-b125-1fd486f9860e" testListId="8c84fa94-04c1-424b-9868-57a2d4851a1d" />
    <TestEntry testId="e7891a62-c931-869e-f5d9-d202648cbfb0" executionId="1b651da5-38f7-4719-a3f9-f56998e731d2" testListId="8c84fa94-04c1-424b-9868-57a2d4851a1d" />
    <TestEntry testId="8f82bdc3-cac2-9781-e4a0-55e570453282" executionId="190ca5f0-ca8e-47fb-b3f7-bb7eee2f122d" testListId="8c84fa94-04c1-424b-9868-57a2d4851a1d" />
    <TestEntry testId="759ca9fa-f580-94f6-f437-889bca07e76a" executionId="6c5f1a3e-4350-4f35-80d8-0548d6085ec3" testListId="8c84fa94-04c1-424b-9868-57a2d4851a1d" />
    <TestEntry testId="d1692feb-7127-d6f4-315d-7bedaad6dac5" executionId="93fe6445-dda1-4da4-a9af-1d37e41a8435" testListId="8c84fa94-04c1-424b-9868-57a2d4851a1d" />
    <TestEntry testId="71668486-3367-180e-5cb1-fa0dbd6b4f75" executionId="b9d877cb-de35-45f7-a192-1318ee9dba81" testListId="8c84fa94-04c1-424b-9868-57a2d4851a1d" />
    <TestEntry testId="26c82805-1588-9abf-2a35-af9df9a6e892" executionId="f0b1df43-e79d-48b8-8ea8-3f7ebcef5909" testListId="8c84fa94-04c1-424b-9868-57a2d4851a1d" />
    <TestEntry testId="26c9aa54-b9e4-a381-68e4-c33eb62f1a3c" executionId="8e8e88de-0729-422e-8b99-466e019cd12a" testListId="8c84fa94-04c1-424b-9868-57a2d4851a1d" />
    <TestEntry testId="469a65ef-14f5-0d10-f349-effc0fc87b4b" executionId="004731b3-1aa6-488d-9617-75cb240566e9" testListId="8c84fa94-04c1-424b-9868-57a2d4851a1d" />
    <TestEntry testId="e5915a06-ddfe-aae0-42db-11166798a209" executionId="7b5d26e9-6aee-4dd6-99ab-df281aff7889" testListId="8c84fa94-04c1-424b-9868-57a2d4851a1d" />
    <TestEntry testId="aeb0b39a-762d-a13b-c502-11a3dcbeacd5" executionId="bce8f07b-9cc8-4441-b04a-b987213b8452" testListId="8c84fa94-04c1-424b-9868-57a2d4851a1d" />
    <TestEntry testId="5fdae88e-98a8-5eba-2046-b60a5aaefdfa" executionId="692b969a-2011-4ed5-98bb-9fd61aeb67dd" testListId="8c84fa94-04c1-424b-9868-57a2d4851a1d" />
  </TestEntries>
  <Results>
    <UnitTestResult executionId="b673d6d7-8b00-40e2-86cc-dcea8c281d04" testId="e88c4f6b-aafa-656f-6416-616440cabe1f" testName="Test_Should_Equal" computerName="KHAN" duration="00:00:00.0179383" startTime="2011-12-09T17:55:08.6959728+01:00" endTime="2011-12-09T17:55:09.0765200+01:00" testType="13cdc9d9-ddb5-4fa4-a97d-d965ccfc6d4b" outcome="Passed" testListId="8c84fa94-04c1-424b-9868-57a2d4851a1d" relativeResultsDirectory="b673d6d7-8b00-40e2-86cc-dcea8c281d04">
    </UnitTestResult>
    <UnitTestResult executionId="f864762b-6a42-4aa7-8a99-ca6ec1a0e3a1" testId="3e244c26-eb92-5d6d-523e-ad1fc998f638" testName="Test_Should_Not_Equal" computerName="KHAN" duration="00:00:00.0003620" startTime="2011-12-09T17:55:09.0865344+01:00" endTime="2011-12-09T17:55:09.0965488+01:00" testType="13cdc9d9-ddb5-4fa4-a97d-d965ccfc6d4b" outcome="Passed" testListId="8c84fa94-04c1-424b-9868-57a2d4851a1d" relativeResultsDirectory="f864762b-6a42-4aa7-8a99-ca6ec1a0e3a1">
    </UnitTestResult>
    <UnitTestResult executionId="c3cffccb-e993-4a4e-b125-1fd486f9860e" testId="243cb67c-56f8-f429-da03-eef863a76d1d" testName="Test_Should_Be_Same_As" computerName="KHAN" duration="00:00:00.0014742" startTime="2011-12-09T17:55:09.1165776+01:00" endTime="2011-12-09T17:55:09.1265920+01:00" testType="13cdc9d9-ddb5-4fa4-a97d-d965ccfc6d4b" outcome="Passed" testListId="8c84fa94-04c1-424b-9868-57a2d4851a1d" relativeResultsDirectory="c3cffccb-e993-4a4e-b125-1fd486f9860e">
    </UnitTestResult>
    <UnitTestResult executionId="1b651da5-38f7-4719-a3f9-f56998e731d2" testId="e7891a62-c931-869e-f5d9-d202648cbfb0" testName="Test_Should_Not_Be_Same_As" computerName="KHAN" duration="00:00:00.0011805" startTime="2011-12-09T17:55:09.1366064+01:00" endTime="2011-12-09T17:55:09.1466208+01:00" testType="13cdc9d9-ddb5-4fa4-a97d-d965ccfc6d4b" outcome="Passed" testListId="8c84fa94-04c1-424b-9868-57a2d4851a1d" relativeResultsDirectory="1b651da5-38f7-4719-a3f9-f56998e731d2">
    </UnitTestResult>
    <UnitTestResult executionId="190ca5f0-ca8e-47fb-b3f7-bb7eee2f122d" testId="8f82bdc3-cac2-9781-e4a0-55e570453282" testName="Test_Object_Should_Contain_Part_Of_Type_Name" computerName="KHAN" duration="00:00:00.0003832" startTime="2011-12-09T17:55:09.1566352+01:00" endTime="2011-12-09T17:55:09.1566352+01:00" testType="13cdc9d9-ddb5-4fa4-a97d-d965ccfc6d4b" outcome="Passed" testListId="8c84fa94-04c1-424b-9868-57a2d4851a1d" relativeResultsDirectory="190ca5f0-ca8e-47fb-b3f7-bb7eee2f122d">
    </UnitTestResult>
    <UnitTestResult executionId="6c5f1a3e-4350-4f35-80d8-0548d6085ec3" testId="759ca9fa-f580-94f6-f437-889bca07e76a" testName="Test_Object_Should_Not_Contain_Arbitrary_String" computerName="KHAN" duration="00:00:00.0002262" startTime="2011-12-09T17:55:09.2367504+01:00" endTime="2011-12-09T17:55:09.2467648+01:00" testType="13cdc9d9-ddb5-4fa4-a97d-d965ccfc6d4b" outcome="Passed" testListId="8c84fa94-04c1-424b-9868-57a2d4851a1d" relativeResultsDirectory="6c5f1a3e-4350-4f35-80d8-0548d6085ec3">
    </UnitTestResult>
    <UnitTestResult executionId="93fe6445-dda1-4da4-a9af-1d37e41a8435" testId="d1692feb-7127-d6f4-315d-7bedaad6dac5" testName="Test_Objects_With_Default_ToString_Implementation_Should_Have_Same_Value" computerName="KHAN" duration="00:00:00.0003818" startTime="2011-12-09T17:55:09.2567792+01:00" endTime="2011-12-09T17:55:09.2667936+01:00" testType="13cdc9d9-ddb5-4fa4-a97d-d965ccfc6d4b" outcome="Passed" testListId="8c84fa94-04c1-424b-9868-57a2d4851a1d" relativeResultsDirectory="93fe6445-dda1-4da4-a9af-1d37e41a8435">
    </UnitTestResult>
    <UnitTestResult executionId="b9d877cb-de35-45f7-a192-1318ee9dba81" testId="71668486-3367-180e-5cb1-fa0dbd6b4f75" testName="Test_String_Should_Have_Same_Value" computerName="KHAN" duration="00:00:00.0002430" startTime="2011-12-09T17:55:09.2768080+01:00" endTime="2011-12-09T17:55:09.2868224+01:00" testType="13cdc9d9-ddb5-4fa4-a97d-d965ccfc6d4b" outcome="Passed" testListId="8c84fa94-04c1-424b-9868-57a2d4851a1d" relativeResultsDirectory="b9d877cb-de35-45f7-a192-1318ee9dba81">
    </UnitTestResult>
    <UnitTestResult executionId="f0b1df43-e79d-48b8-8ea8-3f7ebcef5909" testId="26c82805-1588-9abf-2a35-af9df9a6e892" testName="Test_Null_Object_Should_Be_Null" computerName="KHAN" duration="00:00:00.0262203" startTime="2011-12-09T17:55:09.2968368+01:00" endTime="2011-12-09T17:55:09.3268800+01:00" testType="13cdc9d9-ddb5-4fa4-a97d-d965ccfc6d4b" outcome="Passed" testListId="8c84fa94-04c1-424b-9868-57a2d4851a1d" relativeResultsDirectory="f0b1df43-e79d-48b8-8ea8-3f7ebcef5909">
    </UnitTestResult>
    <UnitTestResult executionId="8e8e88de-0729-422e-8b99-466e019cd12a" testId="26c9aa54-b9e4-a381-68e4-c33eb62f1a3c" testName="Test_Call_Describe_Function" computerName="KHAN" duration="00:00:00.0007629" startTime="2011-12-09T17:55:09.3469088+01:00" endTime="2011-12-09T17:55:09.3569232+01:00" testType="13cdc9d9-ddb5-4fa4-a97d-d965ccfc6d4b" outcome="Passed" testListId="8c84fa94-04c1-424b-9868-57a2d4851a1d" relativeResultsDirectory="8e8e88de-0729-422e-8b99-466e019cd12a">
      <Output>
        <StdOut>test message for describe</StdOut>
      </Output>
    </UnitTestResult>
    <UnitTestResult executionId="004731b3-1aa6-488d-9617-75cb240566e9" testId="469a65ef-14f5-0d10-f349-effc0fc87b4b" testName="Test_Create_Description" computerName="KHAN" duration="00:00:00.0006735" startTime="2011-12-09T17:55:09.3669376+01:00" endTime="2011-12-09T17:55:09.3769520+01:00" testType="13cdc9d9-ddb5-4fa4-a97d-d965ccfc6d4b" outcome="Passed" testListId="8c84fa94-04c1-424b-9868-57a2d4851a1d" relativeResultsDirectory="004731b3-1aa6-488d-9617-75cb240566e9">
    </UnitTestResult>
    <UnitTestResult executionId="7b5d26e9-6aee-4dd6-99ab-df281aff7889" testId="e5915a06-ddfe-aae0-42db-11166798a209" testName="Test_Not_Null_Object_Should_Not_Be_Null" computerName="KHAN" duration="00:00:00.0003575" startTime="2011-12-09T17:55:09.3869664+01:00" endTime="2011-12-09T17:55:09.3869664+01:00" testType="13cdc9d9-ddb5-4fa4-a97d-d965ccfc6d4b" outcome="Passed" testListId="8c84fa94-04c1-424b-9868-57a2d4851a1d" relativeResultsDirectory="7b5d26e9-6aee-4dd6-99ab-df281aff7889">
    </UnitTestResult>
    <UnitTestResult executionId="bce8f07b-9cc8-4441-b04a-b987213b8452" testId="aeb0b39a-762d-a13b-c502-11a3dcbeacd5" testName="Test_Newly_Created_SystemObject_Should_Be_Empty" computerName="KHAN" duration="00:00:00.0006037" startTime="2011-12-09T17:55:09.4069952+01:00" endTime="2011-12-09T17:55:09.4069952+01:00" testType="13cdc9d9-ddb5-4fa4-a97d-d965ccfc6d4b" outcome="Passed" testListId="8c84fa94-04c1-424b-9868-57a2d4851a1d" relativeResultsDirectory="bce8f07b-9cc8-4441-b04a-b987213b8452">
    </UnitTestResult>
    <UnitTestResult executionId="692b969a-2011-4ed5-98bb-9fd61aeb67dd" testId="5fdae88e-98a8-5eba-2046-b60a5aaefdfa" testName="Test_Newly_Created_Hashtable_Should_Be_Empty" computerName="KHAN" duration="00:01:10.8562272" startTime="2011-12-09T17:55:09.4170096+01:00" endTime="2011-12-09T17:56:20.2732368+01:00" testType="13cdc9d9-ddb5-4fa4-a97d-d965ccfc6d4b" outcome="Aborted" testListId="8c84fa94-04c1-424b-9868-57a2d4851a1d" relativeResultsDirectory="692b969a-2011-4ed5-98bb-9fd61aeb67dd">
    </UnitTestResult>
  </Results>
</TestRun>